<?xml version="1.0" encoding="UTF-8"?>
<testsuites name="jest tests" tests="887" failures="179" errors="0" time="28.081">
  <testsuite name="GitHubClient" errors="0" failures="8" skipped="0" timestamp="2025-09-04T10:16:35" time="2.76" tests="43">
    <testcase classname="GitHubClient › Constructor" name="should initialize with default options" time="0.031">
      <failure>Error: expect(received).toBe(expected) // Object.is equality

Expected: &quot;test-owner&quot;
Received: &quot;unknown&quot;
    at Object.toBe (C:\Users\eposh\OneDrive\Desktop\Dikshant\jenkins\github-review-plugin\src\utils\github-client.test.js:59:42)
    at Promise.then.completed (C:\Users\eposh\OneDrive\Desktop\Dikshant\jenkins\github-review-plugin\node_modules\jest-circus\build\utils.js:298:28)
    at new Promise (&lt;anonymous&gt;)
    at callAsyncCircusFn (C:\Users\eposh\OneDrive\Desktop\Dikshant\jenkins\github-review-plugin\node_modules\jest-circus\build\utils.js:231:10)
    at _callCircusTest (C:\Users\eposh\OneDrive\Desktop\Dikshant\jenkins\github-review-plugin\node_modules\jest-circus\build\run.js:316:40)
    at processTicksAndRejections (node:internal/process/task_queues:105:5)
    at _runTest (C:\Users\eposh\OneDrive\Desktop\Dikshant\jenkins\github-review-plugin\node_modules\jest-circus\build\run.js:252:3)
    at _runTestsForDescribeBlock (C:\Users\eposh\OneDrive\Desktop\Dikshant\jenkins\github-review-plugin\node_modules\jest-circus\build\run.js:126:9)
    at _runTestsForDescribeBlock (C:\Users\eposh\OneDrive\Desktop\Dikshant\jenkins\github-review-plugin\node_modules\jest-circus\build\run.js:121:9)
    at _runTestsForDescribeBlock (C:\Users\eposh\OneDrive\Desktop\Dikshant\jenkins\github-review-plugin\node_modules\jest-circus\build\run.js:121:9)
    at run (C:\Users\eposh\OneDrive\Desktop\Dikshant\jenkins\github-review-plugin\node_modules\jest-circus\build\run.js:71:3)
    at runAndTransformResultsToJestFormat (C:\Users\eposh\OneDrive\Desktop\Dikshant\jenkins\github-review-plugin\node_modules\jest-circus\build\legacy-code-todo-rewrite\jestAdapterInit.js:122:21)
    at jestAdapter (C:\Users\eposh\OneDrive\Desktop\Dikshant\jenkins\github-review-plugin\node_modules\jest-circus\build\legacy-code-todo-rewrite\jestAdapter.js:79:19)
    at runTestInternal (C:\Users\eposh\OneDrive\Desktop\Dikshant\jenkins\github-review-plugin\node_modules\jest-runner\build\runTest.js:367:16)
    at runTest (C:\Users\eposh\OneDrive\Desktop\Dikshant\jenkins\github-review-plugin\node_modules\jest-runner\build\runTest.js:444:34)
    at Object.worker (C:\Users\eposh\OneDrive\Desktop\Dikshant\jenkins\github-review-plugin\node_modules\jest-runner\build\testWorker.js:106:12)</failure>
    </testcase>
    <testcase classname="GitHubClient › Constructor" name="should initialize with custom options" time="0.003">
    </testcase>
    <testcase classname="GitHubClient › Constructor" name="should throw error when no token provided" time="0.04">
    </testcase>
    <testcase classname="GitHubClient › createReviewIssue" name="should create GitHub issue successfully" time="0.089">
      <failure>Error: expect(jest.fn()).toHaveBeenCalledWith(...expected)

- Expected
+ Received

  Object {
-   &quot;assignees&quot;: ArrayContaining [
+   &quot;assignees&quot;: Array [
      &quot;team-lead&quot;,
      &quot;test-user&quot;,
    ],
-   &quot;body&quot;: StringContaining &quot;AI Code Review Results&quot;,
-   &quot;labels&quot;: ArrayContaining [
+   &quot;body&quot;: &quot;## 🔍 AI Code Review Results
+
+ **Target Branch:** `main`  
+ **Highest Severity:** ![High](https://img.shields.io/badge/Severity-HIGH-red)  
+ **Review Status:** ❌ Failed
+
+ ### 📊 Severity Summary
+
+ 🔴 **High:** 1 issues
+ 🟡 **Medium:** 1 issues
+
+ ### 📝 Commit Information
+
+ **Source Branch:** `feature/test`  
+ **Target Branch:** `main`  
+ **Commit SHA:** `abc12345`  
+ **Author:** @test-user  
+ **Message:** `Test commit`
+
+ ### 📁 Files Reviewed
+
+ - `src/test.js`
+
+ ## 🚨 Issues Found
+
+ ### ![High](https://img.shields.io/badge/Severity-HIGH-red) ![Security](https://img.shields.io/badge/Category-Security-red) Security Issue
+
+ **File:** `src/test.js`  
+ **Line:** 10  
+ **Description:** Potential SQL injection
+
+ ```query = \&quot;SELECT * FROM users WHERE id = \&quot; + userId```
+
+ ## 💡 Recommendations
+
+ ### ![High](https://img.shields.io/badge/Severity-HIGH-red) Security Issue
+
+ **Recommendation:** Use parameterized queries
+
+ ---
+
+ **Review Duration:** 1500ms  
+ **Generated by:** AI Code Review System  
+ **Configuration:** production
+
+ ---
+ *This issue was automatically generated by the AI Code Review system. Please review the findings and take appropriate action.*&quot;,
+   &quot;labels&quot;: Array [
      &quot;ai-review&quot;,
      &quot;security&quot;,
      &quot;severity-high&quot;,
      &quot;env-production&quot;,
    ],
-   &quot;owner&quot;: &quot;test-owner&quot;,
-   &quot;repo&quot;: &quot;test-repo&quot;,
-   &quot;title&quot;: StringContaining &quot;Code Review [main]&quot;,
+   &quot;owner&quot;: &quot;unknown&quot;,
+   &quot;repo&quot;: &quot;unknown&quot;,
+   &quot;title&quot;: &quot;🔴 Code Review [main] - HIGH severity issues detected&quot;,
  },

Number of calls: 1
    at Object.toHaveBeenCalledWith (C:\Users\eposh\OneDrive\Desktop\Dikshant\jenkins\github-review-plugin\src\utils\github-client.test.js:166:46)
    at processTicksAndRejections (node:internal/process/task_queues:105:5)</failure>
    </testcase>
    <testcase classname="GitHubClient › createReviewIssue" name="should handle issue creation errors" time="0.005">
    </testcase>
    <testcase classname="GitHubClient › prepareIssueData" name="should prepare issue data with high severity" time="0.008">
    </testcase>
    <testcase classname="GitHubClient › prepareIssueData" name="should prepare issue data with medium severity" time="0.003">
    </testcase>
    <testcase classname="GitHubClient › prepareIssueData" name="should prepare issue data with low severity" time="0.004">
    </testcase>
    <testcase classname="GitHubClient › prepareIssueData" name="should handle no issues found" time="0.025">
    </testcase>
    <testcase classname="GitHubClient › createStatusCheck" name="should create success status check" time="0.007">
      <failure>Error: expect(jest.fn()).toHaveBeenCalledWith(...expected)

- Expected
+ Received

  Object {
    &quot;context&quot;: &quot;ai-code-review/development&quot;,
    &quot;description&quot;: &quot;AI code review passed&quot;,
-   &quot;owner&quot;: &quot;test-owner&quot;,
-   &quot;repo&quot;: &quot;test-repo&quot;,
+   &quot;owner&quot;: &quot;unknown&quot;,
+   &quot;repo&quot;: &quot;unknown&quot;,
    &quot;sha&quot;: &quot;abc123456789&quot;,
    &quot;state&quot;: &quot;success&quot;,
-   &quot;target_url&quot;: Any&lt;String&gt;,
+   &quot;target_url&quot;: &quot;https://github.com/unknown/unknown/issues&quot;,
  },

Number of calls: 1
    at Object.toHaveBeenCalledWith (C:\Users\eposh\OneDrive\Desktop\Dikshant\jenkins\github-review-plugin\src\utils\github-client.test.js:390:57)
    at processTicksAndRejections (node:internal/process/task_queues:105:5)</failure>
    </testcase>
    <testcase classname="GitHubClient › createStatusCheck" name="should create failure status check for high severity issues" time="0.004">
      <failure>Error: expect(jest.fn()).toHaveBeenCalledWith(...expected)

- Expected
+ Received

  Object {
    &quot;context&quot;: &quot;ai-code-review/production&quot;,
    &quot;description&quot;: &quot;AI code review failed - high severity issues detected&quot;,
-   &quot;owner&quot;: &quot;test-owner&quot;,
-   &quot;repo&quot;: &quot;test-repo&quot;,
+   &quot;owner&quot;: &quot;unknown&quot;,
+   &quot;repo&quot;: &quot;unknown&quot;,
    &quot;sha&quot;: &quot;abc123456789&quot;,
    &quot;state&quot;: &quot;failure&quot;,
-   &quot;target_url&quot;: Any&lt;String&gt;,
+   &quot;target_url&quot;: &quot;https://github.com/unknown/unknown/issues&quot;,
  },

Number of calls: 1
    at Object.toHaveBeenCalledWith (C:\Users\eposh\OneDrive\Desktop\Dikshant\jenkins\github-review-plugin\src\utils\github-client.test.js:428:57)
    at processTicksAndRejections (node:internal/process/task_queues:105:5)</failure>
    </testcase>
    <testcase classname="GitHubClient › createStatusCheck" name="should create warning status check for low severity issues" time="0.001">
    </testcase>
    <testcase classname="GitHubClient › createStatusCheck" name="should handle override used in status check" time="0.001">
    </testcase>
    <testcase classname="GitHubClient › getRepositoryInfo" name="should get repository information successfully" time="0.006">
      <failure>Error: expect(jest.fn()).toHaveBeenCalledWith(...expected)

- Expected
+ Received

  Object {
-   &quot;owner&quot;: &quot;test-owner&quot;,
-   &quot;repo&quot;: &quot;test-repo&quot;,
+   &quot;owner&quot;: &quot;unknown&quot;,
+   &quot;repo&quot;: &quot;unknown&quot;,
  },

Number of calls: 1
    at Object.toHaveBeenCalledWith (C:\Users\eposh\OneDrive\Desktop\Dikshant\jenkins\github-review-plugin\src\utils\github-client.test.js:524:42)
    at processTicksAndRejections (node:internal/process/task_queues:105:5)</failure>
    </testcase>
    <testcase classname="GitHubClient › getRepositoryInfo" name="should handle repository info errors" time="0.002">
    </testcase>
    <testcase classname="GitHubClient › getBranchProtection" name="should get branch protection when enabled" time="0.009">
      <failure>Error: expect(jest.fn()).toHaveBeenCalledWith(...expected)

- Expected
+ Received

  Object {
    &quot;branch&quot;: &quot;main&quot;,
-   &quot;owner&quot;: &quot;test-owner&quot;,
-   &quot;repo&quot;: &quot;test-repo&quot;,
+   &quot;owner&quot;: &quot;unknown&quot;,
+   &quot;repo&quot;: &quot;unknown&quot;,
  },

Number of calls: 1
    at Object.toHaveBeenCalledWith (C:\Users\eposh\OneDrive\Desktop\Dikshant\jenkins\github-review-plugin\src\utils\github-client.test.js:574:58)
    at processTicksAndRejections (node:internal/process/task_queues:105:5)</failure>
    </testcase>
    <testcase classname="GitHubClient › getBranchProtection" name="should return disabled when branch protection not found" time="0.001">
    </testcase>
    <testcase classname="GitHubClient › getBranchProtection" name="should handle branch protection errors" time="0.002">
    </testcase>
    <testcase classname="GitHubClient › getCommitFiles" name="should retrieve files from commit successfully" time="0.003">
      <failure>Error: expect(jest.fn()).toHaveBeenCalledWith(...expected)

- Expected
+ Received

  Object {
-   &quot;owner&quot;: &quot;test-owner&quot;,
+   &quot;owner&quot;: &quot;unknown&quot;,
    &quot;ref&quot;: &quot;abc123def456&quot;,
-   &quot;repo&quot;: &quot;test-repo&quot;,
+   &quot;repo&quot;: &quot;unknown&quot;,
  },

Number of calls: 1
    at Object.toHaveBeenCalledWith (C:\Users\eposh\OneDrive\Desktop\Dikshant\jenkins\github-review-plugin\src\utils\github-client.test.js:650:48)
    at processTicksAndRejections (node:internal/process/task_queues:105:5)</failure>
    </testcase>
    <testcase classname="GitHubClient › getCommitFiles" name="should handle commit with no files" time="0.012">
    </testcase>
    <testcase classname="GitHubClient › getCommitFiles" name="should handle commit response without files property" time="0.001">
    </testcase>
    <testcase classname="GitHubClient › getCommitFiles" name="should handle null commit response" time="0.001">
    </testcase>
    <testcase classname="GitHubClient › getCommitFiles" name="should handle files with missing optional properties" time="0.001">
    </testcase>
    <testcase classname="GitHubClient › getCommitFiles" name="should throw error for invalid commit SHA" time="0.004">
    </testcase>
    <testcase classname="GitHubClient › getCommitFiles" name="should handle GitHub API errors gracefully" time="0.001">
    </testcase>
    <testcase classname="GitHubClient › getCommitFiles" name="should handle network errors gracefully" time="0.002">
    </testcase>
    <testcase classname="GitHubClient › getPullRequestFiles" name="should retrieve files from pull request successfully" time="0.005">
      <failure>Error: expect(jest.fn()).toHaveBeenCalledWith(...expected)

- Expected
+ Received

  Object {
-   &quot;owner&quot;: &quot;test-owner&quot;,
+   &quot;owner&quot;: &quot;unknown&quot;,
    &quot;pull_number&quot;: 123,
-   &quot;repo&quot;: &quot;test-repo&quot;,
+   &quot;repo&quot;: &quot;unknown&quot;,
  },

Number of calls: 1
    at Object.toHaveBeenCalledWith (C:\Users\eposh\OneDrive\Desktop\Dikshant\jenkins\github-review-plugin\src\utils\github-client.test.js:842:48)
    at processTicksAndRejections (node:internal/process/task_queues:105:5)</failure>
    </testcase>
    <testcase classname="GitHubClient › getPullRequestFiles" name="should handle pull request with no files" time="0.001">
    </testcase>
    <testcase classname="GitHubClient › getPullRequestFiles" name="should handle PR response without data property" time="0.001">
    </testcase>
    <testcase classname="GitHubClient › getPullRequestFiles" name="should handle null PR response" time="0.003">
    </testcase>
    <testcase classname="GitHubClient › getPullRequestFiles" name="should handle files with missing optional properties" time="0.003">
    </testcase>
    <testcase classname="GitHubClient › getPullRequestFiles" name="should throw error for invalid PR number" time="0.023">
    </testcase>
    <testcase classname="GitHubClient › getPullRequestFiles" name="should handle GitHub API errors gracefully" time="0.003">
    </testcase>
    <testcase classname="GitHubClient › getPullRequestFiles" name="should handle network errors gracefully" time="0.003">
    </testcase>
    <testcase classname="GitHubClient › Utility methods" name="should get highest severity correctly" time="0.001">
    </testcase>
    <testcase classname="GitHubClient › Utility methods" name="should get review status correctly" time="0.001">
    </testcase>
    <testcase classname="GitHubClient › Utility methods" name="should get severity emoji correctly" time="0.002">
    </testcase>
    <testcase classname="GitHubClient › Utility methods" name="should get severity badge correctly" time="0.002">
    </testcase>
    <testcase classname="GitHubClient › Utility methods" name="should get category badge correctly" time="0.006">
    </testcase>
    <testcase classname="GitHubClient › Logging" name="should log info messages when enabled" time="0.002">
    </testcase>
    <testcase classname="GitHubClient › Logging" name="should not log info messages when disabled" time="0.003">
    </testcase>
    <testcase classname="GitHubClient › Logging" name="should log warning messages" time="0.001">
    </testcase>
    <testcase classname="GitHubClient › Logging" name="should log error messages" time="0.001">
    </testcase>
  </testsuite>
  <testsuite name="FileFilter" errors="0" failures="15" skipped="0" timestamp="2025-09-04T10:16:35" time="2.742" tests="51">
    <testcase classname="FileFilter › constructor" name="should create instance with default configuration" time="0.022">
    </testcase>
    <testcase classname="FileFilter › constructor" name="should accept custom configuration" time="0.001">
    </testcase>
    <testcase classname="FileFilter › getDefaultExcludePatterns" name="should return all required exclusion patterns" time="0.003">
    </testcase>
    <testcase classname="FileFilter › getDefaultExcludePatterns" name="should have valid regex patterns" time="0.002">
    </testcase>
    <testcase classname="FileFilter › shouldExcludeFile" name="should exclude database files" time="0.007">
      <failure>Error: expect(received).toBe(expected) // Object.is equality

Expected: &quot;database&quot;
Received: &quot;extension&quot;
    at toBe (C:\Users\eposh\OneDrive\Desktop\Dikshant\jenkins\github-review-plugin\src\utils\file-filter.test.js:97:33)
    at Array.forEach (&lt;anonymous&gt;)
    at Object.forEach (C:\Users\eposh\OneDrive\Desktop\Dikshant\jenkins\github-review-plugin\src\utils\file-filter.test.js:94:17)
    at Promise.then.completed (C:\Users\eposh\OneDrive\Desktop\Dikshant\jenkins\github-review-plugin\node_modules\jest-circus\build\utils.js:298:28)
    at new Promise (&lt;anonymous&gt;)
    at callAsyncCircusFn (C:\Users\eposh\OneDrive\Desktop\Dikshant\jenkins\github-review-plugin\node_modules\jest-circus\build\utils.js:231:10)
    at _callCircusTest (C:\Users\eposh\OneDrive\Desktop\Dikshant\jenkins\github-review-plugin\node_modules\jest-circus\build\run.js:316:40)
    at processTicksAndRejections (node:internal/process/task_queues:105:5)
    at _runTest (C:\Users\eposh\OneDrive\Desktop\Dikshant\jenkins\github-review-plugin\node_modules\jest-circus\build\run.js:252:3)
    at _runTestsForDescribeBlock (C:\Users\eposh\OneDrive\Desktop\Dikshant\jenkins\github-review-plugin\node_modules\jest-circus\build\run.js:126:9)
    at _runTestsForDescribeBlock (C:\Users\eposh\OneDrive\Desktop\Dikshant\jenkins\github-review-plugin\node_modules\jest-circus\build\run.js:121:9)
    at _runTestsForDescribeBlock (C:\Users\eposh\OneDrive\Desktop\Dikshant\jenkins\github-review-plugin\node_modules\jest-circus\build\run.js:121:9)
    at run (C:\Users\eposh\OneDrive\Desktop\Dikshant\jenkins\github-review-plugin\node_modules\jest-circus\build\run.js:71:3)
    at runAndTransformResultsToJestFormat (C:\Users\eposh\OneDrive\Desktop\Dikshant\jenkins\github-review-plugin\node_modules\jest-circus\build\legacy-code-todo-rewrite\jestAdapterInit.js:122:21)
    at jestAdapter (C:\Users\eposh\OneDrive\Desktop\Dikshant\jenkins\github-review-plugin\node_modules\jest-circus\build\legacy-code-todo-rewrite\jestAdapter.js:79:19)
    at runTestInternal (C:\Users\eposh\OneDrive\Desktop\Dikshant\jenkins\github-review-plugin\node_modules\jest-runner\build\runTest.js:367:16)
    at runTest (C:\Users\eposh\OneDrive\Desktop\Dikshant\jenkins\github-review-plugin\node_modules\jest-runner\build\runTest.js:444:34)
    at Object.worker (C:\Users\eposh\OneDrive\Desktop\Dikshant\jenkins\github-review-plugin\node_modules\jest-runner\build\testWorker.js:106:12)</failure>
    </testcase>
    <testcase classname="FileFilter › shouldExcludeFile" name="should exclude environment files" time="0.01">
      <failure>Error: expect(received).toBe(expected) // Object.is equality

Expected: &quot;environment&quot;
Received: &quot;extension&quot;
    at toBe (C:\Users\eposh\OneDrive\Desktop\Dikshant\jenkins\github-review-plugin\src\utils\file-filter.test.js:113:33)
    at Array.forEach (&lt;anonymous&gt;)
    at Object.forEach (C:\Users\eposh\OneDrive\Desktop\Dikshant\jenkins\github-review-plugin\src\utils\file-filter.test.js:110:17)
    at Promise.then.completed (C:\Users\eposh\OneDrive\Desktop\Dikshant\jenkins\github-review-plugin\node_modules\jest-circus\build\utils.js:298:28)
    at new Promise (&lt;anonymous&gt;)
    at callAsyncCircusFn (C:\Users\eposh\OneDrive\Desktop\Dikshant\jenkins\github-review-plugin\node_modules\jest-circus\build\utils.js:231:10)
    at _callCircusTest (C:\Users\eposh\OneDrive\Desktop\Dikshant\jenkins\github-review-plugin\node_modules\jest-circus\build\run.js:316:40)
    at processTicksAndRejections (node:internal/process/task_queues:105:5)
    at _runTest (C:\Users\eposh\OneDrive\Desktop\Dikshant\jenkins\github-review-plugin\node_modules\jest-circus\build\run.js:252:3)
    at _runTestsForDescribeBlock (C:\Users\eposh\OneDrive\Desktop\Dikshant\jenkins\github-review-plugin\node_modules\jest-circus\build\run.js:126:9)
    at _runTestsForDescribeBlock (C:\Users\eposh\OneDrive\Desktop\Dikshant\jenkins\github-review-plugin\node_modules\jest-circus\build\run.js:121:9)
    at _runTestsForDescribeBlock (C:\Users\eposh\OneDrive\Desktop\Dikshant\jenkins\github-review-plugin\node_modules\jest-circus\build\run.js:121:9)
    at run (C:\Users\eposh\OneDrive\Desktop\Dikshant\jenkins\github-review-plugin\node_modules\jest-circus\build\run.js:71:3)
    at runAndTransformResultsToJestFormat (C:\Users\eposh\OneDrive\Desktop\Dikshant\jenkins\github-review-plugin\node_modules\jest-circus\build\legacy-code-todo-rewrite\jestAdapterInit.js:122:21)
    at jestAdapter (C:\Users\eposh\OneDrive\Desktop\Dikshant\jenkins\github-review-plugin\node_modules\jest-circus\build\legacy-code-todo-rewrite\jestAdapter.js:79:19)
    at runTestInternal (C:\Users\eposh\OneDrive\Desktop\Dikshant\jenkins\github-review-plugin\node_modules\jest-runner\build\runTest.js:367:16)
    at runTest (C:\Users\eposh\OneDrive\Desktop\Dikshant\jenkins\github-review-plugin\node_modules\jest-runner\build\runTest.js:444:34)
    at Object.worker (C:\Users\eposh\OneDrive\Desktop\Dikshant\jenkins\github-review-plugin\node_modules\jest-runner\build\testWorker.js:106:12)</failure>
    </testcase>
    <testcase classname="FileFilter › shouldExcludeFile" name="should exclude configuration files" time="0.002">
      <failure>Error: expect(received).toBe(expected) // Object.is equality

Expected: &quot;config&quot;
Received: &quot;filename&quot;
    at toBe (C:\Users\eposh\OneDrive\Desktop\Dikshant\jenkins\github-review-plugin\src\utils\file-filter.test.js:130:33)
    at Array.forEach (&lt;anonymous&gt;)
    at Object.forEach (C:\Users\eposh\OneDrive\Desktop\Dikshant\jenkins\github-review-plugin\src\utils\file-filter.test.js:127:17)
    at Promise.then.completed (C:\Users\eposh\OneDrive\Desktop\Dikshant\jenkins\github-review-plugin\node_modules\jest-circus\build\utils.js:298:28)
    at new Promise (&lt;anonymous&gt;)
    at callAsyncCircusFn (C:\Users\eposh\OneDrive\Desktop\Dikshant\jenkins\github-review-plugin\node_modules\jest-circus\build\utils.js:231:10)
    at _callCircusTest (C:\Users\eposh\OneDrive\Desktop\Dikshant\jenkins\github-review-plugin\node_modules\jest-circus\build\run.js:316:40)
    at processTicksAndRejections (node:internal/process/task_queues:105:5)
    at _runTest (C:\Users\eposh\OneDrive\Desktop\Dikshant\jenkins\github-review-plugin\node_modules\jest-circus\build\run.js:252:3)
    at _runTestsForDescribeBlock (C:\Users\eposh\OneDrive\Desktop\Dikshant\jenkins\github-review-plugin\node_modules\jest-circus\build\run.js:126:9)
    at _runTestsForDescribeBlock (C:\Users\eposh\OneDrive\Desktop\Dikshant\jenkins\github-review-plugin\node_modules\jest-circus\build\run.js:121:9)
    at _runTestsForDescribeBlock (C:\Users\eposh\OneDrive\Desktop\Dikshant\jenkins\github-review-plugin\node_modules\jest-circus\build\run.js:121:9)
    at run (C:\Users\eposh\OneDrive\Desktop\Dikshant\jenkins\github-review-plugin\node_modules\jest-circus\build\run.js:71:3)
    at runAndTransformResultsToJestFormat (C:\Users\eposh\OneDrive\Desktop\Dikshant\jenkins\github-review-plugin\node_modules\jest-circus\build\legacy-code-todo-rewrite\jestAdapterInit.js:122:21)
    at jestAdapter (C:\Users\eposh\OneDrive\Desktop\Dikshant\jenkins\github-review-plugin\node_modules\jest-circus\build\legacy-code-todo-rewrite\jestAdapter.js:79:19)
    at runTestInternal (C:\Users\eposh\OneDrive\Desktop\Dikshant\jenkins\github-review-plugin\node_modules\jest-runner\build\runTest.js:367:16)
    at runTest (C:\Users\eposh\OneDrive\Desktop\Dikshant\jenkins\github-review-plugin\node_modules\jest-runner\build\runTest.js:444:34)
    at Object.worker (C:\Users\eposh\OneDrive\Desktop\Dikshant\jenkins\github-review-plugin\node_modules\jest-runner\build\testWorker.js:106:12)</failure>
    </testcase>
    <testcase classname="FileFilter › shouldExcludeFile" name="should exclude log files" time="0.002">
      <failure>Error: expect(received).toBe(expected) // Object.is equality

Expected: &quot;logs&quot;
Received: &quot;extension&quot;
    at toBe (C:\Users\eposh\OneDrive\Desktop\Dikshant\jenkins\github-review-plugin\src\utils\file-filter.test.js:144:33)
    at Array.forEach (&lt;anonymous&gt;)
    at Object.forEach (C:\Users\eposh\OneDrive\Desktop\Dikshant\jenkins\github-review-plugin\src\utils\file-filter.test.js:141:17)
    at Promise.then.completed (C:\Users\eposh\OneDrive\Desktop\Dikshant\jenkins\github-review-plugin\node_modules\jest-circus\build\utils.js:298:28)
    at new Promise (&lt;anonymous&gt;)
    at callAsyncCircusFn (C:\Users\eposh\OneDrive\Desktop\Dikshant\jenkins\github-review-plugin\node_modules\jest-circus\build\utils.js:231:10)
    at _callCircusTest (C:\Users\eposh\OneDrive\Desktop\Dikshant\jenkins\github-review-plugin\node_modules\jest-circus\build\run.js:316:40)
    at processTicksAndRejections (node:internal/process/task_queues:105:5)
    at _runTest (C:\Users\eposh\OneDrive\Desktop\Dikshant\jenkins\github-review-plugin\node_modules\jest-circus\build\run.js:252:3)
    at _runTestsForDescribeBlock (C:\Users\eposh\OneDrive\Desktop\Dikshant\jenkins\github-review-plugin\node_modules\jest-circus\build\run.js:126:9)
    at _runTestsForDescribeBlock (C:\Users\eposh\OneDrive\Desktop\Dikshant\jenkins\github-review-plugin\node_modules\jest-circus\build\run.js:121:9)
    at _runTestsForDescribeBlock (C:\Users\eposh\OneDrive\Desktop\Dikshant\jenkins\github-review-plugin\node_modules\jest-circus\build\run.js:121:9)
    at run (C:\Users\eposh\OneDrive\Desktop\Dikshant\jenkins\github-review-plugin\node_modules\jest-circus\build\run.js:71:3)
    at runAndTransformResultsToJestFormat (C:\Users\eposh\OneDrive\Desktop\Dikshant\jenkins\github-review-plugin\node_modules\jest-circus\build\legacy-code-todo-rewrite\jestAdapterInit.js:122:21)
    at jestAdapter (C:\Users\eposh\OneDrive\Desktop\Dikshant\jenkins\github-review-plugin\node_modules\jest-circus\build\legacy-code-todo-rewrite\jestAdapter.js:79:19)
    at runTestInternal (C:\Users\eposh\OneDrive\Desktop\Dikshant\jenkins\github-review-plugin\node_modules\jest-runner\build\runTest.js:367:16)
    at runTest (C:\Users\eposh\OneDrive\Desktop\Dikshant\jenkins\github-review-plugin\node_modules\jest-runner\build\runTest.js:444:34)
    at Object.worker (C:\Users\eposh\OneDrive\Desktop\Dikshant\jenkins\github-review-plugin\node_modules\jest-runner\build\testWorker.js:106:12)</failure>
    </testcase>
    <testcase classname="FileFilter › shouldExcludeFile" name="should exclude confidential files" time="0.005">
      <failure>Error: expect(received).toBe(expected) // Object.is equality

Expected: &quot;confidential&quot;
Received: &quot;extension&quot;
    at toBe (C:\Users\eposh\OneDrive\Desktop\Dikshant\jenkins\github-review-plugin\src\utils\file-filter.test.js:161:33)
    at Array.forEach (&lt;anonymous&gt;)
    at Object.forEach (C:\Users\eposh\OneDrive\Desktop\Dikshant\jenkins\github-review-plugin\src\utils\file-filter.test.js:158:17)
    at Promise.then.completed (C:\Users\eposh\OneDrive\Desktop\Dikshant\jenkins\github-review-plugin\node_modules\jest-circus\build\utils.js:298:28)
    at new Promise (&lt;anonymous&gt;)
    at callAsyncCircusFn (C:\Users\eposh\OneDrive\Desktop\Dikshant\jenkins\github-review-plugin\node_modules\jest-circus\build\utils.js:231:10)
    at _callCircusTest (C:\Users\eposh\OneDrive\Desktop\Dikshant\jenkins\github-review-plugin\node_modules\jest-circus\build\run.js:316:40)
    at processTicksAndRejections (node:internal/process/task_queues:105:5)
    at _runTest (C:\Users\eposh\OneDrive\Desktop\Dikshant\jenkins\github-review-plugin\node_modules\jest-circus\build\run.js:252:3)
    at _runTestsForDescribeBlock (C:\Users\eposh\OneDrive\Desktop\Dikshant\jenkins\github-review-plugin\node_modules\jest-circus\build\run.js:126:9)
    at _runTestsForDescribeBlock (C:\Users\eposh\OneDrive\Desktop\Dikshant\jenkins\github-review-plugin\node_modules\jest-circus\build\run.js:121:9)
    at _runTestsForDescribeBlock (C:\Users\eposh\OneDrive\Desktop\Dikshant\jenkins\github-review-plugin\node_modules\jest-circus\build\run.js:121:9)
    at run (C:\Users\eposh\OneDrive\Desktop\Dikshant\jenkins\github-review-plugin\node_modules\jest-circus\build\run.js:71:3)
    at runAndTransformResultsToJestFormat (C:\Users\eposh\OneDrive\Desktop\Dikshant\jenkins\github-review-plugin\node_modules\jest-circus\build\legacy-code-todo-rewrite\jestAdapterInit.js:122:21)
    at jestAdapter (C:\Users\eposh\OneDrive\Desktop\Dikshant\jenkins\github-review-plugin\node_modules\jest-circus\build\legacy-code-todo-rewrite\jestAdapter.js:79:19)
    at runTestInternal (C:\Users\eposh\OneDrive\Desktop\Dikshant\jenkins\github-review-plugin\node_modules\jest-runner\build\runTest.js:367:16)
    at runTest (C:\Users\eposh\OneDrive\Desktop\Dikshant\jenkins\github-review-plugin\node_modules\jest-runner\build\runTest.js:444:34)
    at Object.worker (C:\Users\eposh\OneDrive\Desktop\Dikshant\jenkins\github-review-plugin\node_modules\jest-runner\build\testWorker.js:106:12)</failure>
    </testcase>
    <testcase classname="FileFilter › shouldExcludeFile" name="should exclude image files" time="0.003">
      <failure>Error: expect(received).toBe(expected) // Object.is equality

Expected: &quot;images&quot;
Received: &quot;extension&quot;
    at toBe (C:\Users\eposh\OneDrive\Desktop\Dikshant\jenkins\github-review-plugin\src\utils\file-filter.test.js:178:33)
    at Array.forEach (&lt;anonymous&gt;)
    at Object.forEach (C:\Users\eposh\OneDrive\Desktop\Dikshant\jenkins\github-review-plugin\src\utils\file-filter.test.js:175:17)
    at Promise.then.completed (C:\Users\eposh\OneDrive\Desktop\Dikshant\jenkins\github-review-plugin\node_modules\jest-circus\build\utils.js:298:28)
    at new Promise (&lt;anonymous&gt;)
    at callAsyncCircusFn (C:\Users\eposh\OneDrive\Desktop\Dikshant\jenkins\github-review-plugin\node_modules\jest-circus\build\utils.js:231:10)
    at _callCircusTest (C:\Users\eposh\OneDrive\Desktop\Dikshant\jenkins\github-review-plugin\node_modules\jest-circus\build\run.js:316:40)
    at processTicksAndRejections (node:internal/process/task_queues:105:5)
    at _runTest (C:\Users\eposh\OneDrive\Desktop\Dikshant\jenkins\github-review-plugin\node_modules\jest-circus\build\run.js:252:3)
    at _runTestsForDescribeBlock (C:\Users\eposh\OneDrive\Desktop\Dikshant\jenkins\github-review-plugin\node_modules\jest-circus\build\run.js:126:9)
    at _runTestsForDescribeBlock (C:\Users\eposh\OneDrive\Desktop\Dikshant\jenkins\github-review-plugin\node_modules\jest-circus\build\run.js:121:9)
    at _runTestsForDescribeBlock (C:\Users\eposh\OneDrive\Desktop\Dikshant\jenkins\github-review-plugin\node_modules\jest-circus\build\run.js:121:9)
    at run (C:\Users\eposh\OneDrive\Desktop\Dikshant\jenkins\github-review-plugin\node_modules\jest-circus\build\run.js:71:3)
    at runAndTransformResultsToJestFormat (C:\Users\eposh\OneDrive\Desktop\Dikshant\jenkins\github-review-plugin\node_modules\jest-circus\build\legacy-code-todo-rewrite\jestAdapterInit.js:122:21)
    at jestAdapter (C:\Users\eposh\OneDrive\Desktop\Dikshant\jenkins\github-review-plugin\node_modules\jest-circus\build\legacy-code-todo-rewrite\jestAdapter.js:79:19)
    at runTestInternal (C:\Users\eposh\OneDrive\Desktop\Dikshant\jenkins\github-review-plugin\node_modules\jest-runner\build\runTest.js:367:16)
    at runTest (C:\Users\eposh\OneDrive\Desktop\Dikshant\jenkins\github-review-plugin\node_modules\jest-runner\build\runTest.js:444:34)
    at Object.worker (C:\Users\eposh\OneDrive\Desktop\Dikshant\jenkins\github-review-plugin\node_modules\jest-runner\build\testWorker.js:106:12)</failure>
    </testcase>
    <testcase classname="FileFilter › shouldExcludeFile" name="should exclude binary files" time="0.003">
      <failure>Error: expect(received).toBe(expected) // Object.is equality

Expected: &quot;binary&quot;
Received: &quot;extension&quot;
    at toBe (C:\Users\eposh\OneDrive\Desktop\Dikshant\jenkins\github-review-plugin\src\utils\file-filter.test.js:195:33)
    at Array.forEach (&lt;anonymous&gt;)
    at Object.forEach (C:\Users\eposh\OneDrive\Desktop\Dikshant\jenkins\github-review-plugin\src\utils\file-filter.test.js:192:17)
    at Promise.then.completed (C:\Users\eposh\OneDrive\Desktop\Dikshant\jenkins\github-review-plugin\node_modules\jest-circus\build\utils.js:298:28)
    at new Promise (&lt;anonymous&gt;)
    at callAsyncCircusFn (C:\Users\eposh\OneDrive\Desktop\Dikshant\jenkins\github-review-plugin\node_modules\jest-circus\build\utils.js:231:10)
    at _callCircusTest (C:\Users\eposh\OneDrive\Desktop\Dikshant\jenkins\github-review-plugin\node_modules\jest-circus\build\run.js:316:40)
    at processTicksAndRejections (node:internal/process/task_queues:105:5)
    at _runTest (C:\Users\eposh\OneDrive\Desktop\Dikshant\jenkins\github-review-plugin\node_modules\jest-circus\build\run.js:252:3)
    at _runTestsForDescribeBlock (C:\Users\eposh\OneDrive\Desktop\Dikshant\jenkins\github-review-plugin\node_modules\jest-circus\build\run.js:126:9)
    at _runTestsForDescribeBlock (C:\Users\eposh\OneDrive\Desktop\Dikshant\jenkins\github-review-plugin\node_modules\jest-circus\build\run.js:121:9)
    at _runTestsForDescribeBlock (C:\Users\eposh\OneDrive\Desktop\Dikshant\jenkins\github-review-plugin\node_modules\jest-circus\build\run.js:121:9)
    at run (C:\Users\eposh\OneDrive\Desktop\Dikshant\jenkins\github-review-plugin\node_modules\jest-circus\build\run.js:71:3)
    at runAndTransformResultsToJestFormat (C:\Users\eposh\OneDrive\Desktop\Dikshant\jenkins\github-review-plugin\node_modules\jest-circus\build\legacy-code-todo-rewrite\jestAdapterInit.js:122:21)
    at jestAdapter (C:\Users\eposh\OneDrive\Desktop\Dikshant\jenkins\github-review-plugin\node_modules\jest-circus\build\legacy-code-todo-rewrite\jestAdapter.js:79:19)
    at runTestInternal (C:\Users\eposh\OneDrive\Desktop\Dikshant\jenkins\github-review-plugin\node_modules\jest-runner\build\runTest.js:367:16)
    at runTest (C:\Users\eposh\OneDrive\Desktop\Dikshant\jenkins\github-review-plugin\node_modules\jest-runner\build\runTest.js:444:34)
    at Object.worker (C:\Users\eposh\OneDrive\Desktop\Dikshant\jenkins\github-review-plugin\node_modules\jest-runner\build\testWorker.js:106:12)</failure>
    </testcase>
    <testcase classname="FileFilter › shouldExcludeFile" name="should exclude files in excluded directories" time="0.007">
      <failure>Error: expect(received).toBe(expected) // Object.is equality

Expected: true
Received: false
    at toBe (C:\Users\eposh\OneDrive\Desktop\Dikshant\jenkins\github-review-plugin\src\utils\file-filter.test.js:212:38)
    at Array.forEach (&lt;anonymous&gt;)
    at Object.forEach (C:\Users\eposh\OneDrive\Desktop\Dikshant\jenkins\github-review-plugin\src\utils\file-filter.test.js:210:17)
    at Promise.then.completed (C:\Users\eposh\OneDrive\Desktop\Dikshant\jenkins\github-review-plugin\node_modules\jest-circus\build\utils.js:298:28)
    at new Promise (&lt;anonymous&gt;)
    at callAsyncCircusFn (C:\Users\eposh\OneDrive\Desktop\Dikshant\jenkins\github-review-plugin\node_modules\jest-circus\build\utils.js:231:10)
    at _callCircusTest (C:\Users\eposh\OneDrive\Desktop\Dikshant\jenkins\github-review-plugin\node_modules\jest-circus\build\run.js:316:40)
    at processTicksAndRejections (node:internal/process/task_queues:105:5)
    at _runTest (C:\Users\eposh\OneDrive\Desktop\Dikshant\jenkins\github-review-plugin\node_modules\jest-circus\build\run.js:252:3)
    at _runTestsForDescribeBlock (C:\Users\eposh\OneDrive\Desktop\Dikshant\jenkins\github-review-plugin\node_modules\jest-circus\build\run.js:126:9)
    at _runTestsForDescribeBlock (C:\Users\eposh\OneDrive\Desktop\Dikshant\jenkins\github-review-plugin\node_modules\jest-circus\build\run.js:121:9)
    at _runTestsForDescribeBlock (C:\Users\eposh\OneDrive\Desktop\Dikshant\jenkins\github-review-plugin\node_modules\jest-circus\build\run.js:121:9)
    at run (C:\Users\eposh\OneDrive\Desktop\Dikshant\jenkins\github-review-plugin\node_modules\jest-circus\build\run.js:71:3)
    at runAndTransformResultsToJestFormat (C:\Users\eposh\OneDrive\Desktop\Dikshant\jenkins\github-review-plugin\node_modules\jest-circus\build\legacy-code-todo-rewrite\jestAdapterInit.js:122:21)
    at jestAdapter (C:\Users\eposh\OneDrive\Desktop\Dikshant\jenkins\github-review-plugin\node_modules\jest-circus\build\legacy-code-todo-rewrite\jestAdapter.js:79:19)
    at runTestInternal (C:\Users\eposh\OneDrive\Desktop\Dikshant\jenkins\github-review-plugin\node_modules\jest-runner\build\runTest.js:367:16)
    at runTest (C:\Users\eposh\OneDrive\Desktop\Dikshant\jenkins\github-review-plugin\node_modules\jest-runner\build\runTest.js:444:34)
    at Object.worker (C:\Users\eposh\OneDrive\Desktop\Dikshant\jenkins\github-review-plugin\node_modules\jest-runner\build\testWorker.js:106:12)</failure>
    </testcase>
    <testcase classname="FileFilter › shouldExcludeFile" name="should exclude files by name" time="0.004">
    </testcase>
    <testcase classname="FileFilter › shouldExcludeFile" name="should exclude files that exceed size limit" time="0.003">
    </testcase>
    <testcase classname="FileFilter › shouldExcludeFile" name="should exclude directories" time="0.001">
    </testcase>
    <testcase classname="FileFilter › shouldExcludeFile" name="should exclude inaccessible files" time="0.001">
    </testcase>
    <testcase classname="FileFilter › shouldExcludeFile" name="should include valid source code files" time="0.005">
      <failure>Error: expect(received).toBe(expected) // Object.is equality

Expected: false
Received: true
    at toBe (C:\Users\eposh\OneDrive\Desktop\Dikshant\jenkins\github-review-plugin\src\utils\file-filter.test.js:281:38)
    at Array.forEach (&lt;anonymous&gt;)
    at Object.forEach (C:\Users\eposh\OneDrive\Desktop\Dikshant\jenkins\github-review-plugin\src\utils\file-filter.test.js:279:17)
    at Promise.then.completed (C:\Users\eposh\OneDrive\Desktop\Dikshant\jenkins\github-review-plugin\node_modules\jest-circus\build\utils.js:298:28)
    at new Promise (&lt;anonymous&gt;)
    at callAsyncCircusFn (C:\Users\eposh\OneDrive\Desktop\Dikshant\jenkins\github-review-plugin\node_modules\jest-circus\build\utils.js:231:10)
    at _callCircusTest (C:\Users\eposh\OneDrive\Desktop\Dikshant\jenkins\github-review-plugin\node_modules\jest-circus\build\run.js:316:40)
    at processTicksAndRejections (node:internal/process/task_queues:105:5)
    at _runTest (C:\Users\eposh\OneDrive\Desktop\Dikshant\jenkins\github-review-plugin\node_modules\jest-circus\build\run.js:252:3)
    at _runTestsForDescribeBlock (C:\Users\eposh\OneDrive\Desktop\Dikshant\jenkins\github-review-plugin\node_modules\jest-circus\build\run.js:126:9)
    at _runTestsForDescribeBlock (C:\Users\eposh\OneDrive\Desktop\Dikshant\jenkins\github-review-plugin\node_modules\jest-circus\build\run.js:121:9)
    at _runTestsForDescribeBlock (C:\Users\eposh\OneDrive\Desktop\Dikshant\jenkins\github-review-plugin\node_modules\jest-circus\build\run.js:121:9)
    at run (C:\Users\eposh\OneDrive\Desktop\Dikshant\jenkins\github-review-plugin\node_modules\jest-circus\build\run.js:71:3)
    at runAndTransformResultsToJestFormat (C:\Users\eposh\OneDrive\Desktop\Dikshant\jenkins\github-review-plugin\node_modules\jest-circus\build\legacy-code-todo-rewrite\jestAdapterInit.js:122:21)
    at jestAdapter (C:\Users\eposh\OneDrive\Desktop\Dikshant\jenkins\github-review-plugin\node_modules\jest-circus\build\legacy-code-todo-rewrite\jestAdapter.js:79:19)
    at runTestInternal (C:\Users\eposh\OneDrive\Desktop\Dikshant\jenkins\github-review-plugin\node_modules\jest-runner\build\runTest.js:367:16)
    at runTest (C:\Users\eposh\OneDrive\Desktop\Dikshant\jenkins\github-review-plugin\node_modules\jest-runner\build\runTest.js:444:34)
    at Object.worker (C:\Users\eposh\OneDrive\Desktop\Dikshant\jenkins\github-review-plugin\node_modules\jest-runner\build\testWorker.js:106:12)</failure>
    </testcase>
    <testcase classname="FileFilter › shouldExcludeFile" name="should respect include patterns when specified" time="0.004">
    </testcase>
    <testcase classname="FileFilter › filterFiles" name="should filter a list of files correctly" time="0.003">
    </testcase>
    <testcase classname="FileFilter › filterFiles" name="should respect file count limits" time="0.003">
      <failure>TypeError: Cannot read properties of undefined (reading &apos;category&apos;)
    at Object.category (C:\Users\eposh\OneDrive\Desktop\Dikshant\jenkins\github-review-plugin\src\utils\file-filter.test.js:338:33)
    at Promise.then.completed (C:\Users\eposh\OneDrive\Desktop\Dikshant\jenkins\github-review-plugin\node_modules\jest-circus\build\utils.js:298:28)
    at new Promise (&lt;anonymous&gt;)
    at callAsyncCircusFn (C:\Users\eposh\OneDrive\Desktop\Dikshant\jenkins\github-review-plugin\node_modules\jest-circus\build\utils.js:231:10)
    at _callCircusTest (C:\Users\eposh\OneDrive\Desktop\Dikshant\jenkins\github-review-plugin\node_modules\jest-circus\build\run.js:316:40)
    at processTicksAndRejections (node:internal/process/task_queues:105:5)
    at _runTest (C:\Users\eposh\OneDrive\Desktop\Dikshant\jenkins\github-review-plugin\node_modules\jest-circus\build\run.js:252:3)
    at _runTestsForDescribeBlock (C:\Users\eposh\OneDrive\Desktop\Dikshant\jenkins\github-review-plugin\node_modules\jest-circus\build\run.js:126:9)
    at _runTestsForDescribeBlock (C:\Users\eposh\OneDrive\Desktop\Dikshant\jenkins\github-review-plugin\node_modules\jest-circus\build\run.js:121:9)
    at _runTestsForDescribeBlock (C:\Users\eposh\OneDrive\Desktop\Dikshant\jenkins\github-review-plugin\node_modules\jest-circus\build\run.js:121:9)
    at run (C:\Users\eposh\OneDrive\Desktop\Dikshant\jenkins\github-review-plugin\node_modules\jest-circus\build\run.js:71:3)
    at runAndTransformResultsToJestFormat (C:\Users\eposh\OneDrive\Desktop\Dikshant\jenkins\github-review-plugin\node_modules\jest-circus\build\legacy-code-todo-rewrite\jestAdapterInit.js:122:21)
    at jestAdapter (C:\Users\eposh\OneDrive\Desktop\Dikshant\jenkins\github-review-plugin\node_modules\jest-circus\build\legacy-code-todo-rewrite\jestAdapter.js:79:19)
    at runTestInternal (C:\Users\eposh\OneDrive\Desktop\Dikshant\jenkins\github-review-plugin\node_modules\jest-runner\build\runTest.js:367:16)
    at runTest (C:\Users\eposh\OneDrive\Desktop\Dikshant\jenkins\github-review-plugin\node_modules\jest-runner\build\runTest.js:444:34)
    at Object.worker (C:\Users\eposh\OneDrive\Desktop\Dikshant\jenkins\github-review-plugin\node_modules\jest-runner\build\testWorker.js:106:12)</failure>
    </testcase>
    <testcase classname="FileFilter › filterFiles" name="should categorize excluded files correctly" time="0.003">
      <failure>Error: expect(received).toBe(expected) // Object.is equality

Expected: 1
Received: undefined
    at Object.toBe (C:\Users\eposh\OneDrive\Desktop\Dikshant\jenkins\github-review-plugin\src\utils\file-filter.test.js:355:50)
    at Promise.then.completed (C:\Users\eposh\OneDrive\Desktop\Dikshant\jenkins\github-review-plugin\node_modules\jest-circus\build\utils.js:298:28)
    at new Promise (&lt;anonymous&gt;)
    at callAsyncCircusFn (C:\Users\eposh\OneDrive\Desktop\Dikshant\jenkins\github-review-plugin\node_modules\jest-circus\build\utils.js:231:10)
    at _callCircusTest (C:\Users\eposh\OneDrive\Desktop\Dikshant\jenkins\github-review-plugin\node_modules\jest-circus\build\run.js:316:40)
    at processTicksAndRejections (node:internal/process/task_queues:105:5)
    at _runTest (C:\Users\eposh\OneDrive\Desktop\Dikshant\jenkins\github-review-plugin\node_modules\jest-circus\build\run.js:252:3)
    at _runTestsForDescribeBlock (C:\Users\eposh\OneDrive\Desktop\Dikshant\jenkins\github-review-plugin\node_modules\jest-circus\build\run.js:126:9)
    at _runTestsForDescribeBlock (C:\Users\eposh\OneDrive\Desktop\Dikshant\jenkins\github-review-plugin\node_modules\jest-circus\build\run.js:121:9)
    at _runTestsForDescribeBlock (C:\Users\eposh\OneDrive\Desktop\Dikshant\jenkins\github-review-plugin\node_modules\jest-circus\build\run.js:121:9)
    at run (C:\Users\eposh\OneDrive\Desktop\Dikshant\jenkins\github-review-plugin\node_modules\jest-circus\build\run.js:71:3)
    at runAndTransformResultsToJestFormat (C:\Users\eposh\OneDrive\Desktop\Dikshant\jenkins\github-review-plugin\node_modules\jest-circus\build\legacy-code-todo-rewrite\jestAdapterInit.js:122:21)
    at jestAdapter (C:\Users\eposh\OneDrive\Desktop\Dikshant\jenkins\github-review-plugin\node_modules\jest-circus\build\legacy-code-todo-rewrite\jestAdapter.js:79:19)
    at runTestInternal (C:\Users\eposh\OneDrive\Desktop\Dikshant\jenkins\github-review-plugin\node_modules\jest-runner\build\runTest.js:367:16)
    at runTest (C:\Users\eposh\OneDrive\Desktop\Dikshant\jenkins\github-review-plugin\node_modules\jest-runner\build\runTest.js:444:34)
    at Object.worker (C:\Users\eposh\OneDrive\Desktop\Dikshant\jenkins\github-review-plugin\node_modules\jest-runner\build\testWorker.js:106:12)</failure>
    </testcase>
    <testcase classname="FileFilter › filterFiles" name="should handle empty file list" time="0.001">
    </testcase>
    <testcase classname="FileFilter › getFileStats" name="should calculate file statistics correctly" time="0.005">
    </testcase>
    <testcase classname="FileFilter › getFileStats" name="should categorize files by extension" time="0.007">
    </testcase>
    <testcase classname="FileFilter › getFileStats" name="should categorize files by type" time="0.001">
    </testcase>
    <testcase classname="FileFilter › getFileStats" name="should handle inaccessible files gracefully" time="0">
    </testcase>
    <testcase classname="FileFilter › getFileCategory" name="should categorize JavaScript files" time="0">
    </testcase>
    <testcase classname="FileFilter › getFileCategory" name="should categorize TypeScript files" time="0.001">
    </testcase>
    <testcase classname="FileFilter › getFileCategory" name="should categorize Python files" time="0">
    </testcase>
    <testcase classname="FileFilter › getFileCategory" name="should categorize Java files" time="0">
    </testcase>
    <testcase classname="FileFilter › getFileCategory" name="should categorize CSS files" time="0.001">
    </testcase>
    <testcase classname="FileFilter › getFileCategory" name="should categorize HTML files" time="0.001">
    </testcase>
    <testcase classname="FileFilter › getFileCategory" name="should categorize JSON files" time="0.001">
      <failure>Error: expect(received).toBe(expected) // Object.is equality

Expected: &quot;json&quot;
Received: &quot;config-json&quot;
    at Object.toBe (C:\Users\eposh\OneDrive\Desktop\Dikshant\jenkins\github-review-plugin\src\utils\file-filter.test.js:471:57)
    at Promise.then.completed (C:\Users\eposh\OneDrive\Desktop\Dikshant\jenkins\github-review-plugin\node_modules\jest-circus\build\utils.js:298:28)
    at new Promise (&lt;anonymous&gt;)
    at callAsyncCircusFn (C:\Users\eposh\OneDrive\Desktop\Dikshant\jenkins\github-review-plugin\node_modules\jest-circus\build\utils.js:231:10)
    at _callCircusTest (C:\Users\eposh\OneDrive\Desktop\Dikshant\jenkins\github-review-plugin\node_modules\jest-circus\build\run.js:316:40)
    at processTicksAndRejections (node:internal/process/task_queues:105:5)
    at _runTest (C:\Users\eposh\OneDrive\Desktop\Dikshant\jenkins\github-review-plugin\node_modules\jest-circus\build\run.js:252:3)
    at _runTestsForDescribeBlock (C:\Users\eposh\OneDrive\Desktop\Dikshant\jenkins\github-review-plugin\node_modules\jest-circus\build\run.js:126:9)
    at _runTestsForDescribeBlock (C:\Users\eposh\OneDrive\Desktop\Dikshant\jenkins\github-review-plugin\node_modules\jest-circus\build\run.js:121:9)
    at _runTestsForDescribeBlock (C:\Users\eposh\OneDrive\Desktop\Dikshant\jenkins\github-review-plugin\node_modules\jest-circus\build\run.js:121:9)
    at run (C:\Users\eposh\OneDrive\Desktop\Dikshant\jenkins\github-review-plugin\node_modules\jest-circus\build\run.js:71:3)
    at runAndTransformResultsToJestFormat (C:\Users\eposh\OneDrive\Desktop\Dikshant\jenkins\github-review-plugin\node_modules\jest-circus\build\legacy-code-todo-rewrite\jestAdapterInit.js:122:21)
    at jestAdapter (C:\Users\eposh\OneDrive\Desktop\Dikshant\jenkins\github-review-plugin\node_modules\jest-circus\build\legacy-code-todo-rewrite\jestAdapter.js:79:19)
    at runTestInternal (C:\Users\eposh\OneDrive\Desktop\Dikshant\jenkins\github-review-plugin\node_modules\jest-runner\build\runTest.js:367:16)
    at runTest (C:\Users\eposh\OneDrive\Desktop\Dikshant\jenkins\github-review-plugin\node_modules\jest-runner\build\runTest.js:444:34)
    at Object.worker (C:\Users\eposh\OneDrive\Desktop\Dikshant\jenkins\github-review-plugin\node_modules\jest-runner\build\testWorker.js:106:12)</failure>
    </testcase>
    <testcase classname="FileFilter › getFileCategory" name="should categorize shell scripts" time="0.001">
    </testcase>
    <testcase classname="FileFilter › getFileCategory" name="should categorize unknown files as other" time="0">
    </testcase>
    <testcase classname="FileFilter › formatFileSize" name="should format bytes correctly" time="0.001">
    </testcase>
    <testcase classname="FileFilter › formatFileSize" name="should handle decimal sizes" time="0.001">
    </testcase>
    <testcase classname="FileFilter › validateConfig" name="should validate correct configuration" time="0">
    </testcase>
    <testcase classname="FileFilter › validateConfig" name="should detect invalid maxFileSize" time="0">
    </testcase>
    <testcase classname="FileFilter › validateConfig" name="should detect invalid maxFiles" time="0.001">
      <failure>Error: expect(received).toBe(expected) // Object.is equality

Expected: false
Received: true
    at Object.toBe (C:\Users\eposh\OneDrive\Desktop\Dikshant\jenkins\github-review-plugin\src\utils\file-filter.test.js:517:30)
    at Promise.then.completed (C:\Users\eposh\OneDrive\Desktop\Dikshant\jenkins\github-review-plugin\node_modules\jest-circus\build\utils.js:298:28)
    at new Promise (&lt;anonymous&gt;)
    at callAsyncCircusFn (C:\Users\eposh\OneDrive\Desktop\Dikshant\jenkins\github-review-plugin\node_modules\jest-circus\build\utils.js:231:10)
    at _callCircusTest (C:\Users\eposh\OneDrive\Desktop\Dikshant\jenkins\github-review-plugin\node_modules\jest-circus\build\run.js:316:40)
    at processTicksAndRejections (node:internal/process/task_queues:105:5)
    at _runTest (C:\Users\eposh\OneDrive\Desktop\Dikshant\jenkins\github-review-plugin\node_modules\jest-circus\build\run.js:252:3)
    at _runTestsForDescribeBlock (C:\Users\eposh\OneDrive\Desktop\Dikshant\jenkins\github-review-plugin\node_modules\jest-circus\build\run.js:126:9)
    at _runTestsForDescribeBlock (C:\Users\eposh\OneDrive\Desktop\Dikshant\jenkins\github-review-plugin\node_modules\jest-circus\build\run.js:121:9)
    at _runTestsForDescribeBlock (C:\Users\eposh\OneDrive\Desktop\Dikshant\jenkins\github-review-plugin\node_modules\jest-circus\build\run.js:121:9)
    at run (C:\Users\eposh\OneDrive\Desktop\Dikshant\jenkins\github-review-plugin\node_modules\jest-circus\build\run.js:71:3)
    at runAndTransformResultsToJestFormat (C:\Users\eposh\OneDrive\Desktop\Dikshant\jenkins\github-review-plugin\node_modules\jest-circus\build\legacy-code-todo-rewrite\jestAdapterInit.js:122:21)
    at jestAdapter (C:\Users\eposh\OneDrive\Desktop\Dikshant\jenkins\github-review-plugin\node_modules\jest-circus\build\legacy-code-todo-rewrite\jestAdapter.js:79:19)
    at runTestInternal (C:\Users\eposh\OneDrive\Desktop\Dikshant\jenkins\github-review-plugin\node_modules\jest-runner\build\runTest.js:367:16)
    at runTest (C:\Users\eposh\OneDrive\Desktop\Dikshant\jenkins\github-review-plugin\node_modules\jest-runner\build\runTest.js:444:34)
    at Object.worker (C:\Users\eposh\OneDrive\Desktop\Dikshant\jenkins\github-review-plugin\node_modules\jest-runner\build\testWorker.js:106:12)</failure>
    </testcase>
    <testcase classname="FileFilter › validateConfig" name="should warn about large limits" time="0.001">
    </testcase>
    <testcase classname="FileFilter › validateConfig" name="should detect invalid regex patterns" time="0.001">
      <failure>Error: expect(received).toBe(expected) // Object.is equality

Expected: false
Received: true
    at Object.toBe (C:\Users\eposh\OneDrive\Desktop\Dikshant\jenkins\github-review-plugin\src\utils\file-filter.test.js:541:30)
    at Promise.then.completed (C:\Users\eposh\OneDrive\Desktop\Dikshant\jenkins\github-review-plugin\node_modules\jest-circus\build\utils.js:298:28)
    at new Promise (&lt;anonymous&gt;)
    at callAsyncCircusFn (C:\Users\eposh\OneDrive\Desktop\Dikshant\jenkins\github-review-plugin\node_modules\jest-circus\build\utils.js:231:10)
    at _callCircusTest (C:\Users\eposh\OneDrive\Desktop\Dikshant\jenkins\github-review-plugin\node_modules\jest-circus\build\run.js:316:40)
    at processTicksAndRejections (node:internal/process/task_queues:105:5)
    at _runTest (C:\Users\eposh\OneDrive\Desktop\Dikshant\jenkins\github-review-plugin\node_modules\jest-circus\build\run.js:252:3)
    at _runTestsForDescribeBlock (C:\Users\eposh\OneDrive\Desktop\Dikshant\jenkins\github-review-plugin\node_modules\jest-circus\build\run.js:126:9)
    at _runTestsForDescribeBlock (C:\Users\eposh\OneDrive\Desktop\Dikshant\jenkins\github-review-plugin\node_modules\jest-circus\build\run.js:121:9)
    at _runTestsForDescribeBlock (C:\Users\eposh\OneDrive\Desktop\Dikshant\jenkins\github-review-plugin\node_modules\jest-circus\build\run.js:121:9)
    at run (C:\Users\eposh\OneDrive\Desktop\Dikshant\jenkins\github-review-plugin\node_modules\jest-circus\build\run.js:71:3)
    at runAndTransformResultsToJestFormat (C:\Users\eposh\OneDrive\Desktop\Dikshant\jenkins\github-review-plugin\node_modules\jest-circus\build\legacy-code-todo-rewrite\jestAdapterInit.js:122:21)
    at jestAdapter (C:\Users\eposh\OneDrive\Desktop\Dikshant\jenkins\github-review-plugin\node_modules\jest-circus\build\legacy-code-todo-rewrite\jestAdapter.js:79:19)
    at runTestInternal (C:\Users\eposh\OneDrive\Desktop\Dikshant\jenkins\github-review-plugin\node_modules\jest-runner\build\runTest.js:367:16)
    at runTest (C:\Users\eposh\OneDrive\Desktop\Dikshant\jenkins\github-review-plugin\node_modules\jest-runner\build\runTest.js:444:34)
    at Object.worker (C:\Users\eposh\OneDrive\Desktop\Dikshant\jenkins\github-review-plugin\node_modules\jest-runner\build\testWorker.js:106:12)</failure>
    </testcase>
    <testcase classname="FileFilter › getConfigSummary" name="should return configuration summary" time="0.001">
    </testcase>
    <testcase classname="FileFilter › getEnhancedFileCount" name="should analyze files with complete metadata" time="0.005">
    </testcase>
    <testcase classname="FileFilter › getEnhancedFileCount" name="should handle files with missing metadata" time="0.002">
      <failure>Error: expect(received).toBe(expected) // Object.is equality

Expected: 3
Received: 1
    at Object.toBe (C:\Users\eposh\OneDrive\Desktop\Dikshant\jenkins\github-review-plugin\src\utils\file-filter.test.js:647:38)
    at Promise.then.completed (C:\Users\eposh\OneDrive\Desktop\Dikshant\jenkins\github-review-plugin\node_modules\jest-circus\build\utils.js:298:28)
    at new Promise (&lt;anonymous&gt;)
    at callAsyncCircusFn (C:\Users\eposh\OneDrive\Desktop\Dikshant\jenkins\github-review-plugin\node_modules\jest-circus\build\utils.js:231:10)
    at _callCircusTest (C:\Users\eposh\OneDrive\Desktop\Dikshant\jenkins\github-review-plugin\node_modules\jest-circus\build\run.js:316:40)
    at processTicksAndRejections (node:internal/process/task_queues:105:5)
    at _runTest (C:\Users\eposh\OneDrive\Desktop\Dikshant\jenkins\github-review-plugin\node_modules\jest-circus\build\run.js:252:3)
    at _runTestsForDescribeBlock (C:\Users\eposh\OneDrive\Desktop\Dikshant\jenkins\github-review-plugin\node_modules\jest-circus\build\run.js:126:9)
    at _runTestsForDescribeBlock (C:\Users\eposh\OneDrive\Desktop\Dikshant\jenkins\github-review-plugin\node_modules\jest-circus\build\run.js:121:9)
    at _runTestsForDescribeBlock (C:\Users\eposh\OneDrive\Desktop\Dikshant\jenkins\github-review-plugin\node_modules\jest-circus\build\run.js:121:9)
    at run (C:\Users\eposh\OneDrive\Desktop\Dikshant\jenkins\github-review-plugin\node_modules\jest-circus\build\run.js:71:3)
    at runAndTransformResultsToJestFormat (C:\Users\eposh\OneDrive\Desktop\Dikshant\jenkins\github-review-plugin\node_modules\jest-circus\build\legacy-code-todo-rewrite\jestAdapterInit.js:122:21)
    at jestAdapter (C:\Users\eposh\OneDrive\Desktop\Dikshant\jenkins\github-review-plugin\node_modules\jest-circus\build\legacy-code-todo-rewrite\jestAdapter.js:79:19)
    at runTestInternal (C:\Users\eposh\OneDrive\Desktop\Dikshant\jenkins\github-review-plugin\node_modules\jest-runner\build\runTest.js:367:16)
    at runTest (C:\Users\eposh\OneDrive\Desktop\Dikshant\jenkins\github-review-plugin\node_modules\jest-runner\build\runTest.js:444:34)
    at Object.worker (C:\Users\eposh\OneDrive\Desktop\Dikshant\jenkins\github-review-plugin\node_modules\jest-runner\build\testWorker.js:106:12)</failure>
    </testcase>
    <testcase classname="FileFilter › getEnhancedFileCount" name="should categorize files by extension correctly" time="0.002">
    </testcase>
    <testcase classname="FileFilter › getEnhancedFileCount" name="should analyze file sizes correctly" time="0.002">
    </testcase>
    <testcase classname="FileFilter › getEnhancedFileCount" name="should analyze line counts correctly" time="0.001">
    </testcase>
    <testcase classname="FileFilter › getEnhancedFileCount" name="should handle empty file list" time="0.005">
    </testcase>
    <testcase classname="FileFilter › getEnhancedFileCount" name="should validate file data integrity" time="0.002">
    </testcase>
    <testcase classname="FileFilter › getEnhancedFileCount" name="should calculate complexity scores correctly" time="0.001">
    </testcase>
  </testsuite>
  <testsuite name="QualityGates" errors="0" failures="17" skipped="0" timestamp="2025-09-04T10:16:35" time="2.909" tests="42">
    <testcase classname="QualityGates › Constructor" name="should initialize with default configuration" time="0.021">
    </testcase>
    <testcase classname="QualityGates › Constructor" name="should accept custom configuration" time="0">
    </testcase>
    <testcase classname="QualityGates › Constructor" name="should initialize empty maps for results and metrics" time="0.003">
    </testcase>
    <testcase classname="QualityGates › evaluateQualityGates" name="should evaluate all quality gates successfully" time="0.169">
    </testcase>
    <testcase classname="QualityGates › evaluateQualityGates" name="should store metrics for the session" time="0.01">
    </testcase>
    <testcase classname="QualityGates › evaluateQualityGates" name="should handle missing data gracefully" time="0.008">
    </testcase>
    <testcase classname="QualityGates › evaluateQualityGates" name="should calculate overall score correctly" time="0.014">
    </testcase>
    <testcase classname="QualityGates › evaluateCoverageGate" name="should pass when coverage meets thresholds" time="0.002">
    </testcase>
    <testcase classname="QualityGates › evaluateCoverageGate" name="should fail when global coverage is below threshold" time="0.002">
    </testcase>
    <testcase classname="QualityGates › evaluateCoverageGate" name="should handle missing coverage data" time="0">
    </testcase>
    <testcase classname="QualityGates › evaluateCoverageGate" name="should check test type specific thresholds" time="0">
    </testcase>
    <testcase classname="QualityGates › evaluateTestResultsGate" name="should pass when all tests pass" time="0.007">
      <failure>Error: expect(received).toBe(expected) // Object.is equality

Expected: true
Received: 100
    at Object.toBe (C:\Users\eposh\OneDrive\Desktop\Dikshant\jenkins\github-review-plugin\tests\unit\quality-gates.test.js:214:29)
    at processTicksAndRejections (node:internal/process/task_queues:105:5)</failure>
    </testcase>
    <testcase classname="QualityGates › evaluateTestResultsGate" name="should fail when tests fail" time="0">
      <failure>Error: expect(received).toBe(expected) // Object.is equality

Expected: false
Received: 90
    at Object.toBe (C:\Users\eposh\OneDrive\Desktop\Dikshant\jenkins\github-review-plugin\tests\unit\quality-gates.test.js:231:29)
    at processTicksAndRejections (node:internal/process/task_queues:105:5)</failure>
    </testcase>
    <testcase classname="QualityGates › evaluateTestResultsGate" name="should fail when execution time exceeds limit" time="0.001">
      <failure>Error: expect(received).toBe(expected) // Object.is equality

Expected: false
Received: 100
    at Object.toBe (C:\Users\eposh\OneDrive\Desktop\Dikshant\jenkins\github-review-plugin\tests\unit\quality-gates.test.js:248:29)
    at processTicksAndRejections (node:internal/process/task_queues:105:5)</failure>
    </testcase>
    <testcase classname="QualityGates › evaluateTestResultsGate" name="should handle missing test results" time="0.001">
    </testcase>
    <testcase classname="QualityGates › evaluateTestResultsGate" name="should fail when no tests were executed" time="0.002">
      <failure>Error: expect(received).toContain(expected) // indexOf

Expected substring: &quot;No tests were executed&quot;
Received string:    &quot;All tests must pass to proceed&quot;
    at Object.toContain (C:\Users\eposh\OneDrive\Desktop\Dikshant\jenkins\github-review-plugin\tests\unit\quality-gates.test.js:275:33)
    at processTicksAndRejections (node:internal/process/task_queues:105:5)</failure>
    </testcase>
    <testcase classname="QualityGates › evaluatePerformanceGate" name="should pass when performance meets thresholds" time="0.001">
    </testcase>
    <testcase classname="QualityGates › evaluatePerformanceGate" name="should fail when response time exceeds limit" time="0.001">
    </testcase>
    <testcase classname="QualityGates › evaluatePerformanceGate" name="should fail when memory usage exceeds limit" time="0.001">
    </testcase>
    <testcase classname="QualityGates › evaluatePerformanceGate" name="should handle missing performance data" time="0.001">
    </testcase>
    <testcase classname="QualityGates › evaluatePerformanceGate" name="should penalize poor scalability" time="0.001">
      <failure>Error: expect(received).toBe(expected) // Object.is equality

Expected: 85
Received: 100
    at Object.toBe (C:\Users\eposh\OneDrive\Desktop\Dikshant\jenkins\github-review-plugin\tests\unit\quality-gates.test.js:335:28)
    at processTicksAndRejections (node:internal/process/task_queues:105:5)</failure>
    </testcase>
    <testcase classname="QualityGates › evaluateSecurityGate" name="should pass when no vulnerabilities are found" time="0.002">
      <failure>Error: expect(received).toContain(expected) // indexOf

Expected substring: &quot;No security vulnerabilities detected&quot;
Received string:    &quot;Security scan completed successfully&quot;
    at Object.toContain (C:\Users\eposh\OneDrive\Desktop\Dikshant\jenkins\github-review-plugin\tests\unit\quality-gates.test.js:347:33)
    at processTicksAndRejections (node:internal/process/task_queues:105:5)</failure>
    </testcase>
    <testcase classname="QualityGates › evaluateSecurityGate" name="should fail when vulnerabilities exceed threshold" time="0.001">
      <failure>Error: Property `scanForVulnerabilities` does not exist in the provided object
    at ModuleMocker.spyOn (C:\Users\eposh\OneDrive\Desktop\Dikshant\jenkins\github-review-plugin\node_modules\jest-mock\build\index.js:731:13)
    at Object.spyOn (C:\Users\eposh\OneDrive\Desktop\Dikshant\jenkins\github-review-plugin\tests\unit\quality-gates.test.js:352:12)
    at Promise.then.completed (C:\Users\eposh\OneDrive\Desktop\Dikshant\jenkins\github-review-plugin\node_modules\jest-circus\build\utils.js:298:28)
    at new Promise (&lt;anonymous&gt;)
    at callAsyncCircusFn (C:\Users\eposh\OneDrive\Desktop\Dikshant\jenkins\github-review-plugin\node_modules\jest-circus\build\utils.js:231:10)
    at _callCircusTest (C:\Users\eposh\OneDrive\Desktop\Dikshant\jenkins\github-review-plugin\node_modules\jest-circus\build\run.js:316:40)
    at processTicksAndRejections (node:internal/process/task_queues:105:5)
    at _runTest (C:\Users\eposh\OneDrive\Desktop\Dikshant\jenkins\github-review-plugin\node_modules\jest-circus\build\run.js:252:3)
    at _runTestsForDescribeBlock (C:\Users\eposh\OneDrive\Desktop\Dikshant\jenkins\github-review-plugin\node_modules\jest-circus\build\run.js:126:9)
    at _runTestsForDescribeBlock (C:\Users\eposh\OneDrive\Desktop\Dikshant\jenkins\github-review-plugin\node_modules\jest-circus\build\run.js:121:9)
    at _runTestsForDescribeBlock (C:\Users\eposh\OneDrive\Desktop\Dikshant\jenkins\github-review-plugin\node_modules\jest-circus\build\run.js:121:9)
    at run (C:\Users\eposh\OneDrive\Desktop\Dikshant\jenkins\github-review-plugin\node_modules\jest-circus\build\run.js:71:3)
    at runAndTransformResultsToJestFormat (C:\Users\eposh\OneDrive\Desktop\Dikshant\jenkins\github-review-plugin\node_modules\jest-circus\build\legacy-code-todo-rewrite\jestAdapterInit.js:122:21)
    at jestAdapter (C:\Users\eposh\OneDrive\Desktop\Dikshant\jenkins\github-review-plugin\node_modules\jest-circus\build\legacy-code-todo-rewrite\jestAdapter.js:79:19)
    at runTestInternal (C:\Users\eposh\OneDrive\Desktop\Dikshant\jenkins\github-review-plugin\node_modules\jest-runner\build\runTest.js:367:16)
    at runTest (C:\Users\eposh\OneDrive\Desktop\Dikshant\jenkins\github-review-plugin\node_modules\jest-runner\build\runTest.js:444:34)
    at Object.worker (C:\Users\eposh\OneDrive\Desktop\Dikshant\jenkins\github-review-plugin\node_modules\jest-runner\build\testWorker.js:106:12)</failure>
    </testcase>
    <testcase classname="QualityGates › evaluateSecurityGate" name="should handle security scan failures" time="0.001">
      <failure>Error: Property `scanForVulnerabilities` does not exist in the provided object
    at ModuleMocker.spyOn (C:\Users\eposh\OneDrive\Desktop\Dikshant\jenkins\github-review-plugin\node_modules\jest-mock\build\index.js:731:13)
    at Object.spyOn (C:\Users\eposh\OneDrive\Desktop\Dikshant\jenkins\github-review-plugin\tests\unit\quality-gates.test.js:370:12)
    at Promise.then.completed (C:\Users\eposh\OneDrive\Desktop\Dikshant\jenkins\github-review-plugin\node_modules\jest-circus\build\utils.js:298:28)
    at new Promise (&lt;anonymous&gt;)
    at callAsyncCircusFn (C:\Users\eposh\OneDrive\Desktop\Dikshant\jenkins\github-review-plugin\node_modules\jest-circus\build\utils.js:231:10)
    at _callCircusTest (C:\Users\eposh\OneDrive\Desktop\Dikshant\jenkins\github-review-plugin\node_modules\jest-circus\build\run.js:316:40)
    at processTicksAndRejections (node:internal/process/task_queues:105:5)
    at _runTest (C:\Users\eposh\OneDrive\Desktop\Dikshant\jenkins\github-review-plugin\node_modules\jest-circus\build\run.js:252:3)
    at _runTestsForDescribeBlock (C:\Users\eposh\OneDrive\Desktop\Dikshant\jenkins\github-review-plugin\node_modules\jest-circus\build\run.js:126:9)
    at _runTestsForDescribeBlock (C:\Users\eposh\OneDrive\Desktop\Dikshant\jenkins\github-review-plugin\node_modules\jest-circus\build\run.js:121:9)
    at _runTestsForDescribeBlock (C:\Users\eposh\OneDrive\Desktop\Dikshant\jenkins\github-review-plugin\node_modules\jest-circus\build\run.js:121:9)
    at run (C:\Users\eposh\OneDrive\Desktop\Dikshant\jenkins\github-review-plugin\node_modules\jest-circus\build\run.js:71:3)
    at runAndTransformResultsToJestFormat (C:\Users\eposh\OneDrive\Desktop\Dikshant\jenkins\github-review-plugin\node_modules\jest-circus\build\legacy-code-todo-rewrite\jestAdapterInit.js:122:21)
    at jestAdapter (C:\Users\eposh\OneDrive\Desktop\Dikshant\jenkins\github-review-plugin\node_modules\jest-circus\build\legacy-code-todo-rewrite\jestAdapter.js:79:19)
    at runTestInternal (C:\Users\eposh\OneDrive\Desktop\Dikshant\jenkins\github-review-plugin\node_modules\jest-runner\build\runTest.js:367:16)
    at runTest (C:\Users\eposh\OneDrive\Desktop\Dikshant\jenkins\github-review-plugin\node_modules\jest-runner\build\runTest.js:444:34)
    at Object.worker (C:\Users\eposh\OneDrive\Desktop\Dikshant\jenkins\github-review-plugin\node_modules\jest-runner\build\testWorker.js:106:12)</failure>
    </testcase>
    <testcase classname="QualityGates › evaluateCodeQualityGate" name="should pass when code quality meets standards" time="0.003">
      <failure>Error: expect(received).toContain(expected) // indexOf

Expected substring: &quot;No linting errors found&quot;
Received string:    &quot;Code quality checks completed successfully&quot;
    at Object.toContain (C:\Users\eposh\OneDrive\Desktop\Dikshant\jenkins\github-review-plugin\tests\unit\quality-gates.test.js:392:33)
    at processTicksAndRejections (node:internal/process/task_queues:105:5)</failure>
    </testcase>
    <testcase classname="QualityGates › evaluateCodeQualityGate" name="should fail when linting errors are found" time="0.001">
      <failure>Error: Property `runLintingCheck` does not exist in the provided object
    at ModuleMocker.spyOn (C:\Users\eposh\OneDrive\Desktop\Dikshant\jenkins\github-review-plugin\node_modules\jest-mock\build\index.js:731:13)
    at Object.spyOn (C:\Users\eposh\OneDrive\Desktop\Dikshant\jenkins\github-review-plugin\tests\unit\quality-gates.test.js:397:12)
    at Promise.then.completed (C:\Users\eposh\OneDrive\Desktop\Dikshant\jenkins\github-review-plugin\node_modules\jest-circus\build\utils.js:298:28)
    at new Promise (&lt;anonymous&gt;)
    at callAsyncCircusFn (C:\Users\eposh\OneDrive\Desktop\Dikshant\jenkins\github-review-plugin\node_modules\jest-circus\build\utils.js:231:10)
    at _callCircusTest (C:\Users\eposh\OneDrive\Desktop\Dikshant\jenkins\github-review-plugin\node_modules\jest-circus\build\run.js:316:40)
    at processTicksAndRejections (node:internal/process/task_queues:105:5)
    at _runTest (C:\Users\eposh\OneDrive\Desktop\Dikshant\jenkins\github-review-plugin\node_modules\jest-circus\build\run.js:252:3)
    at _runTestsForDescribeBlock (C:\Users\eposh\OneDrive\Desktop\Dikshant\jenkins\github-review-plugin\node_modules\jest-circus\build\run.js:126:9)
    at _runTestsForDescribeBlock (C:\Users\eposh\OneDrive\Desktop\Dikshant\jenkins\github-review-plugin\node_modules\jest-circus\build\run.js:121:9)
    at _runTestsForDescribeBlock (C:\Users\eposh\OneDrive\Desktop\Dikshant\jenkins\github-review-plugin\node_modules\jest-circus\build\run.js:121:9)
    at run (C:\Users\eposh\OneDrive\Desktop\Dikshant\jenkins\github-review-plugin\node_modules\jest-circus\build\run.js:71:3)
    at runAndTransformResultsToJestFormat (C:\Users\eposh\OneDrive\Desktop\Dikshant\jenkins\github-review-plugin\node_modules\jest-circus\build\legacy-code-todo-rewrite\jestAdapterInit.js:122:21)
    at jestAdapter (C:\Users\eposh\OneDrive\Desktop\Dikshant\jenkins\github-review-plugin\node_modules\jest-circus\build\legacy-code-todo-rewrite\jestAdapter.js:79:19)
    at runTestInternal (C:\Users\eposh\OneDrive\Desktop\Dikshant\jenkins\github-review-plugin\node_modules\jest-runner\build\runTest.js:367:16)
    at runTest (C:\Users\eposh\OneDrive\Desktop\Dikshant\jenkins\github-review-plugin\node_modules\jest-runner\build\runTest.js:444:34)
    at Object.worker (C:\Users\eposh\OneDrive\Desktop\Dikshant\jenkins\github-review-plugin\node_modules\jest-runner\build\testWorker.js:106:12)</failure>
    </testcase>
    <testcase classname="QualityGates › evaluateCodeQualityGate" name="should handle formatting issues" time="0.001">
      <failure>Error: Property `runFormattingCheck` does not exist in the provided object
    at ModuleMocker.spyOn (C:\Users\eposh\OneDrive\Desktop\Dikshant\jenkins\github-review-plugin\node_modules\jest-mock\build\index.js:731:13)
    at Object.spyOn (C:\Users\eposh\OneDrive\Desktop\Dikshant\jenkins\github-review-plugin\tests\unit\quality-gates.test.js:414:12)
    at Promise.then.completed (C:\Users\eposh\OneDrive\Desktop\Dikshant\jenkins\github-review-plugin\node_modules\jest-circus\build\utils.js:298:28)
    at new Promise (&lt;anonymous&gt;)
    at callAsyncCircusFn (C:\Users\eposh\OneDrive\Desktop\Dikshant\jenkins\github-review-plugin\node_modules\jest-circus\build\utils.js:231:10)
    at _callCircusTest (C:\Users\eposh\OneDrive\Desktop\Dikshant\jenkins\github-review-plugin\node_modules\jest-circus\build\run.js:316:40)
    at processTicksAndRejections (node:internal/process/task_queues:105:5)
    at _runTest (C:\Users\eposh\OneDrive\Desktop\Dikshant\jenkins\github-review-plugin\node_modules\jest-circus\build\run.js:252:3)
    at _runTestsForDescribeBlock (C:\Users\eposh\OneDrive\Desktop\Dikshant\jenkins\github-review-plugin\node_modules\jest-circus\build\run.js:126:9)
    at _runTestsForDescribeBlock (C:\Users\eposh\OneDrive\Desktop\Dikshant\jenkins\github-review-plugin\node_modules\jest-circus\build\run.js:121:9)
    at _runTestsForDescribeBlock (C:\Users\eposh\OneDrive\Desktop\Dikshant\jenkins\github-review-plugin\node_modules\jest-circus\build\run.js:121:9)
    at run (C:\Users\eposh\OneDrive\Desktop\Dikshant\jenkins\github-review-plugin\node_modules\jest-circus\build\run.js:71:3)
    at runAndTransformResultsToJestFormat (C:\Users\eposh\OneDrive\Desktop\Dikshant\jenkins\github-review-plugin\node_modules\jest-circus\build\legacy-code-todo-rewrite\jestAdapterInit.js:122:21)
    at jestAdapter (C:\Users\eposh\OneDrive\Desktop\Dikshant\jenkins\github-review-plugin\node_modules\jest-circus\build\legacy-code-todo-rewrite\jestAdapter.js:79:19)
    at runTestInternal (C:\Users\eposh\OneDrive\Desktop\Dikshant\jenkins\github-review-plugin\node_modules\jest-runner\build\runTest.js:367:16)
    at runTest (C:\Users\eposh\OneDrive\Desktop\Dikshant\jenkins\github-review-plugin\node_modules\jest-runner\build\runTest.js:444:34)
    at Object.worker (C:\Users\eposh\OneDrive\Desktop\Dikshant\jenkins\github-review-plugin\node_modules\jest-runner\build\testWorker.js:106:12)</failure>
    </testcase>
    <testcase classname="QualityGates › evaluateCodeQualityGate" name="should handle high complexity functions" time="0.001">
      <failure>Error: Property `analyzeCodeComplexity` does not exist in the provided object
    at ModuleMocker.spyOn (C:\Users\eposh\OneDrive\Desktop\Dikshant\jenkins\github-review-plugin\node_modules\jest-mock\build\index.js:731:13)
    at Object.spyOn (C:\Users\eposh\OneDrive\Desktop\Dikshant\jenkins\github-review-plugin\tests\unit\quality-gates.test.js:429:12)
    at Promise.then.completed (C:\Users\eposh\OneDrive\Desktop\Dikshant\jenkins\github-review-plugin\node_modules\jest-circus\build\utils.js:298:28)
    at new Promise (&lt;anonymous&gt;)
    at callAsyncCircusFn (C:\Users\eposh\OneDrive\Desktop\Dikshant\jenkins\github-review-plugin\node_modules\jest-circus\build\utils.js:231:10)
    at _callCircusTest (C:\Users\eposh\OneDrive\Desktop\Dikshant\jenkins\github-review-plugin\node_modules\jest-circus\build\run.js:316:40)
    at processTicksAndRejections (node:internal/process/task_queues:105:5)
    at _runTest (C:\Users\eposh\OneDrive\Desktop\Dikshant\jenkins\github-review-plugin\node_modules\jest-circus\build\run.js:252:3)
    at _runTestsForDescribeBlock (C:\Users\eposh\OneDrive\Desktop\Dikshant\jenkins\github-review-plugin\node_modules\jest-circus\build\run.js:126:9)
    at _runTestsForDescribeBlock (C:\Users\eposh\OneDrive\Desktop\Dikshant\jenkins\github-review-plugin\node_modules\jest-circus\build\run.js:121:9)
    at _runTestsForDescribeBlock (C:\Users\eposh\OneDrive\Desktop\Dikshant\jenkins\github-review-plugin\node_modules\jest-circus\build\run.js:121:9)
    at run (C:\Users\eposh\OneDrive\Desktop\Dikshant\jenkins\github-review-plugin\node_modules\jest-circus\build\run.js:71:3)
    at runAndTransformResultsToJestFormat (C:\Users\eposh\OneDrive\Desktop\Dikshant\jenkins\github-review-plugin\node_modules\jest-circus\build\legacy-code-todo-rewrite\jestAdapterInit.js:122:21)
    at jestAdapter (C:\Users\eposh\OneDrive\Desktop\Dikshant\jenkins\github-review-plugin\node_modules\jest-circus\build\legacy-code-todo-rewrite\jestAdapter.js:79:19)
    at runTestInternal (C:\Users\eposh\OneDrive\Desktop\Dikshant\jenkins\github-review-plugin\node_modules\jest-runner\build\runTest.js:367:16)
    at runTest (C:\Users\eposh\OneDrive\Desktop\Dikshant\jenkins\github-review-plugin\node_modules\jest-runner\build\runTest.js:444:34)
    at Object.worker (C:\Users\eposh\OneDrive\Desktop\Dikshant\jenkins\github-review-plugin\node_modules\jest-runner\build\testWorker.js:106:12)</failure>
    </testcase>
    <testcase classname="QualityGates › determineOverallPass" name="should pass when all critical gates pass" time="0.006">
    </testcase>
    <testcase classname="QualityGates › determineOverallPass" name="should fail when coverage gate fails" time="0.004">
    </testcase>
    <testcase classname="QualityGates › determineOverallPass" name="should fail when test results gate fails" time="0.006">
    </testcase>
    <testcase classname="QualityGates › determineOverallPass" name="should fail when security gate fails" time="0.004">
    </testcase>
    <testcase classname="QualityGates › determineOverallPass" name="should pass when critical gates pass but non-critical fail" time="0.012">
      <failure>Error: expect(received).toBe(expected) // Object.is equality

Expected: true
Received: false
    at Object.toBe (C:\Users\eposh\OneDrive\Desktop\Dikshant\jenkins\github-review-plugin\tests\unit\quality-gates.test.js:507:22)
    at Promise.then.completed (C:\Users\eposh\OneDrive\Desktop\Dikshant\jenkins\github-review-plugin\node_modules\jest-circus\build\utils.js:298:28)
    at new Promise (&lt;anonymous&gt;)
    at callAsyncCircusFn (C:\Users\eposh\OneDrive\Desktop\Dikshant\jenkins\github-review-plugin\node_modules\jest-circus\build\utils.js:231:10)
    at _callCircusTest (C:\Users\eposh\OneDrive\Desktop\Dikshant\jenkins\github-review-plugin\node_modules\jest-circus\build\run.js:316:40)
    at processTicksAndRejections (node:internal/process/task_queues:105:5)
    at _runTest (C:\Users\eposh\OneDrive\Desktop\Dikshant\jenkins\github-review-plugin\node_modules\jest-circus\build\run.js:252:3)
    at _runTestsForDescribeBlock (C:\Users\eposh\OneDrive\Desktop\Dikshant\jenkins\github-review-plugin\node_modules\jest-circus\build\run.js:126:9)
    at _runTestsForDescribeBlock (C:\Users\eposh\OneDrive\Desktop\Dikshant\jenkins\github-review-plugin\node_modules\jest-circus\build\run.js:121:9)
    at _runTestsForDescribeBlock (C:\Users\eposh\OneDrive\Desktop\Dikshant\jenkins\github-review-plugin\node_modules\jest-circus\build\run.js:121:9)
    at run (C:\Users\eposh\OneDrive\Desktop\Dikshant\jenkins\github-review-plugin\node_modules\jest-circus\build\run.js:71:3)
    at runAndTransformResultsToJestFormat (C:\Users\eposh\OneDrive\Desktop\Dikshant\jenkins\github-review-plugin\node_modules\jest-circus\build\legacy-code-todo-rewrite\jestAdapterInit.js:122:21)
    at jestAdapter (C:\Users\eposh\OneDrive\Desktop\Dikshant\jenkins\github-review-plugin\node_modules\jest-circus\build\legacy-code-todo-rewrite\jestAdapter.js:79:19)
    at runTestInternal (C:\Users\eposh\OneDrive\Desktop\Dikshant\jenkins\github-review-plugin\node_modules\jest-runner\build\runTest.js:367:16)
    at runTest (C:\Users\eposh\OneDrive\Desktop\Dikshant\jenkins\github-review-plugin\node_modules\jest-runner\build\runTest.js:444:34)
    at Object.worker (C:\Users\eposh\OneDrive\Desktop\Dikshant\jenkins\github-review-plugin\node_modules\jest-runner\build\testWorker.js:106:12)</failure>
    </testcase>
    <testcase classname="QualityGates › generateFeedback" name="should generate feedback for all gates" time="0.001">
      <failure>Error: expect(received).toContain(expected) // indexOf

Expected substring: &quot;✅ Test Coverage&quot;
Received string:    &quot;✅ coverage: Good coverage&quot;
    at Object.toContain (C:\Users\eposh\OneDrive\Desktop\Dikshant\jenkins\github-review-plugin\tests\unit\quality-gates.test.js:521:27)
    at Promise.then.completed (C:\Users\eposh\OneDrive\Desktop\Dikshant\jenkins\github-review-plugin\node_modules\jest-circus\build\utils.js:298:28)
    at new Promise (&lt;anonymous&gt;)
[...]
    <testcase classname="ResponseHandler › getFallbackReason" name="should identify rate limit errors" time="0">
    </testcase>
    <testcase classname="ResponseHandler › getFallbackReason" name="should identify authentication errors" time="0">
    </testcase>
    <testcase classname="ResponseHandler › getFallbackReason" name="should identify network errors" time="0.001">
    </testcase>
    <testcase classname="ResponseHandler › getFallbackReason" name="should return unknown for unrecognized errors" time="0.001">
    </testcase>
    <testcase classname="ResponseHandler › isRetryableError" name="should identify retryable error names" time="0.001">
    </testcase>
    <testcase classname="ResponseHandler › isRetryableError" name="should identify retryable error messages" time="0.001">
    </testcase>
    <testcase classname="ResponseHandler › isRetryableError" name="should identify non-retryable errors" time="0.001">
    </testcase>
    <testcase classname="ResponseHandler › calculateRetryDelay" name="should calculate exponential backoff" time="0.001">
    </testcase>
    <testcase classname="ResponseHandler › calculateRetryDelay" name="should respect maximum delay" time="0.001">
    </testcase>
    <testcase classname="ResponseHandler › processResponse" name="should process valid response successfully" time="0.002">
    </testcase>
    <testcase classname="ResponseHandler › processResponse" name="should handle retryable errors" time="0.001">
    </testcase>
    <testcase classname="ResponseHandler › processResponse" name="should create fallback for non-retryable errors" time="0.001">
    </testcase>
    <testcase classname="ResponseHandler › processResponse" name="should fix malformed but usable response" time="0.002">
    </testcase>
    <testcase classname="ResponseHandler › processResponse" name="should handle validation errors" time="0">
    </testcase>
    <testcase classname="ResponseHandler › getStatistics" name="should return configuration statistics" time="0.001">
    </testcase>
  </testsuite>
  <testsuite name="FallbackHandler" errors="0" failures="0" skipped="0" timestamp="2025-09-04T10:16:54" time="0.77" tests="47">
    <testcase classname="FallbackHandler › constructor" name="should initialize with provided config" time="0.003">
    </testcase>
    <testcase classname="FallbackHandler › constructor" name="should use default values when config is not provided" time="0.001">
    </testcase>
    <testcase classname="FallbackHandler › constructor" name="should disable fallbacks when explicitly set to false" time="0">
    </testcase>
    <testcase classname="FallbackHandler › classifyError" name="should classify timeout errors" time="0.001">
    </testcase>
    <testcase classname="FallbackHandler › classifyError" name="should classify rate limit errors" time="0">
    </testcase>
    <testcase classname="FallbackHandler › classifyError" name="should classify authentication errors" time="0">
    </testcase>
    <testcase classname="FallbackHandler › classifyError" name="should classify malformed response errors" time="0">
    </testcase>
    <testcase classname="FallbackHandler › classifyError" name="should classify network errors" time="0.001">
    </testcase>
    <testcase classname="FallbackHandler › classifyError" name="should classify token limit errors" time="0">
    </testcase>
    <testcase classname="FallbackHandler › classifyError" name="should classify unknown errors" time="0.001">
    </testcase>
    <testcase classname="FallbackHandler › determineFallbackStrategy" name="should return none when fallbacks are disabled" time="0.001">
    </testcase>
    <testcase classname="FallbackHandler › determineFallbackStrategy" name="should return manual when max attempts exceeded" time="0.001">
    </testcase>
    <testcase classname="FallbackHandler › determineFallbackStrategy" name="should return retry for timeout on first attempt" time="0">
    </testcase>
    <testcase classname="FallbackHandler › determineFallbackStrategy" name="should return simplified for timeout on second attempt" time="0">
    </testcase>
    <testcase classname="FallbackHandler › determineFallbackStrategy" name="should return retry for rate limit errors" time="0.001">
    </testcase>
    <testcase classname="FallbackHandler › determineFallbackStrategy" name="should return manual for authentication errors" time="0">
    </testcase>
    <testcase classname="FallbackHandler › determineFallbackStrategy" name="should return simplified for malformed response errors" time="0">
    </testcase>
    <testcase classname="FallbackHandler › determineFallbackStrategy" name="should return retry for network errors on first attempt" time="0.001">
    </testcase>
    <testcase classname="FallbackHandler › determineFallbackStrategy" name="should return manual for network errors on second attempt" time="0">
    </testcase>
    <testcase classname="FallbackHandler › determineFallbackStrategy" name="should return simplified for token limit errors" time="0.001">
    </testcase>
    <testcase classname="FallbackHandler › createSimplifiedPrompt" name="should create simplified prompt" time="0">
    </testcase>
    <testcase classname="FallbackHandler › createSimplifiedPrompt" name="should handle missing original prompt" time="0.001">
    </testcase>
    <testcase classname="FallbackHandler › createManualReviewFallback" name="should create manual review fallback" time="0.003">
    </testcase>
    <testcase classname="FallbackHandler › getManualReviewInstructions" name="should return basic instructions" time="0.001">
    </testcase>
    <testcase classname="FallbackHandler › getManualReviewInstructions" name="should add production-specific instructions for main branch" time="0">
    </testcase>
    <testcase classname="FallbackHandler › getManualReviewInstructions" name="should add development-specific instructions for dev branch" time="0.001">
    </testcase>
    <testcase classname="FallbackHandler › createDegradedReviewFallback" name="should create degraded review fallback" time="0.002">
    </testcase>
    <testcase classname="FallbackHandler › createDegradedReviewFallback" name="should handle empty files array" time="0.003">
    </testcase>
    <testcase classname="FallbackHandler › performBasicAnalysis" name="should detect security vulnerabilities" time="0.001">
    </testcase>
    <testcase classname="FallbackHandler › performBasicAnalysis" name="should detect hardcoded credentials" time="0.001">
    </testcase>
    <testcase classname="FallbackHandler › performBasicAnalysis" name="should detect console.log in production code" time="0">
    </testcase>
    <testcase classname="FallbackHandler › performBasicAnalysis" name="should not flag console.log in test files" time="0">
    </testcase>
    <testcase classname="FallbackHandler › performBasicAnalysis" name="should detect large files" time="0">
    </testcase>
    <testcase classname="FallbackHandler › performBasicAnalysis" name="should handle missing file properties" time="0.001">
    </testcase>
    <testcase classname="FallbackHandler › createEmergencyBypassFallback" name="should create emergency bypass fallback" time="0.003">
    </testcase>
    <testcase classname="FallbackHandler › createEmergencyBypassFallback" name="should use default reason when not provided" time="0.001">
    </testcase>
    <testcase classname="FallbackHandler › executeFallbackStrategy" name="should execute retry strategy" time="0.006">
    </testcase>
    <testcase classname="FallbackHandler › executeFallbackStrategy" name="should execute simplified strategy" time="0.02">
    </testcase>
    <testcase classname="FallbackHandler › executeFallbackStrategy" name="should execute degraded strategy" time="0.016">
    </testcase>
    <testcase classname="FallbackHandler › executeFallbackStrategy" name="should execute manual strategy" time="0.011">
    </testcase>
    <testcase classname="FallbackHandler › executeFallbackStrategy" name="should execute emergency strategy" time="0.003">
    </testcase>
    <testcase classname="FallbackHandler › executeFallbackStrategy" name="should handle unknown strategy" time="0">
    </testcase>
    <testcase classname="FallbackHandler › calculateRetryDelay" name="should calculate exponential backoff" time="0">
    </testcase>
    <testcase classname="FallbackHandler › calculateRetryDelay" name="should respect maximum delay" time="0">
    </testcase>
    <testcase classname="FallbackHandler › getConfiguration" name="should return configuration" time="0.001">
    </testcase>
    <testcase classname="FallbackHandler › isEnabled" name="should return true when fallbacks are enabled" time="0">
    </testcase>
    <testcase classname="FallbackHandler › isEnabled" name="should return false when fallbacks are disabled" time="0">
    </testcase>
  </testsuite>
  <testsuite name="HealthChecker" errors="0" failures="0" skipped="0" timestamp="2025-09-04T10:16:55" time="0.759" tests="28">
    <testcase classname="HealthChecker › constructor" name="should initialize with default config" time="0.018">
    </testcase>
    <testcase classname="HealthChecker › constructor" name="should initialize with custom config" time="0">
    </testcase>
    <testcase classname="HealthChecker › constructor" name="should set critical services correctly" time="0.001">
    </testcase>
    <testcase classname="HealthChecker › checkHttpService" name="should return healthy status for successful response" time="0.011">
    </testcase>
    <testcase classname="HealthChecker › checkHttpService" name="should return auth_error for 401 status" time="0.001">
    </testcase>
    <testcase classname="HealthChecker › checkHttpService" name="should return rate_limited for 429 status" time="0.001">
    </testcase>
    <testcase classname="HealthChecker › checkHttpService" name="should return unhealthy for other error status codes" time="0">
    </testcase>
    <testcase classname="HealthChecker › checkHttpService" name="should handle request errors" time="0.046">
    </testcase>
    <testcase classname="HealthChecker › checkHttpService" name="should handle request timeout" time="0.002">
    </testcase>
    <testcase classname="HealthChecker › checkEmailService" name="should return healthy status for successful connection" time="0.002">
    </testcase>
    <testcase classname="HealthChecker › checkEmailService" name="should handle connection errors" time="0.004">
    </testcase>
    <testcase classname="HealthChecker › checkEmailService" name="should handle connection timeout" time="0.017">
    </testcase>
    <testcase classname="HealthChecker › caching" name="should cache health results" time="0.016">
    </testcase>
    <testcase classname="HealthChecker › caching" name="should clear cache when timeout expires" time="0.002">
    </testcase>
    <testcase classname="HealthChecker › caching" name="should clear specific service cache" time="0.001">
    </testcase>
    <testcase classname="HealthChecker › caching" name="should clear all cache" time="0.001">
    </testcase>
    <testcase classname="HealthChecker › getSystemHealth" name="should return healthy status when all critical services are healthy" time="0.003">
    </testcase>
    <testcase classname="HealthChecker › getSystemHealth" name="should return degraded status when some critical services are unhealthy" time="0.004">
    </testcase>
    <testcase classname="HealthChecker › getSystemHealth" name="should return critical status when all critical services are unhealthy" time="0.006">
    </testcase>
    <testcase classname="HealthChecker › getHealthRecommendations" name="should return critical recommendation when system is critical" time="0.001">
    </testcase>
    <testcase classname="HealthChecker › getHealthRecommendations" name="should return high priority recommendation when system is degraded" time="0">
    </testcase>
    <testcase classname="HealthChecker › getHealthRecommendations" name="should return auth error recommendation" time="0">
    </testcase>
    <testcase classname="HealthChecker › getHealthRecommendations" name="should return rate limit recommendation" time="0.001">
    </testcase>
    <testcase classname="HealthChecker › getHealthRecommendations" name="should return slow response recommendation" time="0">
    </testcase>
    <testcase classname="HealthChecker › service management" name="should add custom service" time="0">
    </testcase>
    <testcase classname="HealthChecker › service management" name="should remove service" time="0">
    </testcase>
    <testcase classname="HealthChecker › service management" name="should throw error for unknown service" time="0.002">
    </testcase>
    <testcase classname="HealthChecker › generateHealthReport" name="should generate comprehensive health report" time="0.001">
    </testcase>
  </testsuite>
  <testsuite name="OpenAIClient" errors="0" failures="2" skipped="0" timestamp="2025-09-04T10:16:35" time="26.815" tests="36">
    <testcase classname="OpenAIClient › constructor" name="should create instance with default configuration" time="0.026">
    </testcase>
    <testcase classname="OpenAIClient › constructor" name="should accept custom configuration" time="0.001">
    </testcase>
    <testcase classname="OpenAIClient › constructor" name="should validate API key format" time="0.084">
    </testcase>
    <testcase classname="OpenAIClient › constructor" name="should validate timeout" time="0.003">
    </testcase>
    <testcase classname="OpenAIClient › constructor" name="should validate max retries" time="0.003">
    </testcase>
    <testcase classname="OpenAIClient › constructor" name="should validate temperature" time="0.003">
    </testcase>
    <testcase classname="OpenAIClient › makeRequest" name="should make successful API request" time="0.005">
    </testcase>
    <testcase classname="OpenAIClient › makeRequest" name="should handle API errors" time="0.006">
    </testcase>
    <testcase classname="OpenAIClient › makeRequest" name="should handle network errors" time="7.093">
    </testcase>
    <testcase classname="OpenAIClient › makeRequest" name="should handle timeouts" time="7.093">
    </testcase>
    <testcase classname="OpenAIClient › retry logic" name="should retry on transient errors" time="3.04">
    </testcase>
    <testcase classname="OpenAIClient › retry logic" name="should not retry on authentication errors" time="0.15">
    </testcase>
    <testcase classname="OpenAIClient › rate limiting" name="should track request count" time="0.006">
    </testcase>
    <testcase classname="OpenAIClient › rate limiting" name="should track token count" time="0">
    </testcase>
    <testcase classname="OpenAIClient › rate limiting" name="should reset counters after time window" time="0.003">
    </testcase>
    <testcase classname="OpenAIClient › rate limiting" name="should throw error when rate limit exceeded" time="0.047">
    </testcase>
    <testcase classname="OpenAIClient › performCodeReview" name="should perform code review successfully" time="0.157">
    </testcase>
    <testcase classname="OpenAIClient › performCodeReview" name="should handle review failure" time="7.039">
      <failure>Error: expect(received).toBe(expected) // Object.is equality

Expected: &quot;API unavailable&quot;
Received: &quot;Request failed after 4 attempts: Request failed: API unavailable&quot;
    at Object.toBe (C:\Users\eposh\OneDrive\Desktop\Dikshant\jenkins\github-review-plugin\src\utils\openai-client.test.js:444:28)</failure>
    </testcase>
    <testcase classname="OpenAIClient › response parsing" name="should parse valid JSON response" time="0.003">
    </testcase>
    <testcase classname="OpenAIClient › response parsing" name="should handle malformed JSON response" time="0.003">
    </testcase>
    <testcase classname="OpenAIClient › response parsing" name="should validate response structure" time="0.003">
    </testcase>
    <testcase classname="OpenAIClient › response parsing" name="should validate issue structure" time="0.002">
    </testcase>
    <testcase classname="OpenAIClient › token calculation" name="should calculate max tokens based on file content" time="0.003">
    </testcase>
    <testcase classname="OpenAIClient › token calculation" name="should handle empty files" time="0">
    </testcase>
    <testcase classname="OpenAIClient › token calculation" name="should respect max token limit" time="0.001">
    </testcase>
    <testcase classname="OpenAIClient › utility methods" name="should format file size correctly" time="0">
      <failure>TypeError: client.formatFileSize is not a function
    at Object.formatFileSize (C:\Users\eposh\OneDrive\Desktop\Dikshant\jenkins\github-review-plugin\src\utils\openai-client.test.js:562:21)
    at Promise.then.completed (C:\Users\eposh\OneDrive\Desktop\Dikshant\jenkins\github-review-plugin\node_modules\jest-circus\build\utils.js:298:28)
    at new Promise (&lt;anonymous&gt;)
    at callAsyncCircusFn (C:\Users\eposh\OneDrive\Desktop\Dikshant\jenkins\github-review-plugin\node_modules\jest-circus\build\utils.js:231:10)
    at _callCircusTest (C:\Users\eposh\OneDrive\Desktop\Dikshant\jenkins\github-review-plugin\node_modules\jest-circus\build\run.js:316:40)
    at _runTest (C:\Users\eposh\OneDrive\Desktop\Dikshant\jenkins\github-review-plugin\node_modules\jest-circus\build\run.js:252:3)
    at _runTestsForDescribeBlock (C:\Users\eposh\OneDrive\Desktop\Dikshant\jenkins\github-review-plugin\node_modules\jest-circus\build\run.js:126:9)
    at _runTestsForDescribeBlock (C:\Users\eposh\OneDrive\Desktop\Dikshant\jenkins\github-review-plugin\node_modules\jest-circus\build\run.js:121:9)
    at _runTestsForDescribeBlock (C:\Users\eposh\OneDrive\Desktop\Dikshant\jenkins\github-review-plugin\node_modules\jest-circus\build\run.js:121:9)
    at run (C:\Users\eposh\OneDrive\Desktop\Dikshant\jenkins\github-review-plugin\node_modules\jest-circus\build\run.js:71:3)
    at runAndTransformResultsToJestFormat (C:\Users\eposh\OneDrive\Desktop\Dikshant\jenkins\github-review-plugin\node_modules\jest-circus\build\legacy-code-todo-rewrite\jestAdapterInit.js:122:21)
    at jestAdapter (C:\Users\eposh\OneDrive\Desktop\Dikshant\jenkins\github-review-plugin\node_modules\jest-circus\build\legacy-code-todo-rewrite\jestAdapter.js:79:19)
    at runTestInternal (C:\Users\eposh\OneDrive\Desktop\Dikshant\jenkins\github-review-plugin\node_modules\jest-runner\build\runTest.js:367:16)
    at runTest (C:\Users\eposh\OneDrive\Desktop\Dikshant\jenkins\github-review-plugin\node_modules\jest-runner\build\runTest.js:444:34)
    at Object.worker (C:\Users\eposh\OneDrive\Desktop\Dikshant\jenkins\github-review-plugin\node_modules\jest-runner\build\testWorker.js:106:12)</failure>
    </testcase>
    <testcase classname="OpenAIClient › utility methods" name="should sleep for specified time" time="0.113">
    </testcase>
    <testcase classname="OpenAIClient › utility methods" name="should get configuration summary" time="0.001">
    </testcase>
    <testcase classname="OpenAIClient › utility methods" name="should get rate limit state" time="0.001">
    </testcase>
    <testcase classname="OpenAIClient › logging" name="should log info messages when enabled" time="0.001">
    </testcase>
    <testcase classname="OpenAIClient › logging" name="should log warning messages" time="0">
    </testcase>
    <testcase classname="OpenAIClient › logging" name="should log error messages" time="0.001">
    </testcase>
    <testcase classname="OpenAIClient › logging" name="should not log info when disabled" time="0">
    </testcase>
    <testcase classname="OpenAIClient › error handling" name="should handle missing API key" time="0.001">
    </testcase>
    <testcase classname="OpenAIClient › error handling" name="should handle invalid API key format" time="0.001">
    </testcase>
    <testcase classname="OpenAIClient › error handling" name="should handle response parsing errors" time="0">
    </testcase>
  </testsuite>
</testsuites>