<?xml version="1.0" encoding="UTF-8"?>
<testsuites name="jest tests" tests="887" failures="179" errors="0" time="46.659">
  <testsuite name="GitHubClient" errors="0" failures="8" skipped="0" timestamp="2025-09-04T10:16:35" time="2.76" tests="43">
    <testcase classname="GitHubClient Constructor should initialize with default options" name="GitHubClient Constructor should initialize with default options" time="0.031">
      <failure>Error: expect(received).toBe(expected) // Object.is equality

Expected: &quot;test-owner&quot;
Received: &quot;unknown&quot;
    at Object.toBe (C:\Users\eposh\OneDrive\Desktop\Dikshant\jenkins\github-review-plugin\src\utils\github-client.test.js:59:42)
    at Promise.then.completed (C:\Users\eposh\OneDrive\Desktop\Dikshant\jenkins\github-review-plugin\node_modules\jest-circus\build\utils.js:298:28)
    at new Promise (&lt;anonymous&gt;)
    at callAsyncCircusFn (C:\Users\eposh\OneDrive\Desktop\Dikshant\jenkins\github-review-plugin\node_modules\jest-circus\build\utils.js:231:10)
    at _callCircusTest (C:\Users\eposh\OneDrive\Desktop\Dikshant\jenkins\github-review-plugin\node_modules\jest-circus\build\run.js:316:40)
    at processTicksAndRejections (node:internal/process/task_queues:105:5)
    at _runTest (C:\Users\eposh\OneDrive\Desktop\Dikshant\jenkins\github-review-plugin\node_modules\jest-circus\build\run.js:252:3)
    at _runTestsForDescribeBlock (C:\Users\eposh\OneDrive\Desktop\Dikshant\jenkins\github-review-plugin\node_modules\jest-circus\build\run.js:126:9)
    at _runTestsForDescribeBlock (C:\Users\eposh\OneDrive\Desktop\Dikshant\jenkins\github-review-plugin\node_modules\jest-circus\build\run.js:121:9)
    at _runTestsForDescribeBlock (C:\Users\eposh\OneDrive\Desktop\Dikshant\jenkins\github-review-plugin\node_modules\jest-circus\build\run.js:121:9)
    at run (C:\Users\eposh\OneDrive\Desktop\Dikshant\jenkins\github-review-plugin\node_modules\jest-circus\build\run.js:71:3)
    at runAndTransformResultsToJestFormat (C:\Users\eposh\OneDrive\Desktop\Dikshant\jenkins\github-review-plugin\node_modules\jest-circus\build\legacy-code-todo-rewrite\jestAdapterInit.js:122:21)
    at jestAdapter (C:\Users\eposh\OneDrive\Desktop\Dikshant\jenkins\github-review-plugin\node_modules\jest-circus\build\legacy-code-todo-rewrite\jestAdapter.js:79:19)
    at runTestInternal (C:\Users\eposh\OneDrive\Desktop\Dikshant\jenkins\github-review-plugin\node_modules\jest-runner\build\runTest.js:367:16)
    at runTest (C:\Users\eposh\OneDrive\Desktop\Dikshant\jenkins\github-review-plugin\node_modules\jest-runner\build\runTest.js:444:34)
    at Object.worker (C:\Users\eposh\OneDrive\Desktop\Dikshant\jenkins\github-review-plugin\node_modules\jest-runner\build\testWorker.js:106:12)</failure>
    </testcase>
    <testcase classname="GitHubClient Constructor should initialize with custom options" name="GitHubClient Constructor should initialize with custom options" time="0.003">
    </testcase>
    <testcase classname="GitHubClient Constructor should throw error when no token provided" name="GitHubClient Constructor should throw error when no token provided" time="0.04">
    </testcase>
    <testcase classname="GitHubClient createReviewIssue should create GitHub issue successfully" name="GitHubClient createReviewIssue should create GitHub issue successfully" time="0.089">
      <failure>Error: expect(jest.fn()).toHaveBeenCalledWith(...expected)

- Expected
+ Received

  Object {
-   &quot;assignees&quot;: ArrayContaining [
+   &quot;assignees&quot;: Array [
      &quot;team-lead&quot;,
      &quot;test-user&quot;,
    ],
-   &quot;body&quot;: StringContaining &quot;AI Code Review Results&quot;,
-   &quot;labels&quot;: ArrayContaining [
+   &quot;body&quot;: &quot;## 🔍 AI Code Review Results
+
+ **Target Branch:** `main`  
+ **Highest Severity:** ![High](https://img.shields.io/badge/Severity-HIGH-red)  
+ **Review Status:** ❌ Failed
+
+ ### 📊 Severity Summary
+
+ 🔴 **High:** 1 issues
+ 🟡 **Medium:** 1 issues
+
+ ### 📝 Commit Information
+
+ **Source Branch:** `feature/test`  
+ **Target Branch:** `main`  
+ **Commit SHA:** `abc12345`  
+ **Author:** @test-user  
+ **Message:** `Test commit`
+
+ ### 📁 Files Reviewed
+
+ - `src/test.js`
+
+ ## 🚨 Issues Found
+
+ ### ![High](https://img.shields.io/badge/Severity-HIGH-red) ![Security](https://img.shields.io/badge/Category-Security-red) Security Issue
+
+ **File:** `src/test.js`  
+ **Line:** 10  
+ **Description:** Potential SQL injection
+
+ ```query = \&quot;SELECT * FROM users WHERE id = \&quot; + userId```
+
+ ## 💡 Recommendations
+
+ ### ![High](https://img.shields.io/badge/Severity-HIGH-red) Security Issue
+
+ **Recommendation:** Use parameterized queries
+
+ ---
+
+ **Review Duration:** 1500ms  
+ **Generated by:** AI Code Review System  
+ **Configuration:** production
+
+ ---
+ *This issue was automatically generated by the AI Code Review system. Please review the findings and take appropriate action.*&quot;,
+   &quot;labels&quot;: Array [
      &quot;ai-review&quot;,
      &quot;security&quot;,
      &quot;severity-high&quot;,
      &quot;env-production&quot;,
    ],
-   &quot;owner&quot;: &quot;test-owner&quot;,
-   &quot;repo&quot;: &quot;test-repo&quot;,
-   &quot;title&quot;: StringContaining &quot;Code Review [main]&quot;,
+   &quot;owner&quot;: &quot;unknown&quot;,
+   &quot;repo&quot;: &quot;unknown&quot;,
+   &quot;title&quot;: &quot;🔴 Code Review [main] - HIGH severity issues detected&quot;,
  },

Number of calls: 1
    at Object.toHaveBeenCalledWith (C:\Users\eposh\OneDrive\Desktop\Dikshant\jenkins\github-review-plugin\src\utils\github-client.test.js:166:46)
    at processTicksAndRejections (node:internal/process/task_queues:105:5)</failure>
    </testcase>
    <testcase classname="GitHubClient createReviewIssue should handle issue creation errors" name="GitHubClient createReviewIssue should handle issue creation errors" time="0.005">
    </testcase>
    <testcase classname="GitHubClient prepareIssueData should prepare issue data with high severity" name="GitHubClient prepareIssueData should prepare issue data with high severity" time="0.008">
    </testcase>
    <testcase classname="GitHubClient prepareIssueData should prepare issue data with medium severity" name="GitHubClient prepareIssueData should prepare issue data with medium severity" time="0.003">
    </testcase>
    <testcase classname="GitHubClient prepareIssueData should prepare issue data with low severity" name="GitHubClient prepareIssueData should prepare issue data with low severity" time="0.004">
    </testcase>
    <testcase classname="GitHubClient prepareIssueData should handle no issues found" name="GitHubClient prepareIssueData should handle no issues found" time="0.025">
    </testcase>
    <testcase classname="GitHubClient createStatusCheck should create success status check" name="GitHubClient createStatusCheck should create success status check" time="0.007">
      <failure>Error: expect(jest.fn()).toHaveBeenCalledWith(...expected)

- Expected
+ Received

  Object {
    &quot;context&quot;: &quot;ai-code-review/development&quot;,
    &quot;description&quot;: &quot;AI code review passed&quot;,
-   &quot;owner&quot;: &quot;test-owner&quot;,
-   &quot;repo&quot;: &quot;test-repo&quot;,
+   &quot;owner&quot;: &quot;unknown&quot;,
+   &quot;repo&quot;: &quot;unknown&quot;,
    &quot;sha&quot;: &quot;abc123456789&quot;,
    &quot;state&quot;: &quot;success&quot;,
-   &quot;target_url&quot;: Any&lt;String&gt;,
+   &quot;target_url&quot;: &quot;https://github.com/unknown/unknown/issues&quot;,
  },

Number of calls: 1
    at Object.toHaveBeenCalledWith (C:\Users\eposh\OneDrive\Desktop\Dikshant\jenkins\github-review-plugin\src\utils\github-client.test.js:390:57)
    at processTicksAndRejections (node:internal/process/task_queues:105:5)</failure>
    </testcase>
    <testcase classname="GitHubClient createStatusCheck should create failure status check for high severity issues" name="GitHubClient createStatusCheck should create failure status check for high severity issues" time="0.004">
      <failure>Error: expect(jest.fn()).toHaveBeenCalledWith(...expected)

- Expected
+ Received

  Object {
    &quot;context&quot;: &quot;ai-code-review/production&quot;,
    &quot;description&quot;: &quot;AI code review failed - high severity issues detected&quot;,
-   &quot;owner&quot;: &quot;test-owner&quot;,
-   &quot;repo&quot;: &quot;test-repo&quot;,
+   &quot;owner&quot;: &quot;unknown&quot;,
+   &quot;repo&quot;: &quot;unknown&quot;,
    &quot;sha&quot;: &quot;abc123456789&quot;,
    &quot;state&quot;: &quot;failure&quot;,
-   &quot;target_url&quot;: Any&lt;String&gt;,
+   &quot;target_url&quot;: &quot;https://github.com/unknown/unknown/issues&quot;,
  },

Number of calls: 1
    at Object.toHaveBeenCalledWith (C:\Users\eposh\OneDrive\Desktop\Dikshant\jenkins\github-review-plugin\src\utils\github-client.test.js:428:57)
    at processTicksAndRejections (node:internal/process/task_queues:105:5)</failure>
    </testcase>
    <testcase classname="GitHubClient createStatusCheck should create warning status check for low severity issues" name="GitHubClient createStatusCheck should create warning status check for low severity issues" time="0.001">
    </testcase>
    <testcase classname="GitHubClient createStatusCheck should handle override used in status check" name="GitHubClient createStatusCheck should handle override used in status check" time="0.001">
    </testcase>
    <testcase classname="GitHubClient getRepositoryInfo should get repository information successfully" name="GitHubClient getRepositoryInfo should get repository information successfully" time="0.006">
      <failure>Error: expect(jest.fn()).toHaveBeenCalledWith(...expected)

- Expected
+ Received

  Object {
-   &quot;owner&quot;: &quot;test-owner&quot;,
-   &quot;repo&quot;: &quot;test-repo&quot;,
+   &quot;owner&quot;: &quot;unknown&quot;,
+   &quot;repo&quot;: &quot;unknown&quot;,
  },

Number of calls: 1
    at Object.toHaveBeenCalledWith (C:\Users\eposh\OneDrive\Desktop\Dikshant\jenkins\github-review-plugin\src\utils\github-client.test.js:524:42)
    at processTicksAndRejections (node:internal/process/task_queues:105:5)</failure>
    </testcase>
    <testcase classname="GitHubClient getRepositoryInfo should handle repository info errors" name="GitHubClient getRepositoryInfo should handle repository info errors" time="0.002">
    </testcase>
    <testcase classname="GitHubClient getBranchProtection should get branch protection when enabled" name="GitHubClient getBranchProtection should get branch protection when enabled" time="0.009">
      <failure>Error: expect(jest.fn()).toHaveBeenCalledWith(...expected)

- Expected
+ Received

  Object {
    &quot;branch&quot;: &quot;main&quot;,
-   &quot;owner&quot;: &quot;test-owner&quot;,
-   &quot;repo&quot;: &quot;test-repo&quot;,
+   &quot;owner&quot;: &quot;unknown&quot;,
+   &quot;repo&quot;: &quot;unknown&quot;,
  },

Number of calls: 1
    at Object.toHaveBeenCalledWith (C:\Users\eposh\OneDrive\Desktop\Dikshant\jenkins\github-review-plugin\src\utils\github-client.test.js:574:58)
    at processTicksAndRejections (node:internal/process/task_queues:105:5)</failure>
    </testcase>
    <testcase classname="GitHubClient getBranchProtection should return disabled when branch protection not found" name="GitHubClient getBranchProtection should return disabled when branch protection not found" time="0.001">
    </testcase>
    <testcase classname="GitHubClient getBranchProtection should handle branch protection errors" name="GitHubClient getBranchProtection should handle branch protection errors" time="0.002">
    </testcase>
    <testcase classname="GitHubClient getCommitFiles should retrieve files from commit successfully" name="GitHubClient getCommitFiles should retrieve files from commit successfully" time="0.003">
      <failure>Error: expect(jest.fn()).toHaveBeenCalledWith(...expected)

- Expected
+ Received

  Object {
-   &quot;owner&quot;: &quot;test-owner&quot;,
+   &quot;owner&quot;: &quot;unknown&quot;,
    &quot;ref&quot;: &quot;abc123def456&quot;,
-   &quot;repo&quot;: &quot;test-repo&quot;,
+   &quot;repo&quot;: &quot;unknown&quot;,
  },

Number of calls: 1
    at Object.toHaveBeenCalledWith (C:\Users\eposh\OneDrive\Desktop\Dikshant\jenkins\github-review-plugin\src\utils\github-client.test.js:650:48)
    at processTicksAndRejections (node:internal/process/task_queues:105:5)</failure>
    </testcase>
    <testcase classname="GitHubClient getCommitFiles should handle commit with no files" name="GitHubClient getCommitFiles should handle commit with no files" time="0.012">
    </testcase>
    <testcase classname="GitHubClient getCommitFiles should handle commit response without files property" name="GitHubClient getCommitFiles should handle commit response without files property" time="0.001">
    </testcase>
    <testcase classname="GitHubClient getCommitFiles should handle null commit response" name="GitHubClient getCommitFiles should handle null commit response" time="0.001">
    </testcase>
    <testcase classname="GitHubClient getCommitFiles should handle files with missing optional properties" name="GitHubClient getCommitFiles should handle files with missing optional properties" time="0.001">
    </testcase>
    <testcase classname="GitHubClient getCommitFiles should throw error for invalid commit SHA" name="GitHubClient getCommitFiles should throw error for invalid commit SHA" time="0.004">
    </testcase>
    <testcase classname="GitHubClient getCommitFiles should handle GitHub API errors gracefully" name="GitHubClient getCommitFiles should handle GitHub API errors gracefully" time="0.001">
    </testcase>
    <testcase classname="GitHubClient getCommitFiles should handle network errors gracefully" name="GitHubClient getCommitFiles should handle network errors gracefully" time="0.002">
    </testcase>
    <testcase classname="GitHubClient getPullRequestFiles should retrieve files from pull request successfully" name="GitHubClient getPullRequestFiles should retrieve files from pull request successfully" time="0.005">
      <failure>Error: expect(jest.fn()).toHaveBeenCalledWith(...expected)

- Expected
+ Received

  Object {
-   &quot;owner&quot;: &quot;test-owner&quot;,
+   &quot;owner&quot;: &quot;unknown&quot;,
    &quot;pull_number&quot;: 123,
-   &quot;repo&quot;: &quot;test-repo&quot;,
+   &quot;repo&quot;: &quot;unknown&quot;,
  },

Number of calls: 1
    at Object.toHaveBeenCalledWith (C:\Users\eposh\OneDrive\Desktop\Dikshant\jenkins\github-review-plugin\src\utils\github-client.test.js:842:48)
    at processTicksAndRejections (node:internal/process/task_queues:105:5)</failure>
    </testcase>
    <testcase classname="GitHubClient getPullRequestFiles should handle pull request with no files" name="GitHubClient getPullRequestFiles should handle pull request with no files" time="0.001">
    </testcase>
    <testcase classname="GitHubClient getPullRequestFiles should handle PR response without data property" name="GitHubClient getPullRequestFiles should handle PR response without data property" time="0.001">
    </testcase>
    <testcase classname="GitHubClient getPullRequestFiles should handle null PR response" name="GitHubClient getPullRequestFiles should handle null PR response" time="0.003">
    </testcase>
    <testcase classname="GitHubClient getPullRequestFiles should handle files with missing optional properties" name="GitHubClient getPullRequestFiles should handle files with missing optional properties" time="0.003">
    </testcase>
    <testcase classname="GitHubClient getPullRequestFiles should throw error for invalid PR number" name="GitHubClient getPullRequestFiles should throw error for invalid PR number" time="0.023">
    </testcase>
    <testcase classname="GitHubClient getPullRequestFiles should handle GitHub API errors gracefully" name="GitHubClient getPullRequestFiles should handle GitHub API errors gracefully" time="0.003">
    </testcase>
    <testcase classname="GitHubClient getPullRequestFiles should handle network errors gracefully" name="GitHubClient getPullRequestFiles should handle network errors gracefully" time="0.003">
    </testcase>
    <testcase classname="GitHubClient Utility methods should get highest severity correctly" name="GitHubClient Utility methods should get highest severity correctly" time="0.001">
    </testcase>
    <testcase classname="GitHubClient Utility methods should get review status correctly" name="GitHubClient Utility methods should get review status correctly" time="0.001">
    </testcase>
    <testcase classname="GitHubClient Utility methods should get severity emoji correctly" name="GitHubClient Utility methods should get severity emoji correctly" time="0.002">
    </testcase>
    <testcase classname="GitHubClient Utility methods should get severity badge correctly" name="GitHubClient Utility methods should get severity badge correctly" time="0.002">
    </testcase>
    <testcase classname="GitHubClient Utility methods should get category badge correctly" name="GitHubClient Utility methods should get category badge correctly" time="0.006">
    </testcase>
    <testcase classname="GitHubClient Logging should log info messages when enabled" name="GitHubClient Logging should log info messages when enabled" time="0.002">
    </testcase>
    <testcase classname="GitHubClient Logging should not log info messages when disabled" name="GitHubClient Logging should not log info messages when disabled" time="0.003">
    </testcase>
    <testcase classname="GitHubClient Logging should log warning messages" name="GitHubClient Logging should log warning messages" time="0.001">
    </testcase>
    <testcase classname="GitHubClient Logging should log error messages" name="GitHubClient Logging should log error messages" time="0.001">
    </testcase>
  </testsuite>
  <testsuite name="FileFilter" errors="0" failures="15" skipped="0" timestamp="2025-09-04T10:16:35" time="2.742" tests="51">
    <testcase classname="FileFilter constructor should create instance with default configuration" name="FileFilter constructor should create instance with default configuration" time="0.022">
    </testcase>
    <testcase classname="FileFilter constructor should accept custom configuration" name="FileFilter constructor should accept custom configuration" time="0.001">
    </testcase>
    <testcase classname="FileFilter getDefaultExcludePatterns should return all required exclusion patterns" name="FileFilter getDefaultExcludePatterns should return all required exclusion patterns" time="0.003">
    </testcase>
    <testcase classname="FileFilter getDefaultExcludePatterns should have valid regex patterns" name="FileFilter getDefaultExcludePatterns should have valid regex patterns" time="0.002">
    </testcase>
    <testcase classname="FileFilter shouldExcludeFile should exclude database files" name="FileFilter shouldExcludeFile should exclude database files" time="0.007">
      <failure>Error: expect(received).toBe(expected) // Object.is equality

Expected: &quot;database&quot;
Received: &quot;extension&quot;
    at toBe (C:\Users\eposh\OneDrive\Desktop\Dikshant\jenkins\github-review-plugin\src\utils\file-filter.test.js:97:33)
    at Array.forEach (&lt;anonymous&gt;)
    at Object.forEach (C:\Users\eposh\OneDrive\Desktop\Dikshant\jenkins\github-review-plugin\src\utils\file-filter.test.js:94:17)
    at Promise.then.completed (C:\Users\eposh\OneDrive\Desktop\Dikshant\jenkins\github-review-plugin\node_modules\jest-circus\build\utils.js:298:28)
    at new Promise (&lt;anonymous&gt;)
    at callAsyncCircusFn (C:\Users\eposh\OneDrive\Desktop\Dikshant\jenkins\github-review-plugin\node_modules\jest-circus\build\utils.js:231:10)
    at _callCircusTest (C:\Users\eposh\OneDrive\Desktop\Dikshant\jenkins\github-review-plugin\node_modules\jest-circus\build\run.js:316:40)
    at processTicksAndRejections (node:internal/process/task_queues:105:5)
    at _runTest (C:\Users\eposh\OneDrive\Desktop\Dikshant\jenkins\github-review-plugin\node_modules\jest-circus\build\run.js:252:3)
    at _runTestsForDescribeBlock (C:\Users\eposh\OneDrive\Desktop\Dikshant\jenkins\github-review-plugin\node_modules\jest-circus\build\run.js:126:9)
    at _runTestsForDescribeBlock (C:\Users\eposh\OneDrive\Desktop\Dikshant\jenkins\github-review-plugin\node_modules\jest-circus\build\run.js:121:9)
    at _runTestsForDescribeBlock (C:\Users\eposh\OneDrive\Desktop\Dikshant\jenkins\github-review-plugin\node_modules\jest-circus\build\run.js:121:9)
    at run (C:\Users\eposh\OneDrive\Desktop\Dikshant\jenkins\github-review-plugin\node_modules\jest-circus\build\run.js:71:3)
    at runAndTransformResultsToJestFormat (C:\Users\eposh\OneDrive\Desktop\Dikshant\jenkins\github-review-plugin\node_modules\jest-circus\build\legacy-code-todo-rewrite\jestAdapterInit.js:122:21)
    at jestAdapter (C:\Users\eposh\OneDrive\Desktop\Dikshant\jenkins\github-review-plugin\node_modules\jest-circus\build\legacy-code-todo-rewrite\jestAdapter.js:79:19)
    at runTestInternal (C:\Users\eposh\OneDrive\Desktop\Dikshant\jenkins\github-review-plugin\node_modules\jest-runner\build\runTest.js:367:16)
    at runTest (C:\Users\eposh\OneDrive\Desktop\Dikshant\jenkins\github-review-plugin\node_modules\jest-runner\build\runTest.js:444:34)
    at Object.worker (C:\Users\eposh\OneDrive\Desktop\Dikshant\jenkins\github-review-plugin\node_modules\jest-runner\build\testWorker.js:106:12)</failure>
    </testcase>
    <testcase classname="FileFilter shouldExcludeFile should exclude environment files" name="FileFilter shouldExcludeFile should exclude environment files" time="0.01">
      <failure>Error: expect(received).toBe(expected) // Object.is equality

Expected: &quot;environment&quot;
Received: &quot;extension&quot;
    at toBe (C:\Users\eposh\OneDrive\Desktop\Dikshant\jenkins\github-review-plugin\src\utils\file-filter.test.js:113:33)
    at Array.forEach (&lt;anonymous&gt;)
    at Object.forEach (C:\Users\eposh\OneDrive\Desktop\Dikshant\jenkins\github-review-plugin\src\utils\file-filter.test.js:110:17)
    at Promise.then.completed (C:\Users\eposh\OneDrive\Desktop\Dikshant\jenkins\github-review-plugin\node_modules\jest-circus\build\utils.js:298:28)
    at new Promise (&lt;anonymous&gt;)
    at callAsyncCircusFn (C:\Users\eposh\OneDrive\Desktop\Dikshant\jenkins\github-review-plugin\node_modules\jest-circus\build\utils.js:231:10)
    at _callCircusTest (C:\Users\eposh\OneDrive\Desktop\Dikshant\jenkins\github-review-plugin\node_modules\jest-circus\build\run.js:316:40)
    at processTicksAndRejections (node:internal/process/task_queues:105:5)
    at _runTest (C:\Users\eposh\OneDrive\Desktop\Dikshant\jenkins\github-review-plugin\node_modules\jest-circus\build\run.js:252:3)
    at _runTestsForDescribeBlock (C:\Users\eposh\OneDrive\Desktop\Dikshant\jenkins\github-review-plugin\node_modules\jest-circus\build\run.js:126:9)
    at _runTestsForDescribeBlock (C:\Users\eposh\OneDrive\Desktop\Dikshant\jenkins\github-review-plugin\node_modules\jest-circus\build\run.js:121:9)
    at _runTestsForDescribeBlock (C:\Users\eposh\OneDrive\Desktop\Dikshant\jenkins\github-review-plugin\node_modules\jest-circus\build\run.js:121:9)
    at run (C:\Users\eposh\OneDrive\Desktop\Dikshant\jenkins\github-review-plugin\node_modules\jest-circus\build\run.js:71:3)
    at runAndTransformResultsToJestFormat (C:\Users\eposh\OneDrive\Desktop\Dikshant\jenkins\github-review-plugin\node_modules\jest-circus\build\legacy-code-todo-rewrite\jestAdapterInit.js:122:21)
    at jestAdapter (C:\Users\eposh\OneDrive\Desktop\Dikshant\jenkins\github-review-plugin\node_modules\jest-circus\build\legacy-code-todo-rewrite\jestAdapter.js:79:19)
    at runTestInternal (C:\Users\eposh\OneDrive\Desktop\Dikshant\jenkins\github-review-plugin\node_modules\jest-runner\build\runTest.js:367:16)
    at runTest (C:\Users\eposh\OneDrive\Desktop\Dikshant\jenkins\github-review-plugin\node_modules\jest-runner\build\runTest.js:444:34)
    at Object.worker (C:\Users\eposh\OneDrive\Desktop\Dikshant\jenkins\github-review-plugin\node_modules\jest-runner\build\testWorker.js:106:12)</failure>
    </testcase>
    <testcase classname="FileFilter shouldExcludeFile should exclude configuration files" name="FileFilter shouldExcludeFile should exclude configuration files" time="0.002">
      <failure>Error: expect(received).toBe(expected) // Object.is equality

Expected: &quot;config&quot;
Received: &quot;filename&quot;
    at toBe (C:\Users\eposh\OneDrive\Desktop\Dikshant\jenkins\github-review-plugin\src\utils\file-filter.test.js:130:33)
    at Array.forEach (&lt;anonymous&gt;)
    at Object.forEach (C:\Users\eposh\OneDrive\Desktop\Dikshant\jenkins\github-review-plugin\src\utils\file-filter.test.js:127:17)
    at Promise.then.completed (C:\Users\eposh\OneDrive\Desktop\Dikshant\jenkins\github-review-plugin\node_modules\jest-circus\build\utils.js:298:28)
    at new Promise (&lt;anonymous&gt;)
    at callAsyncCircusFn (C:\Users\eposh\OneDrive\Desktop\Dikshant\jenkins\github-review-plugin\node_modules\jest-circus\build\utils.js:231:10)
    at _callCircusTest (C:\Users\eposh\OneDrive\Desktop\Dikshant\jenkins\github-review-plugin\node_modules\jest-circus\build\run.js:316:40)
    at processTicksAndRejections (node:internal/process/task_queues:105:5)
    at _runTest (C:\Users\eposh\OneDrive\Desktop\Dikshant\jenkins\github-review-plugin\node_modules\jest-circus\build\run.js:252:3)
    at _runTestsForDescribeBlock (C:\Users\eposh\OneDrive\Desktop\Dikshant\jenkins\github-review-plugin\node_modules\jest-circus\build\run.js:126:9)
    at _runTestsForDescribeBlock (C:\Users\eposh\OneDrive\Desktop\Dikshant\jenkins\github-review-plugin\node_modules\jest-circus\build\run.js:121:9)
    at _runTestsForDescribeBlock (C:\Users\eposh\OneDrive\Desktop\Dikshant\jenkins\github-review-plugin\node_modules\jest-circus\build\run.js:121:9)
    at run (C:\Users\eposh\OneDrive\Desktop\Dikshant\jenkins\github-review-plugin\node_modules\jest-circus\build\run.js:71:3)
    at runAndTransformResultsToJestFormat (C:\Users\eposh\OneDrive\Desktop\Dikshant\jenkins\github-review-plugin\node_modules\jest-circus\build\legacy-code-todo-rewrite\jestAdapterInit.js:122:21)
    at jestAdapter (C:\Users\eposh\OneDrive\Desktop\Dikshant\jenkins\github-review-plugin\node_modules\jest-circus\build\legacy-code-todo-rewrite\jestAdapter.js:79:19)
    at runTestInternal (C:\Users\eposh\OneDrive\Desktop\Dikshant\jenkins\github-review-plugin\node_modules\jest-runner\build\runTest.js:367:16)
    at runTest (C:\Users\eposh\OneDrive\Desktop\Dikshant\jenkins\github-review-plugin\node_modules\jest-runner\build\runTest.js:444:34)
    at Object.worker (C:\Users\eposh\OneDrive\Desktop\Dikshant\jenkins\github-review-plugin\node_modules\jest-runner\build\testWorker.js:106:12)</failure>
    </testcase>
    <testcase classname="FileFilter shouldExcludeFile should exclude log files" name="FileFilter shouldExcludeFile should exclude log files" time="0.002">
      <failure>Error: expect(received).toBe(expected) // Object.is equality

Expected: &quot;logs&quot;
Received: &quot;extension&quot;
    at toBe (C:\Users\eposh\OneDrive\Desktop\Dikshant\jenkins\github-review-plugin\src\utils\file-filter.test.js:144:33)
    at Array.forEach (&lt;anonymous&gt;)
    at Object.forEach (C:\Users\eposh\OneDrive\Desktop\Dikshant\jenkins\github-review-plugin\src\utils\file-filter.test.js:141:17)
    at Promise.then.completed (C:\Users\eposh\OneDrive\Desktop\Dikshant\jenkins\github-review-plugin\node_modules\jest-circus\build\utils.js:298:28)
    at new Promise (&lt;anonymous&gt;)
    at callAsyncCircusFn (C:\Users\eposh\OneDrive\Desktop\Dikshant\jenkins\github-review-plugin\node_modules\jest-circus\build\utils.js:231:10)
    at _callCircusTest (C:\Users\eposh\OneDrive\Desktop\Dikshant\jenkins\github-review-plugin\node_modules\jest-circus\build\run.js:316:40)
    at processTicksAndRejections (node:internal/process/task_queues:105:5)
    at _runTest (C:\Users\eposh\OneDrive\Desktop\Dikshant\jenkins\github-review-plugin\node_modules\jest-circus\build\run.js:252:3)
    at _runTestsForDescribeBlock (C:\Users\eposh\OneDrive\Desktop\Dikshant\jenkins\github-review-plugin\node_modules\jest-circus\build\run.js:126:9)
    at _runTestsForDescribeBlock (C:\Users\eposh\OneDrive\Desktop\Dikshant\jenkins\github-review-plugin\node_modules\jest-circus\build\run.js:121:9)
    at _runTestsForDescribeBlock (C:\Users\eposh\OneDrive\Desktop\Dikshant\jenkins\github-review-plugin\node_modules\jest-circus\build\run.js:121:9)
    at run (C:\Users\eposh\OneDrive\Desktop\Dikshant\jenkins\github-review-plugin\node_modules\jest-circus\build\run.js:71:3)
    at runAndTransformResultsToJestFormat (C:\Users\eposh\OneDrive\Desktop\Dikshant\jenkins\github-review-plugin\node_modules\jest-circus\build\legacy-code-todo-rewrite\jestAdapterInit.js:122:21)
    at jestAdapter (C:\Users\eposh\OneDrive\Desktop\Dikshant\jenkins\github-review-plugin\node_modules\jest-circus\build\legacy-code-todo-rewrite\jestAdapter.js:79:19)
    at runTestInternal (C:\Users\eposh\OneDrive\Desktop\Dikshant\jenkins\github-review-plugin\node_modules\jest-runner\build\runTest.js:367:16)
    at runTest (C:\Users\eposh\OneDrive\Desktop\Dikshant\jenkins\github-review-plugin\node_modules\jest-runner\build\runTest.js:444:34)
    at Object.worker (C:\Users\eposh\OneDrive\Desktop\Dikshant\jenkins\github-review-plugin\node_modules\jest-runner\build\testWorker.js:106:12)</failure>
    </testcase>
    <testcase classname="FileFilter shouldExcludeFile should exclude confidential files" name="FileFilter shouldExcludeFile should exclude confidential files" time="0.005">
      <failure>Error: expect(received).toBe(expected) // Object.is equality

Expected: &quot;confidential&quot;
Received: &quot;extension&quot;
    at toBe (C:\Users\eposh\OneDrive\Desktop\Dikshant\jenkins\github-review-plugin\src\utils\file-filter.test.js:161:33)
    at Array.forEach (&lt;anonymous&gt;)
    at Object.forEach (C:\Users\eposh\OneDrive\Desktop\Dikshant\jenkins\github-review-plugin\src\utils\file-filter.test.js:158:17)
    at Promise.then.completed (C:\Users\eposh\OneDrive\Desktop\Dikshant\jenkins\github-review-plugin\node_modules\jest-circus\build\utils.js:298:28)
    at new Promise (&lt;anonymous&gt;)
    at callAsyncCircusFn (C:\Users\eposh\OneDrive\Desktop\Dikshant\jenkins\github-review-plugin\node_modules\jest-circus\build\utils.js:231:10)
    at _callCircusTest (C:\Users\eposh\OneDrive\Desktop\Dikshant\jenkins\github-review-plugin\node_modules\jest-circus\build\run.js:316:40)
    at processTicksAndRejections (node:internal/process/task_queues:105:5)
    at _runTest (C:\Users\eposh\OneDrive\Desktop\Dikshant\jenkins\github-review-plugin\node_modules\jest-circus\build\run.js:252:3)
    at _runTestsForDescribeBlock (C:\Users\eposh\OneDrive\Desktop\Dikshant\jenkins\github-review-plugin\node_modules\jest-circus\build\run.js:126:9)
    at _runTestsForDescribeBlock (C:\Users\eposh\OneDrive\Desktop\Dikshant\jenkins\github-review-plugin\node_modules\jest-circus\build\run.js:121:9)
    at _runTestsForDescribeBlock (C:\Users\eposh\OneDrive\Desktop\Dikshant\jenkins\github-review-plugin\node_modules\jest-circus\build\run.js:121:9)
    at run (C:\Users\eposh\OneDrive\Desktop\Dikshant\jenkins\github-review-plugin\node_modules\jest-circus\build\run.js:71:3)
    at runAndTransformResultsToJestFormat (C:\Users\eposh\OneDrive\Desktop\Dikshant\jenkins\github-review-plugin\node_modules\jest-circus\build\legacy-code-todo-rewrite\jestAdapterInit.js:122:21)
    at jestAdapter (C:\Users\eposh\OneDrive\Desktop\Dikshant\jenkins\github-review-plugin\node_modules\jest-circus\build\legacy-code-todo-rewrite\jestAdapter.js:79:19)
    at runTestInternal (C:\Users\eposh\OneDrive\Desktop\Dikshant\jenkins\github-review-plugin\node_modules\jest-runner\build\runTest.js:367:16)
    at runTest (C:\Users\eposh\OneDrive\Desktop\Dikshant\jenkins\github-review-plugin\node_modules\jest-runner\build\runTest.js:444:34)
    at Object.worker (C:\Users\eposh\OneDrive\Desktop\Dikshant\jenkins\github-review-plugin\node_modules\jest-runner\build\testWorker.js:106:12)</failure>
    </testcase>
    <testcase classname="FileFilter shouldExcludeFile should exclude image files" name="FileFilter shouldExcludeFile should exclude image files" time="0.003">
      <failure>Error: expect(received).toBe(expected) // Object.is equality

Expected: &quot;images&quot;
Received: &quot;extension&quot;
    at toBe (C:\Users\eposh\OneDrive\Desktop\Dikshant\jenkins\github-review-plugin\src\utils\file-filter.test.js:178:33)
    at Array.forEach (&lt;anonymous&gt;)
    at Object.forEach (C:\Users\eposh\OneDrive\Desktop\Dikshant\jenkins\github-review-plugin\src\utils\file-filter.test.js:175:17)
    at Promise.then.completed (C:\Users\eposh\OneDrive\Desktop\Dikshant\jenkins\github-review-plugin\node_modules\jest-circus\build\utils.js:298:28)
    at new Promise (&lt;anonymous&gt;)
    at callAsyncCircusFn (C:\Users\eposh\OneDrive\Desktop\Dikshant\jenkins\github-review-plugin\node_modules\jest-circus\build\utils.js:231:10)
    at _callCircusTest (C:\Users\eposh\OneDrive\Desktop\Dikshant\jenkins\github-review-plugin\node_modules\jest-circus\build\run.js:316:40)
    at processTicksAndRejections (node:internal/process/task_queues:105:5)
    at _runTest (C:\Users\eposh\OneDrive\Desktop\Dikshant\jenkins\github-review-plugin\node_modules\jest-circus\build\run.js:252:3)
    at _runTestsForDescribeBlock (C:\Users\eposh\OneDrive\Desktop\Dikshant\jenkins\github-review-plugin\node_modules\jest-circus\build\run.js:126:9)
    at _runTestsForDescribeBlock (C:\Users\eposh\OneDrive\Desktop\Dikshant\jenkins\github-review-plugin\node_modules\jest-circus\build\run.js:121:9)
    at _runTestsForDescribeBlock (C:\Users\eposh\OneDrive\Desktop\Dikshant\jenkins\github-review-plugin\node_modules\jest-circus\build\run.js:121:9)
    at run (C:\Users\eposh\OneDrive\Desktop\Dikshant\jenkins\github-review-plugin\node_modules\jest-circus\build\run.js:71:3)
    at runAndTransformResultsToJestFormat (C:\Users\eposh\OneDrive\Desktop\Dikshant\jenkins\github-review-plugin\node_modules\jest-circus\build\legacy-code-todo-rewrite\jestAdapterInit.js:122:21)
    at jestAdapter (C:\Users\eposh\OneDrive\Desktop\Dikshant\jenkins\github-review-plugin\node_modules\jest-circus\build\legacy-code-todo-rewrite\jestAdapter.js:79:19)
    at runTestInternal (C:\Users\eposh\OneDrive\Desktop\Dikshant\jenkins\github-review-plugin\node_modules\jest-runner\build\runTest.js:367:16)
    at runTest (C:\Users\eposh\OneDrive\Desktop\Dikshant\jenkins\github-review-plugin\node_modules\jest-runner\build\runTest.js:444:34)
    at Object.worker (C:\Users\eposh\OneDrive\Desktop\Dikshant\jenkins\github-review-plugin\node_modules\jest-runner\build\testWorker.js:106:12)</failure>
    </testcase>
    <testcase classname="FileFilter shouldExcludeFile should exclude binary files" name="FileFilter shouldExcludeFile should exclude binary files" time="0.003">
      <failure>Error: expect(received).toBe(expected) // Object.is equality

Expected: &quot;binary&quot;
Received: &quot;extension&quot;
    at toBe (C:\Users\eposh\OneDrive\Desktop\Dikshant\jenkins\github-review-plugin\src\utils\file-filter.test.js:195:33)
    at Array.forEach (&lt;anonymous&gt;)
    at Object.forEach (C:\Users\eposh\OneDrive\Desktop\Dikshant\jenkins\github-review-plugin\src\utils\file-filter.test.js:192:17)
    at Promise.then.completed (C:\Users\eposh\OneDrive\Desktop\Dikshant\jenkins\github-review-plugin\node_modules\jest-circus\build\utils.js:298:28)
    at new Promise (&lt;anonymous&gt;)
    at callAsyncCircusFn (C:\Users\eposh\OneDrive\Desktop\Dikshant\jenkins\github-review-plugin\node_modules\jest-circus\build\utils.js:231:10)
    at _callCircusTest (C:\Users\eposh\OneDrive\Desktop\Dikshant\jenkins\github-review-plugin\node_modules\jest-circus\build\run.js:316:40)
    at processTicksAndRejections (node:internal/process/task_queues:105:5)
    at _runTest (C:\Users\eposh\OneDrive\Desktop\Dikshant\jenkins\github-review-plugin\node_modules\jest-circus\build\run.js:252:3)
    at _runTestsForDescribeBlock (C:\Users\eposh\OneDrive\Desktop\Dikshant\jenkins\github-review-plugin\node_modules\jest-circus\build\run.js:126:9)
    at _runTestsForDescribeBlock (C:\Users\eposh\OneDrive\Desktop\Dikshant\jenkins\github-review-plugin\node_modules\jest-circus\build\run.js:121:9)
    at _runTestsForDescribeBlock (C:\Users\eposh\OneDrive\Desktop\Dikshant\jenkins\github-review-plugin\node_modules\jest-circus\build\run.js:121:9)
    at run (C:\Users\eposh\OneDrive\Desktop\Dikshant\jenkins\github-review-plugin\node_modules\jest-circus\build\run.js:71:3)
    at runAndTransformResultsToJestFormat (C:\Users\eposh\OneDrive\Desktop\Dikshant\jenkins\github-review-plugin\node_modules\jest-circus\build\legacy-code-todo-rewrite\jestAdapterInit.js:122:21)
    at jestAdapter (C:\Users\eposh\OneDrive\Desktop\Dikshant\jenkins\github-review-plugin\node_modules\jest-circus\build\legacy-code-todo-rewrite\jestAdapter.js:79:19)
    at runTestInternal (C:\Users\eposh\OneDrive\Desktop\Dikshant\jenkins\github-review-plugin\node_modules\jest-runner\build\runTest.js:367:16)
    at runTest (C:\Users\eposh\OneDrive\Desktop\Dikshant\jenkins\github-review-plugin\node_modules\jest-runner\build\runTest.js:444:34)
    at Object.worker (C:\Users\eposh\OneDrive\Desktop\Dikshant\jenkins\github-review-plugin\node_modules\jest-runner\build\testWorker.js:106:12)</failure>
    </testcase>
    <testcase classname="FileFilter shouldExcludeFile should exclude files in excluded directories" name="FileFilter shouldExcludeFile should exclude files in excluded directories" time="0.007">
      <failure>Error: expect(received).toBe(expected) // Object.is equality

Expected: true
Received: false
    at toBe (C:\Users\eposh\OneDrive\Desktop\Dikshant\jenkins\github-review-plugin\src\utils\file-filter.test.js:212:38)
    at Array.forEach (&lt;anonymous&gt;)
    at Object.forEach (C:\Users\eposh\OneDrive\Desktop\Dikshant\jenkins\github-review-plugin\src\utils\file-filter.test.js:210:17)
    at Promise.then.completed (C:\Users\eposh\OneDrive\Desktop\Dikshant\jenkins\github-review-plugin\node_modules\jest-circus\build\utils.js:298:28)
    at new Promise (&lt;anonymous&gt;)
    at callAsyncCircusFn (C:\Users\eposh\OneDrive\Desktop\Dikshant\jenkins\github-review-plugin\node_modules\jest-circus\build\utils.js:231:10)
    at _callCircusTest (C:\Users\eposh\OneDrive\Desktop\Dikshant\jenkins\github-review-plugin\node_modules\jest-circus\build\run.js:316:40)
    at processTicksAndRejections (node:internal/process/task_queues:105:5)
    at _runTest (C:\Users\eposh\OneDrive\Desktop\Dikshant\jenkins\github-review-plugin\node_modules\jest-circus\build\run.js:252:3)
    at _runTestsForDescribeBlock (C:\Users\eposh\OneDrive\Desktop\Dikshant\jenkins\github-review-plugin\node_modules\jest-circus\build\run.js:126:9)
    at _runTestsForDescribeBlock (C:\Users\eposh\OneDrive\Desktop\Dikshant\jenkins\github-review-plugin\node_modules\jest-circus\build\run.js:121:9)
    at _runTestsForDescribeBlock (C:\Users\eposh\OneDrive\Desktop\Dikshant\jenkins\github-review-plugin\node_modules\jest-circus\build\run.js:121:9)
    at run (C:\Users\eposh\OneDrive\Desktop\Dikshant\jenkins\github-review-plugin\node_modules\jest-circus\build\run.js:71:3)
    at runAndTransformResultsToJestFormat (C:\Users\eposh\OneDrive\Desktop\Dikshant\jenkins\github-review-plugin\node_modules\jest-circus\build\legacy-code-todo-rewrite\jestAdapterInit.js:122:21)
    at jestAdapter (C:\Users\eposh\OneDrive\Desktop\Dikshant\jenkins\github-review-plugin\node_modules\jest-circus\build\legacy-code-todo-rewrite\jestAdapter.js:79:19)
    at runTestInternal (C:\Users\eposh\OneDrive\Desktop\Dikshant\jenkins\github-review-plugin\node_modules\jest-runner\build\runTest.js:367:16)
    at runTest (C:\Users\eposh\OneDrive\Desktop\Dikshant\jenkins\github-review-plugin\node_modules\jest-runner\build\runTest.js:444:34)
    at Object.worker (C:\Users\eposh\OneDrive\Desktop\Dikshant\jenkins\github-review-plugin\node_modules\jest-runner\build\testWorker.js:106:12)</failure>
    </testcase>
    <testcase classname="FileFilter shouldExcludeFile should exclude files by name" name="FileFilter shouldExcludeFile should exclude files by name" time="0.004">
    </testcase>
    <testcase classname="FileFilter shouldExcludeFile should exclude files that exceed size limit" name="FileFilter shouldExcludeFile should exclude files that exceed size limit" time="0.003">
    </testcase>
    <testcase classname="FileFilter shouldExcludeFile should exclude directories" name="FileFilter shouldExcludeFile should exclude directories" time="0.001">
    </testcase>
    <testcase classname="FileFilter shouldExcludeFile should exclude inaccessible files" name="FileFilter shouldExcludeFile should exclude inaccessible files" time="0.001">
    </testcase>
    <testcase classname="FileFilter shouldExcludeFile should include valid source code files" name="FileFilter shouldExcludeFile should include valid source code files" time="0.005">
      <failure>Error: expect(received).toBe(expected) // Object.is equality

Expected: false
Received: true
    at toBe (C:\Users\eposh\OneDrive\Desktop\Dikshant\jenkins\github-review-plugin\src\utils\file-filter.test.js:281:38)
    at Array.forEach (&lt;anonymous&gt;)
    at Object.forEach (C:\Users\eposh\OneDrive\Desktop\Dikshant\jenkins\github-review-plugin\src\utils\file-filter.test.js:279:17)
    at Promise.then.completed (C:\Users\eposh\OneDrive\Desktop\Dikshant\jenkins\github-review-plugin\node_modules\jest-circus\build\utils.js:298:28)
    at new Promise (&lt;anonymous&gt;)
    at callAsyncCircusFn (C:\Users\eposh\OneDrive\Desktop\Dikshant\jenkins\github-review-plugin\node_modules\jest-circus\build\utils.js:231:10)
    at _callCircusTest (C:\Users\eposh\OneDrive\Desktop\Dikshant\jenkins\github-review-plugin\node_modules\jest-circus\build\run.js:316:40)
    at processTicksAndRejections (node:internal/process/task_queues:105:5)
    at _runTest (C:\Users\eposh\OneDrive\Desktop\Dikshant\jenkins\github-review-plugin\node_modules\jest-circus\build\run.js:252:3)
    at _runTestsForDescribeBlock (C:\Users\eposh\OneDrive\Desktop\Dikshant\jenkins\github-review-plugin\node_modules\jest-circus\build\run.js:126:9)
    at _runTestsForDescribeBlock (C:\Users\eposh\OneDrive\Desktop\Dikshant\jenkins\github-review-plugin\node_modules\jest-circus\build\run.js:121:9)
    at _runTestsForDescribeBlock (C:\Users\eposh\OneDrive\Desktop\Dikshant\jenkins\github-review-plugin\node_modules\jest-circus\build\run.js:121:9)
    at run (C:\Users\eposh\OneDrive\Desktop\Dikshant\jenkins\github-review-plugin\node_modules\jest-circus\build\run.js:71:3)
    at runAndTransformResultsToJestFormat (C:\Users\eposh\OneDrive\Desktop\Dikshant\jenkins\github-review-plugin\node_modules\jest-circus\build\legacy-code-todo-rewrite\jestAdapterInit.js:122:21)
    at jestAdapter (C:\Users\eposh\OneDrive\Desktop\Dikshant\jenkins\github-review-plugin\node_modules\jest-circus\build\legacy-code-todo-rewrite\jestAdapter.js:79:19)
    at runTestInternal (C:\Users\eposh\OneDrive\Desktop\Dikshant\jenkins\github-review-plugin\node_modules\jest-runner\build\runTest.js:367:16)
    at runTest (C:\Users\eposh\OneDrive\Desktop\Dikshant\jenkins\github-review-plugin\node_modules\jest-runner\build\runTest.js:444:34)
    at Object.worker (C:\Users\eposh\OneDrive\Desktop\Dikshant\jenkins\github-review-plugin\node_modules\jest-runner\build\testWorker.js:106:12)</failure>
    </testcase>
    <testcase classname="FileFilter shouldExcludeFile should respect include patterns when specified" name="FileFilter shouldExcludeFile should respect include patterns when specified" time="0.004">
    </testcase>
    <testcase classname="FileFilter filterFiles should filter a list of files correctly" name="FileFilter filterFiles should filter a list of files correctly" time="0.003">
    </testcase>
    <testcase classname="FileFilter filterFiles should respect file count limits" name="FileFilter filterFiles should respect file count limits" time="0.003">
      <failure>TypeError: Cannot read properties of undefined (reading &apos;category&apos;)
    at Object.category (C:\Users\eposh\OneDrive\Desktop\Dikshant\jenkins\github-review-plugin\src\utils\file-filter.test.js:338:33)
    at Promise.then.completed (C:\Users\eposh\OneDrive\Desktop\Dikshant\jenkins\github-review-plugin\node_modules\jest-circus\build\utils.js:298:28)
    at new Promise (&lt;anonymous&gt;)
    at callAsyncCircusFn (C:\Users\eposh\OneDrive\Desktop\Dikshant\jenkins\github-review-plugin\node_modules\jest-circus\build\utils.js:231:10)
    at _callCircusTest (C:\Users\eposh\OneDrive\Desktop\Dikshant\jenkins\github-review-plugin\node_modules\jest-circus\build\run.js:316:40)
    at processTicksAndRejections (node:internal/process/task_queues:105:5)
    at _runTest (C:\Users\eposh\OneDrive\Desktop\Dikshant\jenkins\github-review-plugin\node_modules\jest-circus\build\run.js:252:3)
    at _runTestsForDescribeBlock (C:\Users\eposh\OneDrive\Desktop\Dikshant\jenkins\github-review-plugin\node_modules\jest-circus\build\run.js:126:9)
    at _runTestsForDescribeBlock (C:\Users\eposh\OneDrive\Desktop\Dikshant\jenkins\github-review-plugin\node_modules\jest-circus\build\run.js:121:9)
    at _runTestsForDescribeBlock (C:\Users\eposh\OneDrive\Desktop\Dikshant\jenkins\github-review-plugin\node_modules\jest-circus\build\run.js:121:9)
    at run (C:\Users\eposh\OneDrive\Desktop\Dikshant\jenkins\github-review-plugin\node_modules\jest-circus\build\run.js:71:3)
    at runAndTransformResultsToJestFormat (C:\Users\eposh\OneDrive\Desktop\Dikshant\jenkins\github-review-plugin\node_modules\jest-circus\build\legacy-code-todo-rewrite\jestAdapterInit.js:122:21)
    at jestAdapter (C:\Users\eposh\OneDrive\Desktop\Dikshant\jenkins\github-review-plugin\node_modules\jest-circus\build\legacy-code-todo-rewrite\jestAdapter.js:79:19)
    at runTestInternal (C:\Users\eposh\OneDrive\Desktop\Dikshant\jenkins\github-review-plugin\node_modules\jest-runner\build\runTest.js:367:16)
    at runTest (C:\Users\eposh\OneDrive\Desktop\Dikshant\jenkins\github-review-plugin\node_modules\jest-runner\build\runTest.js:444:34)
    at Object.worker (C:\Users\eposh\OneDrive\Desktop\Dikshant\jenkins\github-review-plugin\node_modules\jest-runner\build\testWorker.js:106:12)</failure>
    </testcase>
    <testcase classname="FileFilter filterFiles should categorize excluded files correctly" name="FileFilter filterFiles should categorize excluded files correctly" time="0.003">
      <failure>Error: expect(received).toBe(expected) // Object.is equality

Expected: 1
Received: undefined
    at Object.toBe (C:\Users\eposh\OneDrive\Desktop\Dikshant\jenkins\github-review-plugin\src\utils\file-filter.test.js:355:50)
    at Promise.then.completed (C:\Users\eposh\OneDrive\Desktop\Dikshant\jenkins\github-review-plugin\node_modules\jest-circus\build\utils.js:298:28)
    at new Promise (&lt;anonymous&gt;)
    at callAsyncCircusFn (C:\Users\eposh\OneDrive\Desktop\Dikshant\jenkins\github-review-plugin\node_modules\jest-circus\build\utils.js:231:10)
    at _callCircusTest (C:\Users\eposh\OneDrive\Desktop\Dikshant\jenkins\github-review-plugin\node_modules\jest-circus\build\run.js:316:40)
    at processTicksAndRejections (node:internal/process/task_queues:105:5)
    at _runTest (C:\Users\eposh\OneDrive\Desktop\Dikshant\jenkins\github-review-plugin\node_modules\jest-circus\build\run.js:252:3)
    at _runTestsForDescribeBlock (C:\Users\eposh\OneDrive\Desktop\Dikshant\jenkins\github-review-plugin\node_modules\jest-circus\build\run.js:126:9)
    at _runTestsForDescribeBlock (C:\Users\eposh\OneDrive\Desktop\Dikshant\jenkins\github-review-plugin\node_modules\jest-circus\build\run.js:121:9)
    at _runTestsForDescribeBlock (C:\Users\eposh\OneDrive\Desktop\Dikshant\jenkins\github-review-plugin\node_modules\jest-circus\build\run.js:121:9)
    at run (C:\Users\eposh\OneDrive\Desktop\Dikshant\jenkins\github-review-plugin\node_modules\jest-circus\build\run.js:71:3)
    at runAndTransformResultsToJestFormat (C:\Users\eposh\OneDrive\Desktop\Dikshant\jenkins\github-review-plugin\node_modules\jest-circus\build\legacy-code-todo-rewrite\jestAdapterInit.js:122:21)
    at jestAdapter (C:\Users\eposh\OneDrive\Desktop\Dikshant\jenkins\github-review-plugin\node_modules\jest-circus\build\legacy-code-todo-rewrite\jestAdapter.js:79:19)
    at runTestInternal (C:\Users\eposh\OneDrive\Desktop\Dikshant\jenkins\github-review-plugin\node_modules\jest-runner\build\runTest.js:367:16)
    at runTest (C:\Users\eposh\OneDrive\Desktop\Dikshant\jenkins\github-review-plugin\node_modules\jest-runner\build\runTest.js:444:34)
    at Object.worker (C:\Users\eposh\OneDrive\Desktop\Dikshant\jenkins\github-review-plugin\node_modules\jest-runner\build\testWorker.js:106:12)</failure>
    </testcase>
    <testcase classname="FileFilter filterFiles should handle empty file list" name="FileFilter filterFiles should handle empty file list" time="0.001">
    </testcase>
    <testcase classname="FileFilter getFileStats should calculate file statistics correctly" name="FileFilter getFileStats should calculate file statistics correctly" time="0.005">
    </testcase>
    <testcase classname="FileFilter getFileStats should categorize files by extension" name="FileFilter getFileStats should categorize files by extension" time="0.007">
    </testcase>
    <testcase classname="FileFilter getFileStats should categorize files by type" name="FileFilter getFileStats should categorize files by type" time="0.001">
    </testcase>
    <testcase classname="FileFilter getFileStats should handle inaccessible files gracefully" name="FileFilter getFileStats should handle inaccessible files gracefully" time="0">
    </testcase>
    <testcase classname="FileFilter getFileCategory should categorize JavaScript files" name="FileFilter getFileCategory should categorize JavaScript files" time="0">
    </testcase>
    <testcase classname="FileFilter getFileCategory should categorize TypeScript files" name="FileFilter getFileCategory should categorize TypeScript files" time="0.001">
    </testcase>
    <testcase classname="FileFilter getFileCategory should categorize Python files" name="FileFilter getFileCategory should categorize Python files" time="0">
    </testcase>
    <testcase classname="FileFilter getFileCategory should categorize Java files" name="FileFilter getFileCategory should categorize Java files" time="0">
    </testcase>
    <testcase classname="FileFilter getFileCategory should categorize CSS files" name="FileFilter getFileCategory should categorize CSS files" time="0.001">
    </testcase>
    <testcase classname="FileFilter getFileCategory should categorize HTML files" name="FileFilter getFileCategory should categorize HTML files" time="0.001">
    </testcase>
    <testcase classname="FileFilter getFileCategory should categorize JSON files" name="FileFilter getFileCategory should categorize JSON files" time="0.001">
      <failure>Error: expect(received).toBe(expected) // Object.is equality

Expected: &quot;json&quot;
Received: &quot;config-json&quot;
    at Object.toBe (C:\Users\eposh\OneDrive\Desktop\Dikshant\jenkins\github-review-plugin\src\utils\file-filter.test.js:471:57)
    at Promise.then.completed (C:\Users\eposh\OneDrive\Desktop\Dikshant\jenkins\github-review-plugin\node_modules\jest-circus\build\utils.js:298:28)
    at new Promise (&lt;anonymous&gt;)
    at callAsyncCircusFn (C:\Users\eposh\OneDrive\Desktop\Dikshant\jenkins\github-review-plugin\node_modules\jest-circus\build\utils.js:231:10)
    at _callCircusTest (C:\Users\eposh\OneDrive\Desktop\Dikshant\jenkins\github-review-plugin\node_modules\jest-circus\build\run.js:316:40)
    at processTicksAndRejections (node:internal/process/task_queues:105:5)
    at _runTest (C:\Users\eposh\OneDrive\Desktop\Dikshant\jenkins\github-review-plugin\node_modules\jest-circus\build\run.js:252:3)
    at _runTestsForDescribeBlock (C:\Users\eposh\OneDrive\Desktop\Dikshant\jenkins\github-review-plugin\node_modules\jest-circus\build\run.js:126:9)
    at _runTestsForDescribeBlock (C:\Users\eposh\OneDrive\Desktop\Dikshant\jenkins\github-review-plugin\node_modules\jest-circus\build\run.js:121:9)
    at _runTestsForDescribeBlock (C:\Users\eposh\OneDrive\Desktop\Dikshant\jenkins\github-review-plugin\node_modules\jest-circus\build\run.js:121:9)
    at run (C:\Users\eposh\OneDrive\Desktop\Dikshant\jenkins\github-review-plugin\node_modules\jest-circus\build\run.js:71:3)
    at runAndTransformResultsToJestFormat (C:\Users\eposh\OneDrive\Desktop\Dikshant\jenkins\github-review-plugin\node_modules\jest-circus\build\legacy-code-todo-rewrite\jestAdapterInit.js:122:21)
    at jestAdapter (C:\Users\eposh\OneDrive\Desktop\Dikshant\jenkins\github-review-plugin\node_modules\jest-circus\build\legacy-code-todo-rewrite\jestAdapter.js:79:19)
    at runTestInternal (C:\Users\eposh\OneDrive\Desktop\Dikshant\jenkins\github-review-plugin\node_modules\jest-runner\build\runTest.js:367:16)
    at runTest (C:\Users\eposh\OneDrive\Desktop\Dikshant\jenkins\github-review-plugin\node_modules\jest-runner\build\runTest.js:444:34)
    at Object.worker (C:\Users\eposh\OneDrive\Desktop\Dikshant\jenkins\github-review-plugin\node_modules\jest-runner\build\testWorker.js:106:12)</failure>
    </testcase>
    <testcase classname="FileFilter getFileCategory should categorize shell scripts" name="FileFilter getFileCategory should categorize shell scripts" time="0.001">
    </testcase>
    <testcase classname="FileFilter getFileCategory should categorize unknown files as other" name="FileFilter getFileCategory should categorize unknown files as other" time="0">
    </testcase>
    <testcase classname="FileFilter formatFileSize should format bytes correctly" name="FileFilter formatFileSize should format bytes correctly" time="0.001">
    </testcase>
    <testcase classname="FileFilter formatFileSize should handle decimal sizes" name="FileFilter formatFileSize should handle decimal sizes" time="0.001">
    </testcase>
    <testcase classname="FileFilter validateConfig should validate correct configuration" name="FileFilter validateConfig should validate correct configuration" time="0">
    </testcase>
    <testcase classname="FileFilter validateConfig should detect invalid maxFileSize" name="FileFilter validateConfig should detect invalid maxFileSize" time="0">
    </testcase>
    <testcase classname="FileFilter validateConfig should detect invalid maxFiles" name="FileFilter validateConfig should detect invalid maxFiles" time="0.001">
      <failure>Error: expect(received).toBe(expected) // Object.is equality

Expected: false
Received: true
    at Object.toBe (C:\Users\eposh\OneDrive\Desktop\Dikshant\jenkins\github-review-plugin\src\utils\file-filter.test.js:517:30)
    at Promise.then.completed (C:\Users\eposh\OneDrive\Desktop\Dikshant\jenkins\github-review-plugin\node_modules\jest-circus\build\utils.js:298:28)
    at new Promise (&lt;anonymous&gt;)
    at callAsyncCircusFn (C:\Users\eposh\OneDrive\Desktop\Dikshant\jenkins\github-review-plugin\node_modules\jest-circus\build\utils.js:231:10)
    at _callCircusTest (C:\Users\eposh\OneDrive\Desktop\Dikshant\jenkins\github-review-plugin\node_modules\jest-circus\build\run.js:316:40)
    at processTicksAndRejections (node:internal/process/task_queues:105:5)
    at _runTest (C:\Users\eposh\OneDrive\Desktop\Dikshant\jenkins\github-review-plugin\node_modules\jest-circus\build\run.js:252:3)
    at _runTestsForDescribeBlock (C:\Users\eposh\OneDrive\Desktop\Dikshant\jenkins\github-review-plugin\node_modules\jest-circus\build\run.js:126:9)
    at _runTestsForDescribeBlock (C:\Users\eposh\OneDrive\Desktop\Dikshant\jenkins\github-review-plugin\node_modules\jest-circus\build\run.js:121:9)
    at _runTestsForDescribeBlock (C:\Users\eposh\OneDrive\Desktop\Dikshant\jenkins\github-review-plugin\node_modules\jest-circus\build\run.js:121:9)
    at run (C:\Users\eposh\OneDrive\Desktop\Dikshant\jenkins\github-review-plugin\node_modules\jest-circus\build\run.js:71:3)
    at runAndTransformResultsToJestFormat (C:\Users\eposh\OneDrive\Desktop\Dikshant\jenkins\github-review-plugin\node_modules\jest-circus\build\legacy-code-todo-rewrite\jestAdapterInit.js:122:21)
    at jestAdapter (C:\Users\eposh\OneDrive\Desktop\Dikshant\jenkins\github-review-plugin\node_modules\jest-circus\build\legacy-code-todo-rewrite\jestAdapter.js:79:19)
    at runTestInternal (C:\Users\eposh\OneDrive\Desktop\Dikshant\jenkins\github-review-plugin\node_modules\jest-runner\build\runTest.js:367:16)
    at runTest (C:\Users\eposh\OneDrive\Desktop\Dikshant\jenkins\github-review-plugin\node_modules\jest-runner\build\runTest.js:444:34)
    at Object.worker (C:\Users\eposh\OneDrive\Desktop\Dikshant\jenkins\github-review-plugin\node_modules\jest-runner\build\testWorker.js:106:12)</failure>
    </testcase>
    <testcase classname="FileFilter validateConfig should warn about large limits" name="FileFilter validateConfig should warn about large limits" time="0.001">
    </testcase>
    <testcase classname="FileFilter validateConfig should detect invalid regex patterns" name="FileFilter validateConfig should detect invalid regex patterns" time="0.001">
      <failure>Error: expect(received).toBe(expected) // Object.is equality

Expected: false
Received: true
    at Object.toBe (C:\Users\eposh\OneDrive\Desktop\Dikshant\jenkins\github-review-plugin\src\utils\file-filter.test.js:541:30)
    at Promise.then.completed (C:\Users\eposh\OneDrive\Desktop\Dikshant\jenkins\github-review-plugin\node_modules\jest-circus\build\utils.js:298:28)
    at new Promise (&lt;anonymous&gt;)
    at callAsyncCircusFn (C:\Users\eposh\OneDrive\Desktop\Dikshant\jenkins\github-review-plugin\node_modules\jest-circus\build\utils.js:231:10)
    at _callCircusTest (C:\Users\eposh\OneDrive\Desktop\Dikshant\jenkins\github-review-plugin\node_modules\jest-circus\build\run.js:316:40)
    at processTicksAndRejections (node:internal/process/task_queues:105:5)
    at _runTest (C:\Users\eposh\OneDrive\Desktop\Dikshant\jenkins\github-review-plugin\node_modules\jest-circus\build\run.js:252:3)
    at _runTestsForDescribeBlock (C:\Users\eposh\OneDrive\Desktop\Dikshant\jenkins\github-review-plugin\node_modules\jest-circus\build\run.js:126:9)
    at _runTestsForDescribeBlock (C:\Users\eposh\OneDrive\Desktop\Dikshant\jenkins\github-review-plugin\node_modules\jest-circus\build\run.js:121:9)
    at _runTestsForDescribeBlock (C:\Users\eposh\OneDrive\Desktop\Dikshant\jenkins\github-review-plugin\node_modules\jest-circus\build\run.js:121:9)
    at run (C:\Users\eposh\OneDrive\Desktop\Dikshant\jenkins\github-review-plugin\node_modules\jest-circus\build\run.js:71:3)
    at runAndTransformResultsToJestFormat (C:\Users\eposh\OneDrive\Desktop\Dikshant\jenkins\github-review-plugin\node_modules\jest-circus\build\legacy-code-todo-rewrite\jestAdapterInit.js:122:21)
    at jestAdapter (C:\Users\eposh\OneDrive\Desktop\Dikshant\jenkins\github-review-plugin\node_modules\jest-circus\build\legacy-code-todo-rewrite\jestAdapter.js:79:19)
    at runTestInternal (C:\Users\eposh\OneDrive\Desktop\Dikshant\jenkins\github-review-plugin\node_modules\jest-runner\build\runTest.js:367:16)
    at runTest (C:\Users\eposh\OneDrive\Desktop\Dikshant\jenkins\github-review-plugin\node_modules\jest-runner\build\runTest.js:444:34)
    at Object.worker (C:\Users\eposh\OneDrive\Desktop\Dikshant\jenkins\github-review-plugin\node_modules\jest-runner\build\testWorker.js:106:12)</failure>
    </testcase>
    <testcase classname="FileFilter getConfigSummary should return configuration summary" name="FileFilter getConfigSummary should return configuration summary" time="0.001">
    </testcase>
    <testcase classname="FileFilter getEnhancedFileCount should analyze files with complete metadata" name="FileFilter getEnhancedFileCount should analyze files with complete metadata" time="0.005">
    </testcase>
    <testcase classname="FileFilter getEnhancedFileCount should handle files with missing metadata" name="FileFilter getEnhancedFileCount should handle files with missing metadata" time="0.002">
      <failure>Error: expect(received).toBe(expected) // Object.is equality

Expected: 3
Received: 1
    at Object.toBe (C:\Users\eposh\OneDrive\Desktop\Dikshant\jenkins\github-review-plugin\src\utils\file-filter.test.js:647:38)
    at Promise.then.completed (C:\Users\eposh\OneDrive\Desktop\Dikshant\jenkins\github-review-plugin\node_modules\jest-circus\build\utils.js:298:28)
    at new Promise (&lt;anonymous&gt;)
    at callAsyncCircusFn (C:\Users\eposh\OneDrive\Desktop\Dikshant\jenkins\github-review-plugin\node_modules\jest-circus\build\utils.js:231:10)
    at _callCircusTest (C:\Users\eposh\OneDrive\Desktop\Dikshant\jenkins\github-review-plugin\node_modules\jest-circus\build\run.js:316:40)
    at processTicksAndRejections (node:internal/process/task_queues:105:5)
    at _runTest (C:\Users\eposh\OneDrive\Desktop\Dikshant\jenkins\github-review-plugin\node_modules\jest-circus\build\run.js:252:3)
    at _runTestsForDescribeBlock (C:\Users\eposh\OneDrive\Desktop\Dikshant\jenkins\github-review-plugin\node_modules\jest-circus\build\run.js:126:9)
    at _runTestsForDescribeBlock (C:\Users\eposh\OneDrive\Desktop\Dikshant\jenkins\github-review-plugin\node_modules\jest-circus\build\run.js:121:9)
    at _runTestsForDescribeBlock (C:\Users\eposh\OneDrive\Desktop\Dikshant\jenkins\github-review-plugin\node_modules\jest-circus\build\run.js:121:9)
    at run (C:\Users\eposh\OneDrive\Desktop\Dikshant\jenkins\github-review-plugin\node_modules\jest-circus\build\run.js:71:3)
    at runAndTransformResultsToJestFormat (C:\Users\eposh\OneDrive\Desktop\Dikshant\jenkins\github-review-plugin\node_modules\jest-circus\build\legacy-code-todo-rewrite\jestAdapterInit.js:122:21)
    at jestAdapter (C:\Users\eposh\OneDrive\Desktop\Dikshant\jenkins\github-review-plugin\node_modules\jest-circus\build\legacy-code-todo-rewrite\jestAdapter.js:79:19)
    at runTestInternal (C:\Users\eposh\OneDrive\Desktop\Dikshant\jenkins\github-review-plugin\node_modules\jest-runner\build\runTest.js:367:16)
    at runTest (C:\Users\eposh\OneDrive\Desktop\Dikshant\jenkins\github-review-plugin\node_modules\jest-runner\build\runTest.js:444:34)
    at Object.worker (C:\Users\eposh\OneDrive\Desktop\Dikshant\jenkins\github-review-plugin\node_modules\jest-runner\build\testWorker.js:106:12)</failure>
    </testcase>
    <testcase classname="FileFilter getEnhancedFileCount should categorize files by extension correctly" name="FileFilter getEnhancedFileCount should categorize files by extension correctly" time="0.002">
    </testcase>
    <testcase classname="FileFilter getEnhancedFileCount should analyze file sizes correctly" name="FileFilter getEnhancedFileCount should analyze file sizes correctly" time="0.002">
    </testcase>
    <testcase classname="FileFilter getEnhancedFileCount should analyze line counts correctly" name="FileFilter getEnhancedFileCount should analyze line counts correctly" time="0.001">
    </testcase>
    <testcase classname="FileFilter getEnhancedFileCount should handle empty file list" name="FileFilter getEnhancedFileCount should handle empty file list" time="0.005">
    </testcase>
    <testcase classname="FileFilter getEnhancedFileCount should validate file data integrity" name="FileFilter getEnhancedFileCount should validate file data integrity" time="0.002">
    </testcase>
    <testcase classname="FileFilter getEnhancedFileCount should calculate complexity scores correctly" name="FileFilter getEnhancedFileCount should calculate complexity scores correctly" time="0.001">
    </testcase>
  </testsuite>
  <testsuite name="QualityGates" errors="0" failures="17" skipped="0" timestamp="2025-09-04T10:16:35" time="2.909" tests="42">
    <testcase classname="QualityGates Constructor should initialize with default configuration" name="QualityGates Constructor should initialize with default configuration" time="0.021">
    </testcase>
    <testcase classname="QualityGates Constructor should accept custom configuration" name="QualityGates Constructor should accept custom configuration" time="0">
    </testcase>
    <testcase classname="QualityGates Constructor should initialize empty maps for results and metrics" name="QualityGates Constructor should initialize empty maps for results and metrics" time="0.003">
    </testcase>
    <testcase classname="QualityGates evaluateQualityGates should evaluate all quality gates successfully" name="QualityGates evaluateQualityGates should evaluate all quality gates successfully" time="0.169">
    </testcase>
    <testcase classname="QualityGates evaluateQualityGates should store metrics for the session" name="QualityGates evaluateQualityGates should store metrics for the session" time="0.01">
    </testcase>
    <testcase classname="QualityGates evaluateQualityGates should handle missing data gracefully" name="QualityGates evaluateQualityGates should handle missing data gracefully" time="0.008">
    </testcase>
    <testcase classname="QualityGates evaluateQualityGates should calculate overall score correctly" name="QualityGates evaluateQualityGates should calculate overall score correctly" time="0.014">
    </testcase>
    <testcase classname="QualityGates evaluateCoverageGate should pass when coverage meets thresholds" name="QualityGates evaluateCoverageGate should pass when coverage meets thresholds" time="0.002">
    </testcase>
    <testcase classname="QualityGates evaluateCoverageGate should fail when global coverage is below threshold" name="QualityGates evaluateCoverageGate should fail when global coverage is below threshold" time="0.002">
    </testcase>
    <testcase classname="QualityGates evaluateCoverageGate should handle missing coverage data" name="QualityGates evaluateCoverageGate should handle missing coverage data" time="0">
    </testcase>
    <testcase classname="QualityGates evaluateCoverageGate should check test type specific thresholds" name="QualityGates evaluateCoverageGate should check test type specific thresholds" time="0">
    </testcase>
    <testcase classname="QualityGates evaluateTestResultsGate should pass when all tests pass" name="QualityGates evaluateTestResultsGate should pass when all tests pass" time="0.007">
      <failure>Error: expect(received).toBe(expected) // Object.is equality

Expected: true
Received: 100
    at Object.toBe (C:\Users\eposh\OneDrive\Desktop\Dikshant\jenkins\github-review-plugin\tests\unit\quality-gates.test.js:214:29)
    at processTicksAndRejections (node:internal/process/task_queues:105:5)</failure>
    </testcase>
    <testcase classname="QualityGates evaluateTestResultsGate should fail when tests fail" name="QualityGates evaluateTestResultsGate should fail when tests fail" time="0">
      <failure>Error: expect(received).toBe(expected) // Object.is equality

Expected: false
Received: 90
    at Object.toBe (C:\Users\eposh\OneDrive\Desktop\Dikshant\jenkins\github-review-plugin\tests\unit\quality-gates.test.js:231:29)
    at processTicksAndRejections (node:internal/process/task_queues:105:5)</failure>
    </testcase>
    <testcase classname="QualityGates evaluateTestResultsGate should fail when execution time exceeds limit" name="QualityGates evaluateTestResultsGate should fail when execution time exceeds limit" time="0.001">
      <failure>Error: expect(received).toBe(expected) // Object.is equality

Expected: false
Received: 100
    at Object.toBe (C:\Users\eposh\OneDrive\Desktop\Dikshant\jenkins\github-review-plugin\tests\unit\quality-gates.test.js:248:29)
    at processTicksAndRejections (node:internal/process/task_queues:105:5)</failure>
    </testcase>
    <testcase classname="QualityGates evaluateTestResultsGate should handle missing test results" name="QualityGates evaluateTestResultsGate should handle missing test results" time="0.001">
    </testcase>
    <testcase classname="QualityGates evaluateTestResultsGate should fail when no tests were executed" name="QualityGates evaluateTestResultsGate should fail when no tests were executed" time="0.002">
      <failure>Error: expect(received).toContain(expected) // indexOf

Expected substring: &quot;No tests were executed&quot;
Received string:    &quot;All tests must pass to proceed&quot;
    at Object.toContain (C:\Users\eposh\OneDrive\Desktop\Dikshant\jenkins\github-review-plugin\tests\unit\quality-gates.test.js:275:33)
    at processTicksAndRejections (node:internal/process/task_queues:105:5)</failure>
    </testcase>
    <testcase classname="QualityGates evaluatePerformanceGate should pass when performance meets thresholds" name="QualityGates evaluatePerformanceGate should pass when performance meets thresholds" time="0.001">
    </testcase>
    <testcase classname="QualityGates evaluatePerformanceGate should fail when response time exceeds limit" name="QualityGates evaluatePerformanceGate should fail when response time exceeds limit" time="0.001">
    </testcase>
    <testcase classname="QualityGates evaluatePerformanceGate should fail when memory usage exceeds limit" name="QualityGates evaluatePerformanceGate should fail when memory usage exceeds limit" time="0.001">
    </testcase>
    <testcase classname="QualityGates evaluatePerformanceGate should handle missing performance data" name="QualityGates evaluatePerformanceGate should handle missing performance data" time="0.001">
    </testcase>
    <testcase classname="QualityGates evaluatePerformanceGate should penalize poor scalability" name="QualityGates evaluatePerformanceGate should penalize poor scalability" time="0.001">
      <failure>Error: expect(received).toBe(expected) // Object.is equality

Expected: 85
Received: 100
    at Object.toBe (C:\Users\eposh\OneDrive\Desktop\Dikshant\jenkins\github-review-plugin\tests\unit\quality-gates.test.js:335:28)
    at processTicksAndRejections (node:internal/process/task_queues:105:5)</failure>
    </testcase>
    <testcase classname="QualityGates evaluateSecurityGate should pass when no vulnerabilities are found" name="QualityGates evaluateSecurityGate should pass when no vulnerabilities are found" time="0.002">
      <failure>Error: expect(received).toContain(expected) // indexOf

Expected substring: &quot;No security vulnerabilities detected&quot;
Received string:    &quot;Security scan completed successfully&quot;
    at Object.toContain (C:\Users\eposh\OneDrive\Desktop\Dikshant\jenkins\github-review-plugin\tests\unit\quality-gates.test.js:347:33)
    at processTicksAndRejections (node:internal/process/task_queues:105:5)</failure>
    </testcase>
    <testcase classname="QualityGates evaluateSecurityGate should fail when vulnerabilities exceed threshold" name="QualityGates evaluateSecurityGate should fail when vulnerabilities exceed threshold" time="0.001">
      <failure>Error: Property `scanForVulnerabilities` does not exist in the provided object
    at ModuleMocker.spyOn (C:\Users\eposh\OneDrive\Desktop\Dikshant\jenkins\github-review-plugin\node_modules\jest-mock\build\index.js:731:13)
    at Object.spyOn (C:\Users\eposh\OneDrive\Desktop\Dikshant\jenkins\github-review-plugin\tests\unit\quality-gates.test.js:352:12)
    at Promise.then.completed (C:\Users\eposh\OneDrive\Desktop\Dikshant\jenkins\github-review-plugin\node_modules\jest-circus\build\utils.js:298:28)
    at new Promise (&lt;anonymous&gt;)
    at callAsyncCircusFn (C:\Users\eposh\OneDrive\Desktop\Dikshant\jenkins\github-review-plugin\node_modules\jest-circus\build\utils.js:231:10)
    at _callCircusTest (C:\Users\eposh\OneDrive\Desktop\Dikshant\jenkins\github-review-plugin\node_modules\jest-circus\build\run.js:316:40)
    at processTicksAndRejections (node:internal/process/task_queues:105:5)
    at _runTest (C:\Users\eposh\OneDrive\Desktop\Dikshant\jenkins\github-review-plugin\node_modules\jest-circus\build\run.js:252:3)
    at _runTestsForDescribeBlock (C:\Users\eposh\OneDrive\Desktop\Dikshant\jenkins\github-review-plugin\node_modules\jest-circus\build\run.js:126:9)
    at _runTestsForDescribeBlock (C:\Users\eposh\OneDrive\Desktop\Dikshant\jenkins\github-review-plugin\node_modules\jest-circus\build\run.js:121:9)
    at _runTestsForDescribeBlock (C:\Users\eposh\OneDrive\Desktop\Dikshant\jenkins\github-review-plugin\node_modules\jest-circus\build\run.js:121:9)
    at run (C:\Users\eposh\OneDrive\Desktop\Dikshant\jenkins\github-review-plugin\node_modules\jest-circus\build\run.js:71:3)
    at runAndTransformResultsToJestFormat (C:\Users\eposh\OneDrive\Desktop\Dikshant\jenkins\github-review-plugin\node_modules\jest-circus\build\legacy-code-todo-rewrite\jestAdapterInit.js:122:21)
    at jestAdapter (C:\Users\eposh\OneDrive\Desktop\Dikshant\jenkins\github-review-plugin\node_modules\jest-circus\build\legacy-code-todo-rewrite\jestAdapter.js:79:19)
    at runTestInternal (C:\Users\eposh\OneDrive\Desktop\Dikshant\jenkins\github-review-plugin\node_modules\jest-runner\build\runTest.js:367:16)
    at runTest (C:\Users\eposh\OneDrive\Desktop\Dikshant\jenkins\github-review-plugin\node_modules\jest-runner\build\runTest.js:444:34)
    at Object.worker (C:\Users\eposh\OneDrive\Desktop\Dikshant\jenkins\github-review-plugin\node_modules\jest-runner\build\testWorker.js:106:12)</failure>
    </testcase>
    <testcase classname="QualityGates evaluateSecurityGate should handle security scan failures" name="QualityGates evaluateSecurityGate should handle security scan failures" time="0.001">
      <failure>Error: Property `scanForVulnerabilities` does not exist in the provided object
    at ModuleMocker.spyOn (C:\Users\eposh\OneDrive\Desktop\Dikshant\jenkins\github-review-plugin\node_modules\jest-mock\build\index.js:731:13)
    at Object.spyOn (C:\Users\eposh\OneDrive\Desktop\Dikshant\jenkins\github-review-plugin\tests\unit\quality-gates.test.js:370:12)
    at Promise.then.completed (C:\Users\eposh\OneDrive\Desktop\Dikshant\jenkins\github-review-plugin\node_modules\jest-circus\build\utils.js:298:28)
    at new Promise (&lt;anonymous&gt;)
    at callAsyncCircusFn (C:\Users\eposh\OneDrive\Desktop\Dikshant\jenkins\github-review-plugin\node_modules\jest-circus\build\utils.js:231:10)
    at _callCircusTest (C:\Users\eposh\OneDrive\Desktop\Dikshant\jenkins\github-review-plugin\node_modules\jest-circus\build\run.js:316:40)
    at processTicksAndRejections (node:internal/process/task_queues:105:5)
    at _runTest (C:\Users\eposh\OneDrive\Desktop\Dikshant\jenkins\github-review-plugin\node_modules\jest-circus\build\run.js:252:3)
    at _runTestsForDescribeBlock (C:\Users\eposh\OneDrive\Desktop\Dikshant\jenkins\github-review-plugin\node_modules\jest-circus\build\run.js:126:9)
    at _runTestsForDescribeBlock (C:\Users\eposh\OneDrive\Desktop\Dikshant\jenkins\github-review-plugin\node_modules\jest-circus\build\run.js:121:9)
    at _runTestsForDescribeBlock (C:\Users\eposh\OneDrive\Desktop\Dikshant\jenkins\github-review-plugin\node_modules\jest-circus\build\run.js:121:9)
    at run (C:\Users\eposh\OneDrive\Desktop\Dikshant\jenkins\github-review-plugin\node_modules\jest-circus\build\run.js:71:3)
    at runAndTransformResultsToJestFormat (C:\Users\eposh\OneDrive\Desktop\Dikshant\jenkins\github-review-plugin\node_modules\jest-circus\build\legacy-code-todo-rewrite\jestAdapterInit.js:122:21)
    at jestAdapter (C:\Users\eposh\OneDrive\Desktop\Dikshant\jenkins\github-review-plugin\node_modules\jest-circus\build\legacy-code-todo-rewrite\jestAdapter.js:79:19)
    at runTestInternal (C:\Users\eposh\OneDrive\Desktop\Dikshant\jenkins\github-review-plugin\node_modules\jest-runner\build\runTest.js:367:16)
    at runTest (C:\Users\eposh\OneDrive\Desktop\Dikshant\jenkins\github-review-plugin\node_modules\jest-runner\build\runTest.js:444:34)
    at Object.worker (C:\Users\eposh\OneDrive\Desktop\Dikshant\jenkins\github-review-plugin\node_modules\jest-runner\build\testWorker.js:106:12)</failure>
    </testcase>
    <testcase classname="QualityGates evaluateCodeQualityGate should pass when code quality meets standards" name="QualityGates evaluateCodeQualityGate should pass when code quality meets standards" time="0.003">
      <failure>Error: expect(received).toContain(expected) // indexOf

Expected substring: &quot;No linting errors found&quot;
Received string:    &quot;Code quality checks completed successfully&quot;
    at Object.toContain (C:\Users\eposh\OneDrive\Desktop\Dikshant\jenkins\github-review-plugin\tests\unit\quality-gates.test.js:392:33)
    at processTicksAndRejections (node:internal/process/task_queues:105:5)</failure>
    </testcase>
    <testcase classname="QualityGates evaluateCodeQualityGate should fail when linting errors are found" name="QualityGates evaluateCodeQualityGate should fail when linting errors are found" time="0.001">
      <failure>Error: Property `runLintingCheck` does not exist in the provided object
    at ModuleMocker.spyOn (C:\Users\eposh\OneDrive\Desktop\Dikshant\jenkins\github-review-plugin\node_modules\jest-mock\build\index.js:731:13)
    at Object.spyOn (C:\Users\eposh\OneDrive\Desktop\Dikshant\jenkins\github-review-plugin\tests\unit\quality-gates.test.js:397:12)
    at Promise.then.completed (C:\Users\eposh\OneDrive\Desktop\Dikshant\jenkins\github-review-plugin\node_modules\jest-circus\build\utils.js:298:28)
    at new Promise (&lt;anonymous&gt;)
    at callAsyncCircusFn (C:\Users\eposh\OneDrive\Desktop\Dikshant\jenkins\github-review-plugin\node_modules\jest-circus\build\utils.js:231:10)
    at _callCircusTest (C:\Users\eposh\OneDrive\Desktop\Dikshant\jenkins\github-review-plugin\node_modules\jest-circus\build\run.js:316:40)
    at processTicksAndRejections (node:internal/process/task_queues:105:5)
    at _runTest (C:\Users\eposh\OneDrive\Desktop\Dikshant\jenkins\github-review-plugin\node_modules\jest-circus\build\run.js:252:3)
    at _runTestsForDescribeBlock (C:\Users\eposh\OneDrive\Desktop\Dikshant\jenkins\github-review-plugin\node_modules\jest-circus\build\run.js:126:9)
    at _runTestsForDescribeBlock (C:\Users\eposh\OneDrive\Desktop\Dikshant\jenkins\github-review-plugin\node_modules\jest-circus\build\run.js:121:9)
    at _runTestsForDescribeBlock (C:\Users\eposh\OneDrive\Desktop\Dikshant\jenkins\github-review-plugin\node_modules\jest-circus\build\run.js:121:9)
    at run (C:\Users\eposh\OneDrive\Desktop\Dikshant\jenkins\github-review-plugin\node_modules\jest-circus\build\run.js:71:3)
    at runAndTransformResultsToJestFormat (C:\Users\eposh\OneDrive\Desktop\Dikshant\jenkins\github-review-plugin\node_modules\jest-circus\build\legacy-code-todo-rewrite\jestAdapterInit.js:122:21)
    at jestAdapter (C:\Users\eposh\OneDrive\Desktop\Dikshant\jenkins\github-review-plugin\node_modules\jest-circus\build\legacy-code-todo-rewrite\jestAdapter.js:79:19)
    at runTestInternal (C:\Users\eposh\OneDrive\Desktop\Dikshant\jenkins\github-review-plugin\node_modules\jest-runner\build\runTest.js:367:16)
    at runTest (C:\Users\eposh\OneDrive\Desktop\Dikshant\jenkins\github-review-plugin\node_modules\jest-runner\build\runTest.js:444:34)
    at Object.worker (C:\Users\eposh\OneDrive\Desktop\Dikshant\jenkins\github-review-plugin\node_modules\jest-runner\build\testWorker.js:106:12)</failure>
    </testcase>
    <testcase classname="QualityGates evaluateCodeQualityGate should handle formatting issues" name="QualityGates evaluateCodeQualityGate should handle formatting issues" time="0.001">
      <failure>Error: Property `runFormattingCheck` does not exist in the provided object
    at ModuleMocker.spyOn (C:\Users\eposh\OneDrive\Desktop\Dikshant\jenkins\github-review-plugin\node_modules\jest-mock\build\index.js:731:13)
    at Object.spyOn (C:\Users\eposh\OneDrive\Desktop\Dikshant\jenkins\github-review-plugin\tests\unit\quality-gates.test.js:414:12)
    at Promise.then.completed (C:\Users\eposh\OneDrive\Desktop\Dikshant\jenkins\github-review-plugin\node_modules\jest-circus\build\utils.js:298:28)
    at new Promise (&lt;anonymous&gt;)
[...]
    </testcase>
    <testcase classname="FallbackHandler getManualReviewInstructions should add development-specific instructions for dev branch" name="FallbackHandler getManualReviewInstructions should add development-specific instructions for dev branch" time="0.001">
    </testcase>
    <testcase classname="FallbackHandler createDegradedReviewFallback should create degraded review fallback" name="FallbackHandler createDegradedReviewFallback should create degraded review fallback" time="0.002">
    </testcase>
    <testcase classname="FallbackHandler createDegradedReviewFallback should handle empty files array" name="FallbackHandler createDegradedReviewFallback should handle empty files array" time="0.003">
    </testcase>
    <testcase classname="FallbackHandler performBasicAnalysis should detect security vulnerabilities" name="FallbackHandler performBasicAnalysis should detect security vulnerabilities" time="0.001">
    </testcase>
    <testcase classname="FallbackHandler performBasicAnalysis should detect hardcoded credentials" name="FallbackHandler performBasicAnalysis should detect hardcoded credentials" time="0.001">
    </testcase>
    <testcase classname="FallbackHandler performBasicAnalysis should detect console.log in production code" name="FallbackHandler performBasicAnalysis should detect console.log in production code" time="0">
    </testcase>
    <testcase classname="FallbackHandler performBasicAnalysis should not flag console.log in test files" name="FallbackHandler performBasicAnalysis should not flag console.log in test files" time="0">
    </testcase>
    <testcase classname="FallbackHandler performBasicAnalysis should detect large files" name="FallbackHandler performBasicAnalysis should detect large files" time="0">
    </testcase>
    <testcase classname="FallbackHandler performBasicAnalysis should handle missing file properties" name="FallbackHandler performBasicAnalysis should handle missing file properties" time="0.001">
    </testcase>
    <testcase classname="FallbackHandler createEmergencyBypassFallback should create emergency bypass fallback" name="FallbackHandler createEmergencyBypassFallback should create emergency bypass fallback" time="0.003">
    </testcase>
    <testcase classname="FallbackHandler createEmergencyBypassFallback should use default reason when not provided" name="FallbackHandler createEmergencyBypassFallback should use default reason when not provided" time="0.001">
    </testcase>
    <testcase classname="FallbackHandler executeFallbackStrategy should execute retry strategy" name="FallbackHandler executeFallbackStrategy should execute retry strategy" time="0.006">
    </testcase>
    <testcase classname="FallbackHandler executeFallbackStrategy should execute simplified strategy" name="FallbackHandler executeFallbackStrategy should execute simplified strategy" time="0.02">
    </testcase>
    <testcase classname="FallbackHandler executeFallbackStrategy should execute degraded strategy" name="FallbackHandler executeFallbackStrategy should execute degraded strategy" time="0.016">
    </testcase>
    <testcase classname="FallbackHandler executeFallbackStrategy should execute manual strategy" name="FallbackHandler executeFallbackStrategy should execute manual strategy" time="0.011">
    </testcase>
    <testcase classname="FallbackHandler executeFallbackStrategy should execute emergency strategy" name="FallbackHandler executeFallbackStrategy should execute emergency strategy" time="0.003">
    </testcase>
    <testcase classname="FallbackHandler executeFallbackStrategy should handle unknown strategy" name="FallbackHandler executeFallbackStrategy should handle unknown strategy" time="0">
    </testcase>
    <testcase classname="FallbackHandler calculateRetryDelay should calculate exponential backoff" name="FallbackHandler calculateRetryDelay should calculate exponential backoff" time="0">
    </testcase>
    <testcase classname="FallbackHandler calculateRetryDelay should respect maximum delay" name="FallbackHandler calculateRetryDelay should respect maximum delay" time="0">
    </testcase>
    <testcase classname="FallbackHandler getConfiguration should return configuration" name="FallbackHandler getConfiguration should return configuration" time="0.001">
    </testcase>
    <testcase classname="FallbackHandler isEnabled should return true when fallbacks are enabled" name="FallbackHandler isEnabled should return true when fallbacks are enabled" time="0">
    </testcase>
    <testcase classname="FallbackHandler isEnabled should return false when fallbacks are disabled" name="FallbackHandler isEnabled should return false when fallbacks are disabled" time="0">
    </testcase>
  </testsuite>
  <testsuite name="HealthChecker" errors="0" failures="0" skipped="0" timestamp="2025-09-04T10:16:55" time="0.759" tests="28">
    <testcase classname="HealthChecker constructor should initialize with default config" name="HealthChecker constructor should initialize with default config" time="0.018">
    </testcase>
    <testcase classname="HealthChecker constructor should initialize with custom config" name="HealthChecker constructor should initialize with custom config" time="0">
    </testcase>
    <testcase classname="HealthChecker constructor should set critical services correctly" name="HealthChecker constructor should set critical services correctly" time="0.001">
    </testcase>
    <testcase classname="HealthChecker checkHttpService should return healthy status for successful response" name="HealthChecker checkHttpService should return healthy status for successful response" time="0.011">
    </testcase>
    <testcase classname="HealthChecker checkHttpService should return auth_error for 401 status" name="HealthChecker checkHttpService should return auth_error for 401 status" time="0.001">
    </testcase>
    <testcase classname="HealthChecker checkHttpService should return rate_limited for 429 status" name="HealthChecker checkHttpService should return rate_limited for 429 status" time="0.001">
    </testcase>
    <testcase classname="HealthChecker checkHttpService should return unhealthy for other error status codes" name="HealthChecker checkHttpService should return unhealthy for other error status codes" time="0">
    </testcase>
    <testcase classname="HealthChecker checkHttpService should handle request errors" name="HealthChecker checkHttpService should handle request errors" time="0.046">
    </testcase>
    <testcase classname="HealthChecker checkHttpService should handle request timeout" name="HealthChecker checkHttpService should handle request timeout" time="0.002">
    </testcase>
    <testcase classname="HealthChecker checkEmailService should return healthy status for successful connection" name="HealthChecker checkEmailService should return healthy status for successful connection" time="0.002">
    </testcase>
    <testcase classname="HealthChecker checkEmailService should handle connection errors" name="HealthChecker checkEmailService should handle connection errors" time="0.004">
    </testcase>
    <testcase classname="HealthChecker checkEmailService should handle connection timeout" name="HealthChecker checkEmailService should handle connection timeout" time="0.017">
    </testcase>
    <testcase classname="HealthChecker caching should cache health results" name="HealthChecker caching should cache health results" time="0.016">
    </testcase>
    <testcase classname="HealthChecker caching should clear cache when timeout expires" name="HealthChecker caching should clear cache when timeout expires" time="0.002">
    </testcase>
    <testcase classname="HealthChecker caching should clear specific service cache" name="HealthChecker caching should clear specific service cache" time="0.001">
    </testcase>
    <testcase classname="HealthChecker caching should clear all cache" name="HealthChecker caching should clear all cache" time="0.001">
    </testcase>
    <testcase classname="HealthChecker getSystemHealth should return healthy status when all critical services are healthy" name="HealthChecker getSystemHealth should return healthy status when all critical services are healthy" time="0.003">
    </testcase>
    <testcase classname="HealthChecker getSystemHealth should return degraded status when some critical services are unhealthy" name="HealthChecker getSystemHealth should return degraded status when some critical services are unhealthy" time="0.004">
    </testcase>
    <testcase classname="HealthChecker getSystemHealth should return critical status when all critical services are unhealthy" name="HealthChecker getSystemHealth should return critical status when all critical services are unhealthy" time="0.006">
    </testcase>
    <testcase classname="HealthChecker getHealthRecommendations should return critical recommendation when system is critical" name="HealthChecker getHealthRecommendations should return critical recommendation when system is critical" time="0.001">
    </testcase>
    <testcase classname="HealthChecker getHealthRecommendations should return high priority recommendation when system is degraded" name="HealthChecker getHealthRecommendations should return high priority recommendation when system is degraded" time="0">
    </testcase>
    <testcase classname="HealthChecker getHealthRecommendations should return auth error recommendation" name="HealthChecker getHealthRecommendations should return auth error recommendation" time="0">
    </testcase>
    <testcase classname="HealthChecker getHealthRecommendations should return rate limit recommendation" name="HealthChecker getHealthRecommendations should return rate limit recommendation" time="0.001">
    </testcase>
    <testcase classname="HealthChecker getHealthRecommendations should return slow response recommendation" name="HealthChecker getHealthRecommendations should return slow response recommendation" time="0">
    </testcase>
    <testcase classname="HealthChecker service management should add custom service" name="HealthChecker service management should add custom service" time="0">
    </testcase>
    <testcase classname="HealthChecker service management should remove service" name="HealthChecker service management should remove service" time="0">
    </testcase>
    <testcase classname="HealthChecker service management should throw error for unknown service" name="HealthChecker service management should throw error for unknown service" time="0.002">
    </testcase>
    <testcase classname="HealthChecker generateHealthReport should generate comprehensive health report" name="HealthChecker generateHealthReport should generate comprehensive health report" time="0.001">
    </testcase>
  </testsuite>
  <testsuite name="OpenAIClient" errors="0" failures="2" skipped="0" timestamp="2025-09-04T10:16:35" time="26.815" tests="36">
    <testcase classname="OpenAIClient constructor should create instance with default configuration" name="OpenAIClient constructor should create instance with default configuration" time="0.026">
    </testcase>
    <testcase classname="OpenAIClient constructor should accept custom configuration" name="OpenAIClient constructor should accept custom configuration" time="0.001">
    </testcase>
    <testcase classname="OpenAIClient constructor should validate API key format" name="OpenAIClient constructor should validate API key format" time="0.084">
    </testcase>
    <testcase classname="OpenAIClient constructor should validate timeout" name="OpenAIClient constructor should validate timeout" time="0.003">
    </testcase>
    <testcase classname="OpenAIClient constructor should validate max retries" name="OpenAIClient constructor should validate max retries" time="0.003">
    </testcase>
    <testcase classname="OpenAIClient constructor should validate temperature" name="OpenAIClient constructor should validate temperature" time="0.003">
    </testcase>
    <testcase classname="OpenAIClient makeRequest should make successful API request" name="OpenAIClient makeRequest should make successful API request" time="0.005">
    </testcase>
    <testcase classname="OpenAIClient makeRequest should handle API errors" name="OpenAIClient makeRequest should handle API errors" time="0.006">
    </testcase>
    <testcase classname="OpenAIClient makeRequest should handle network errors" name="OpenAIClient makeRequest should handle network errors" time="7.093">
    </testcase>
    <testcase classname="OpenAIClient makeRequest should handle timeouts" name="OpenAIClient makeRequest should handle timeouts" time="7.093">
    </testcase>
    <testcase classname="OpenAIClient retry logic should retry on transient errors" name="OpenAIClient retry logic should retry on transient errors" time="3.04">
    </testcase>
    <testcase classname="OpenAIClient retry logic should not retry on authentication errors" name="OpenAIClient retry logic should not retry on authentication errors" time="0.15">
    </testcase>
    <testcase classname="OpenAIClient rate limiting should track request count" name="OpenAIClient rate limiting should track request count" time="0.006">
    </testcase>
    <testcase classname="OpenAIClient rate limiting should track token count" name="OpenAIClient rate limiting should track token count" time="0">
    </testcase>
    <testcase classname="OpenAIClient rate limiting should reset counters after time window" name="OpenAIClient rate limiting should reset counters after time window" time="0.003">
    </testcase>
    <testcase classname="OpenAIClient rate limiting should throw error when rate limit exceeded" name="OpenAIClient rate limiting should throw error when rate limit exceeded" time="0.047">
    </testcase>
    <testcase classname="OpenAIClient performCodeReview should perform code review successfully" name="OpenAIClient performCodeReview should perform code review successfully" time="0.157">
    </testcase>
    <testcase classname="OpenAIClient performCodeReview should handle review failure" name="OpenAIClient performCodeReview should handle review failure" time="7.039">
      <failure>Error: expect(received).toBe(expected) // Object.is equality

Expected: &quot;API unavailable&quot;
Received: &quot;Request failed after 4 attempts: Request failed: API unavailable&quot;
    at Object.toBe (C:\Users\eposh\OneDrive\Desktop\Dikshant\jenkins\github-review-plugin\src\utils\openai-client.test.js:444:28)</failure>
    </testcase>
    <testcase classname="OpenAIClient response parsing should parse valid JSON response" name="OpenAIClient response parsing should parse valid JSON response" time="0.003">
    </testcase>
    <testcase classname="OpenAIClient response parsing should handle malformed JSON response" name="OpenAIClient response parsing should handle malformed JSON response" time="0.003">
    </testcase>
    <testcase classname="OpenAIClient response parsing should validate response structure" name="OpenAIClient response parsing should validate response structure" time="0.003">
    </testcase>
    <testcase classname="OpenAIClient response parsing should validate issue structure" name="OpenAIClient response parsing should validate issue structure" time="0.002">
    </testcase>
    <testcase classname="OpenAIClient token calculation should calculate max tokens based on file content" name="OpenAIClient token calculation should calculate max tokens based on file content" time="0.003">
    </testcase>
    <testcase classname="OpenAIClient token calculation should handle empty files" name="OpenAIClient token calculation should handle empty files" time="0">
    </testcase>
    <testcase classname="OpenAIClient token calculation should respect max token limit" name="OpenAIClient token calculation should respect max token limit" time="0.001">
    </testcase>
    <testcase classname="OpenAIClient utility methods should format file size correctly" name="OpenAIClient utility methods should format file size correctly" time="0">
      <failure>TypeError: client.formatFileSize is not a function
    at Object.formatFileSize (C:\Users\eposh\OneDrive\Desktop\Dikshant\jenkins\github-review-plugin\src\utils\openai-client.test.js:562:21)
    at Promise.then.completed (C:\Users\eposh\OneDrive\Desktop\Dikshant\jenkins\github-review-plugin\node_modules\jest-circus\build\utils.js:298:28)
    at new Promise (&lt;anonymous&gt;)
    at callAsyncCircusFn (C:\Users\eposh\OneDrive\Desktop\Dikshant\jenkins\github-review-plugin\node_modules\jest-circus\build\utils.js:231:10)
    at _callCircusTest (C:\Users\eposh\OneDrive\Desktop\Dikshant\jenkins\github-review-plugin\node_modules\jest-circus\build\run.js:316:40)
    at _runTest (C:\Users\eposh\OneDrive\Desktop\Dikshant\jenkins\github-review-plugin\node_modules\jest-circus\build\run.js:252:3)
    at _runTestsForDescribeBlock (C:\Users\eposh\OneDrive\Desktop\Dikshant\jenkins\github-review-plugin\node_modules\jest-circus\build\run.js:126:9)
    at _runTestsForDescribeBlock (C:\Users\eposh\OneDrive\Desktop\Dikshant\jenkins\github-review-plugin\node_modules\jest-circus\build\run.js:121:9)
    at _runTestsForDescribeBlock (C:\Users\eposh\OneDrive\Desktop\Dikshant\jenkins\github-review-plugin\node_modules\jest-circus\build\run.js:121:9)
    at run (C:\Users\eposh\OneDrive\Desktop\Dikshant\jenkins\github-review-plugin\node_modules\jest-circus\build\run.js:71:3)
    at runAndTransformResultsToJestFormat (C:\Users\eposh\OneDrive\Desktop\Dikshant\jenkins\github-review-plugin\node_modules\jest-circus\build\legacy-code-todo-rewrite\jestAdapterInit.js:122:21)
    at jestAdapter (C:\Users\eposh\OneDrive\Desktop\Dikshant\jenkins\github-review-plugin\node_modules\jest-circus\build\legacy-code-todo-rewrite\jestAdapter.js:79:19)
    at runTestInternal (C:\Users\eposh\OneDrive\Desktop\Dikshant\jenkins\github-review-plugin\node_modules\jest-runner\build\runTest.js:367:16)
    at runTest (C:\Users\eposh\OneDrive\Desktop\Dikshant\jenkins\github-review-plugin\node_modules\jest-runner\build\runTest.js:444:34)
    at Object.worker (C:\Users\eposh\OneDrive\Desktop\Dikshant\jenkins\github-review-plugin\node_modules\jest-runner\build\testWorker.js:106:12)</failure>
    </testcase>
    <testcase classname="OpenAIClient utility methods should sleep for specified time" name="OpenAIClient utility methods should sleep for specified time" time="0.113">
    </testcase>
    <testcase classname="OpenAIClient utility methods should get configuration summary" name="OpenAIClient utility methods should get configuration summary" time="0.001">
    </testcase>
    <testcase classname="OpenAIClient utility methods should get rate limit state" name="OpenAIClient utility methods should get rate limit state" time="0.001">
    </testcase>
    <testcase classname="OpenAIClient logging should log info messages when enabled" name="OpenAIClient logging should log info messages when enabled" time="0.001">
    </testcase>
    <testcase classname="OpenAIClient logging should log warning messages" name="OpenAIClient logging should log warning messages" time="0">
    </testcase>
    <testcase classname="OpenAIClient logging should log error messages" name="OpenAIClient logging should log error messages" time="0.001">
    </testcase>
    <testcase classname="OpenAIClient logging should not log info when disabled" name="OpenAIClient logging should not log info when disabled" time="0">
    </testcase>
    <testcase classname="OpenAIClient error handling should handle missing API key" name="OpenAIClient error handling should handle missing API key" time="0.001">
    </testcase>
    <testcase classname="OpenAIClient error handling should handle invalid API key format" name="OpenAIClient error handling should handle invalid API key format" time="0.001">
    </testcase>
    <testcase classname="OpenAIClient error handling should handle response parsing errors" name="OpenAIClient error handling should handle response parsing errors" time="0">
    </testcase>
  </testsuite>
</testsuites>